<?xml version="1.0" encoding="UTF-8"?>
<TestRun id="153687a4-3020-434f-ae3f-9463e3b6820f" name="lenovo@WSCNS400_V 2012-03-20 18:29:24" runUser="WSCNS400_V\lenovo" xmlns="http://microsoft.com/schemas/VisualStudio/TeamTest/2010">
  <TestSettings name="Local" id="4c445a77-c5eb-4fa4-a307-8d69a027c82f">
    <Description>These are default test settings for a local test run.</Description>
    <Deployment enabled="false" runDeploymentRoot="lenovo_WSCNS400_V 2012-03-20 18_29_24">
      <DeploymentItem filename="F:\InternalFramework\Brilliantech.Framework\Brilliantech.Framework\bin\Debug\Brilliantech.Framework.dll" />
      <DeploymentItem filename="C:\Users\lenovo\Desktop\项目\用户管理\Code\SessionManager\SessionManager\bin\Debug\MongoDB.Bson.dll" />
      <DeploymentItem filename="C:\Users\lenovo\Desktop\SVW_KSK_SYSTEM_TRUNK_CODE_new\DataFactory1\bin\Release\DataCollection.dll" />
      <DeploymentItem filename="C:\Users\lenovo\Desktop\项目\用户管理\Code\SessionManager\SessionManager\bin\Debug\MongoDB.Driver.dll" />
    </Deployment>
    <Execution>
      <TestTypeSpecific />
      <AgentRule name="Execution Agents">
      </AgentRule>
    </Execution>
  </TestSettings>
  <Times creation="2012-03-20T18:29:24.7561662+08:00" queuing="2012-03-20T18:29:24.8091692+08:00" start="2012-03-20T18:29:24.8331706+08:00" finish="2012-03-20T18:29:25.3421997+08:00" />
  <ResultSummary outcome="Completed">
    <Counters total="1" executed="1" passed="1" error="0" failed="0" timeout="0" aborted="0" inconclusive="0" passedButRunAborted="0" notRunnable="0" notExecuted="0" disconnected="0" warning="0" completed="0" inProgress="0" pending="0" />
  </ResultSummary>
  <TestDefinitions>
    <UnitTest name="GetEnumContentTest" storage="f:\internalframework\brilliantech.framework\testprojectframework\bin\debug\testprojectframework.dll" id="8d2b3504-7cc1-0102-14b7-7f942e4f1573">
      <Execution id="5ada9544-5b2d-49ff-a95c-d4f8f72db5cb" />
      <TestMethod codeBase="F:/InternalFramework/Brilliantech.Framework/TestProjectFramework/bin/Debug/TestProjectFramework.DLL" adapterTypeName="Microsoft.VisualStudio.TestTools.TestTypes.Unit.UnitTestAdapter, Microsoft.VisualStudio.QualityTools.Tips.UnitTest.Adapter, Version=10.0.0.0, Culture=neutral, PublicKeyToken=b03f5f7f11d50a3a" className="TestProjectFramework.EnumContainerTest, TestProjectFramework, Version=1.0.0.0, Culture=neutral, PublicKeyToken=null" name="GetEnumContentTest" />
    </UnitTest>
  </TestDefinitions>
  <TestLists>
    <TestList name="Results Not in a List" id="8c84fa94-04c1-424b-9868-57a2d4851a1d" />
    <TestList name="All Loaded Results" id="19431567-8539-422a-85d7-44ee4e166bda" />
  </TestLists>
  <TestEntries>
    <TestEntry testId="8d2b3504-7cc1-0102-14b7-7f942e4f1573" executionId="5ada9544-5b2d-49ff-a95c-d4f8f72db5cb" testListId="8c84fa94-04c1-424b-9868-57a2d4851a1d" />
  </TestEntries>
  <Results>
    <UnitTestResult executionId="5ada9544-5b2d-49ff-a95c-d4f8f72db5cb" testId="8d2b3504-7cc1-0102-14b7-7f942e4f1573" testName="GetEnumContentTest" computerName="WSCNS400_V" duration="00:00:00.1494912" startTime="2012-03-20T18:29:24.8401710+08:00" endTime="2012-03-20T18:29:25.3001973+08:00" testType="13cdc9d9-ddb5-4fa4-a97d-d965ccfc6d4b" outcome="Passed" testListId="8c84fa94-04c1-424b-9868-57a2d4851a1d" relativeResultsDirectory="5ada9544-5b2d-49ff-a95c-d4f8f72db5cb">
    </UnitTestResult>
  </Results>
</TestRun>