<?xml version="1.0" encoding="UTF-8"?>
<TestRun id="812d3a68-297a-43f0-94bc-5cd07e935098" name="tianyi@NBSTY01 2013-05-30 17:58:18" runUser="NBSTY01\tianyi" xmlns="http://microsoft.com/schemas/VisualStudio/TeamTest/2010">
  <TestSettings name="本地" id="f7471ad7-7223-4255-adc8-bfedd733e2e1">
    <Description>这些设置为本地测试运行的默认测试设置。</Description>
    <Deployment userDeploymentRoot="C:\Users\tianyi\Documents\GitHub\LEONIPack\TestResults" useDefaultDeploymentRoot="false" enabled="false" runDeploymentRoot="tianyi_NBSTY01 2013-05-30 17_58_18">
      <DeploymentItem filename="C:\Users\tianyi\Documents\GitHub\LEONIPack\Brilliantech.Packaging.Data\bin\Debug\Brilliantech.Packaging.Data.dll" />
      <DeploymentItem filename="C:\Users\tianyi\Documents\GitHub\LEONIPack\Brilliantech.PackagingWS\bin\Debug\Brilliantech.Packaging.WS.dll" />
      <DeploymentItem filename="C:\Users\tianyi\Documents\GitHub\LEONIPack\TestProjectProcess\bin\Debug\log4net.Ext.TID.dll" />
      <DeploymentItem filename="C:\Users\tianyi\Documents\GitHub\LEONIPack\TestProjectProcess\bin\Debug\Thrift.dll" />
      <DeploymentItem filename="C:\Users\tianyi\Documents\GitHub\LEONIPack\TestProjectProcess\bin\Debug\Brilliantech.DatahouseService.dll" />
      <DeploymentItem filename="C:\Users\tianyi\Documents\GitHub\LEONIPack\Brilliantech.ReportGenConnector\Brilliantech.ReportGenConnector\bin\Debug\Brilliantech.ReportGenConnector.dll" />
      <DeploymentItem filename="C:\Users\tianyi\Documents\GitHub\LEONIPack\TestProjectProcess\bin\Debug\Nini.dll" />
      <DeploymentItem filename="C:\Users\tianyi\Documents\GitHub\LEONIPack\TestProjectProcess\bin\Debug\log4net.dll" />
      <DeploymentItem filename="C:\Users\tianyi\Documents\GitHub\LEONIPack\Brilliantech.Framework\Brilliantech.Framework\bin\Debug\Brilliantech.Framework.dll" />
    </Deployment>
    <Execution>
      <TestTypeSpecific />
      <AgentRule name="Execution Agents">
      </AgentRule>
    </Execution>
  </TestSettings>
  <Times creation="2013-05-30T17:58:18.3687022+08:00" queuing="2013-05-30T17:58:22.1086771+08:00" start="2013-05-30T17:58:22.3212041+08:00" finish="2013-05-30T17:58:37.7281605+08:00" />
  <ResultSummary outcome="Completed">
    <Counters total="1" executed="1" passed="1" error="0" failed="0" timeout="0" aborted="0" inconclusive="0" passedButRunAborted="0" notRunnable="0" notExecuted="0" disconnected="0" warning="0" completed="0" inProgress="0" pending="0" />
  </ResultSummary>
  <TestDefinitions>
    <UnitTest name="ModifyTest" storage="c:\users\tianyi\documents\github\leonipack\testprojectprocess\bin\debug\testprojectprocess.dll" id="bd33c295-be10-91c8-bc55-7e3118fc5a13">
      <Execution id="6d9c49a2-9514-48e2-bcb2-75b120101d55" />
      <TestMethod codeBase="C:/Users/tianyi/Documents/GitHub/LEONIPack/TestProjectProcess/bin/Debug/TestProjectProcess.DLL" adapterTypeName="Microsoft.VisualStudio.TestTools.TestTypes.Unit.UnitTestAdapter, Microsoft.VisualStudio.QualityTools.Tips.UnitTest.Adapter, Version=10.0.0.0, Culture=neutral, PublicKeyToken=b03f5f7f11d50a3a" className="TestProjectProcess.SinglePackageRepoTest, TestProjectProcess, Version=1.0.0.0, Culture=neutral, PublicKeyToken=null" name="ModifyTest" />
    </UnitTest>
  </TestDefinitions>
  <TestLists>
    <TestList name="列表中未列出的结果" id="8c84fa94-04c1-424b-9868-57a2d4851a1d" />
    <TestList name="所有已加载的结果" id="19431567-8539-422a-85d7-44ee4e166bda" />
  </TestLists>
  <TestEntries>
    <TestEntry testId="bd33c295-be10-91c8-bc55-7e3118fc5a13" executionId="6d9c49a2-9514-48e2-bcb2-75b120101d55" testListId="8c84fa94-04c1-424b-9868-57a2d4851a1d" />
  </TestEntries>
  <Results>
    <UnitTestResult executionId="6d9c49a2-9514-48e2-bcb2-75b120101d55" testId="bd33c295-be10-91c8-bc55-7e3118fc5a13" testName="ModifyTest" computerName="NBSTY01" duration="00:00:12.4423098" startTime="2013-05-30T17:58:22.5052274+08:00" endTime="2013-05-30T17:58:36.1484599+08:00" testType="13cdc9d9-ddb5-4fa4-a97d-d965ccfc6d4b" outcome="Passed" testListId="8c84fa94-04c1-424b-9868-57a2d4851a1d" relativeResultsDirectory="6d9c49a2-9514-48e2-bcb2-75b120101d55">
    </UnitTestResult>
  </Results>
</TestRun>