<?xml version="1.0" encoding="UTF-8"?>
<TestRun id="8df1e0c8-933e-4d6e-8004-dea535174ad1" name="tianyi@NBSTY01 2013-07-24 19:57:44" runUser="NBSTY01\tianyi" xmlns="http://microsoft.com/schemas/VisualStudio/TeamTest/2010">
  <TestSettings name="本地" id="f7471ad7-7223-4255-adc8-bfedd733e2e1">
    <Description>这些设置为本地测试运行的默认测试设置。</Description>
    <Deployment enabled="false" runDeploymentRoot="tianyi_NBSTY01 2013-07-24 19_57_44">
      <DeploymentItem filename="C:\Users\tianyi\Documents\GitHub\LEONIPack\Brilliantech.Packaging.Data\bin\Debug\Brilliantech.Packaging.Data.dll" />
      <DeploymentItem filename="C:\Users\tianyi\Documents\GitHub\LEONIPack\Brilliantech.PackagingWS\bin\Debug\Brilliantech.Packaging.WS.dll" />
      <DeploymentItem filename="C:\Users\tianyi\Documents\GitHub\LEONIPack\TestProjectProcess\bin\Debug\log4net.Ext.TID.dll" />
      <DeploymentItem filename="C:\Users\tianyi\Documents\GitHub\LEONIPack\TestProjectProcess\bin\Debug\Thrift.dll" />
      <DeploymentItem filename="C:\Users\tianyi\Documents\GitHub\LEONIPack\TestProjectProcess\bin\Debug\Brilliantech.DatahouseService.dll" />
      <DeploymentItem filename="C:\Users\tianyi\Documents\GitHub\LEONIPack\Brilliantech.ReportGenConnector\Brilliantech.ReportGenConnector\bin\Debug\Brilliantech.ReportGenConnector.dll" />
      <DeploymentItem filename="C:\Users\tianyi\Documents\GitHub\LEONIPack\TestProjectProcess\bin\Debug\Nini.dll" />
      <DeploymentItem filename="C:\Users\tianyi\Documents\GitHub\LEONIPack\TestProjectProcess\bin\Debug\log4net.dll" />
      <DeploymentItem filename="C:\Users\tianyi\Documents\GitHub\LEONIPack\Brilliantech.Framework\Brilliantech.Framework\bin\Debug\Brilliantech.Framework.dll" />
    </Deployment>
    <Execution>
      <TestTypeSpecific />
      <AgentRule name="Execution Agents">
      </AgentRule>
    </Execution>
  </TestSettings>
  <Times creation="2013-07-24T19:57:44.7316436+08:00" queuing="2013-07-24T19:57:46.5778781+08:00" start="2013-07-24T19:57:46.6813912+08:00" finish="2013-07-24T19:57:47.6390128+08:00" />
  <ResultSummary outcome="Failed">
    <Counters total="1" executed="1" error="0" failed="1" timeout="0" aborted="0" inconclusive="0" passedButRunAborted="0" notRunnable="0" notExecuted="0" disconnected="0" warning="0" passed="0" completed="0" inProgress="0" pending="0" />
  </ResultSummary>
  <TestDefinitions>
    <UnitTest name="GetByPartNumberTest" storage="c:\users\tianyi\documents\github\leonipack\testprojectprocess\bin\debug\testprojectprocess.dll" id="6dd652ca-dfc6-d100-e70c-6047830216aa">
      <Execution id="88ab3083-0408-4927-8fda-8be645b6c633" />
      <TestMethod codeBase="C:/Users/tianyi/Documents/GitHub/LEONIPack/TestProjectProcess/bin/Debug/TestProjectProcess.DLL" adapterTypeName="Microsoft.VisualStudio.TestTools.TestTypes.Unit.UnitTestAdapter, Microsoft.VisualStudio.QualityTools.Tips.UnitTest.Adapter, Version=10.0.0.0, Culture=neutral, PublicKeyToken=b03f5f7f11d50a3a" className="TestProjectProcess.EntityPartRelRepoTest, TestProjectProcess, Version=1.0.0.0, Culture=neutral, PublicKeyToken=null" name="GetByPartNumberTest" />
    </UnitTest>
  </TestDefinitions>
  <TestLists>
    <TestList name="列表中未列出的结果" id="8c84fa94-04c1-424b-9868-57a2d4851a1d" />
    <TestList name="所有已加载的结果" id="19431567-8539-422a-85d7-44ee4e166bda" />
  </TestLists>
  <TestEntries>
    <TestEntry testId="6dd652ca-dfc6-d100-e70c-6047830216aa" executionId="88ab3083-0408-4927-8fda-8be645b6c633" testListId="8c84fa94-04c1-424b-9868-57a2d4851a1d" />
  </TestEntries>
  <Results>
    <UnitTestResult executionId="88ab3083-0408-4927-8fda-8be645b6c633" testId="6dd652ca-dfc6-d100-e70c-6047830216aa" testName="GetByPartNumberTest" computerName="NBSTY01" duration="00:00:00.3136704" startTime="2013-07-24T19:57:46.7418989+08:00" endTime="2013-07-24T19:57:47.5445008+08:00" testType="13cdc9d9-ddb5-4fa4-a97d-d965ccfc6d4b" outcome="Failed" testListId="8c84fa94-04c1-424b-9868-57a2d4851a1d" relativeResultsDirectory="88ab3083-0408-4927-8fda-8be645b6c633">
      <Output>
        <ErrorInfo>
          <Message>测试方法 TestProjectProcess.EntityPartRelRepoTest.GetByPartNumberTest 引发了异常: 
System.ArgumentException: 不支持关键字: “192.168.0.253\dev001;initial catalog”。</Message>
          <StackTrace>    在 System.Data.Common.DbConnectionOptions.ParseInternal(Hashtable parsetable, String connectionString, Boolean buildChain, Hashtable synonyms, Boolean firstKey)
   在 System.Data.Common.DbConnectionOptions..ctor(String connectionString, Hashtable synonyms, Boolean useOdbcRules)
   在 System.Data.SqlClient.SqlConnectionString..ctor(String connectionString)
   在 System.Data.SqlClient.SqlConnectionFactory.CreateConnectionOptions(String connectionString, DbConnectionOptions previous)
   在 System.Data.ProviderBase.DbConnectionFactory.GetConnectionPoolGroup(String connectionString, DbConnectionPoolGroupOptions poolOptions, DbConnectionOptions&amp; userConnectionOptions)
   在 System.Data.SqlClient.SqlConnection.ConnectionString_Set(String value)
   在 System.Data.SqlClient.SqlConnection.set_ConnectionString(String value)
   在 System.Data.Linq.SqlClient.SqlProvider.System.Data.Linq.Provider.IProvider.Initialize(IDataServices dataServices, Object connection)
   在 System.Data.Linq.DataContext.Init(Object connection, MappingSource mapping)
   在 System.Data.Linq.DataContext..ctor(String fileOrServerOrConnection, MappingSource mapping)
   在 Brilliantech.Packaging.Data.PackagingDataDataContext..ctor(String connection) 位置 C:\Users\tianyi\Documents\GitHub\LEONIPack\Brilliantech.Packaging.Data\Model\PackageRemoteDb.designer.vb:行号 145
   在 TestProjectProcess.EntityPartRelRepoTest.GetByPartNumberTest() 位置 C:\Users\tianyi\Documents\GitHub\LEONIPack\TestProjectProcess\EntityPartRelRepoTest.vb:行号 66
</StackTrace>
        </ErrorInfo>
      </Output>
    </UnitTestResult>
  </Results>
</TestRun>