<?xml version="1.0" encoding="UTF-8"?>
<TestRun id="aeddfa4b-8ed9-4eab-98c2-f2fff06424b2" name="tianyi@NBSTY01 2013-07-24 19:58:53" runUser="NBSTY01\tianyi" xmlns="http://microsoft.com/schemas/VisualStudio/TeamTest/2010">
  <TestSettings name="本地" id="f7471ad7-7223-4255-adc8-bfedd733e2e1">
    <Description>这些设置为本地测试运行的默认测试设置。</Description>
    <Deployment enabled="false" runDeploymentRoot="tianyi_NBSTY01 2013-07-24 19_58_53">
      <DeploymentItem filename="C:\Users\tianyi\Documents\GitHub\LEONIPack\Brilliantech.Packaging.Data\bin\Debug\Brilliantech.Packaging.Data.dll" />
      <DeploymentItem filename="C:\Users\tianyi\Documents\GitHub\LEONIPack\Brilliantech.PackagingWS\bin\Debug\Brilliantech.Packaging.WS.dll" />
      <DeploymentItem filename="C:\Users\tianyi\Documents\GitHub\LEONIPack\TestProjectProcess\bin\Debug\log4net.Ext.TID.dll" />
      <DeploymentItem filename="C:\Users\tianyi\Documents\GitHub\LEONIPack\TestProjectProcess\bin\Debug\Thrift.dll" />
      <DeploymentItem filename="C:\Users\tianyi\Documents\GitHub\LEONIPack\TestProjectProcess\bin\Debug\Brilliantech.DatahouseService.dll" />
      <DeploymentItem filename="C:\Users\tianyi\Documents\GitHub\LEONIPack\Brilliantech.ReportGenConnector\Brilliantech.ReportGenConnector\bin\Debug\Brilliantech.ReportGenConnector.dll" />
      <DeploymentItem filename="C:\Users\tianyi\Documents\GitHub\LEONIPack\TestProjectProcess\bin\Debug\Nini.dll" />
      <DeploymentItem filename="C:\Users\tianyi\Documents\GitHub\LEONIPack\TestProjectProcess\bin\Debug\log4net.dll" />
      <DeploymentItem filename="C:\Users\tianyi\Documents\GitHub\LEONIPack\Brilliantech.Framework\Brilliantech.Framework\bin\Debug\Brilliantech.Framework.dll" />
    </Deployment>
    <Execution>
      <TestTypeSpecific />
      <AgentRule name="Execution Agents">
      </AgentRule>
    </Execution>
  </TestSettings>
  <Times creation="2013-07-24T19:58:53.2028384+08:00" queuing="2013-07-24T19:58:53.2613458+08:00" start="2013-07-24T19:58:53.2988505+08:00" finish="2013-07-24T19:58:54.3829882+08:00" />
  <ResultSummary outcome="Failed">
    <Counters total="1" executed="1" error="0" failed="1" timeout="0" aborted="0" inconclusive="0" passedButRunAborted="0" notRunnable="0" notExecuted="0" disconnected="0" warning="0" passed="0" completed="0" inProgress="0" pending="0" />
  </ResultSummary>
  <TestDefinitions>
    <UnitTest name="GetByPartNumberTest" storage="c:\users\tianyi\documents\github\leonipack\testprojectprocess\bin\debug\testprojectprocess.dll" id="6dd652ca-dfc6-d100-e70c-6047830216aa">
      <Execution id="8d51dd42-5a77-4c9d-a7a0-e5b22a9bbd6d" />
      <TestMethod codeBase="C:/Users/tianyi/Documents/GitHub/LEONIPack/TestProjectProcess/bin/Debug/TestProjectProcess.DLL" adapterTypeName="Microsoft.VisualStudio.TestTools.TestTypes.Unit.UnitTestAdapter, Microsoft.VisualStudio.QualityTools.Tips.UnitTest.Adapter, Version=10.0.0.0, Culture=neutral, PublicKeyToken=b03f5f7f11d50a3a" className="TestProjectProcess.EntityPartRelRepoTest, TestProjectProcess, Version=1.0.0.0, Culture=neutral, PublicKeyToken=null" name="GetByPartNumberTest" />
    </UnitTest>
  </TestDefinitions>
  <TestLists>
    <TestList name="列表中未列出的结果" id="8c84fa94-04c1-424b-9868-57a2d4851a1d" />
    <TestList name="所有已加载的结果" id="19431567-8539-422a-85d7-44ee4e166bda" />
  </TestLists>
  <TestEntries>
    <TestEntry testId="6dd652ca-dfc6-d100-e70c-6047830216aa" executionId="8d51dd42-5a77-4c9d-a7a0-e5b22a9bbd6d" testListId="8c84fa94-04c1-424b-9868-57a2d4851a1d" />
  </TestEntries>
  <Results>
    <UnitTestResult executionId="8d51dd42-5a77-4c9d-a7a0-e5b22a9bbd6d" testId="6dd652ca-dfc6-d100-e70c-6047830216aa" testName="GetByPartNumberTest" computerName="NBSTY01" duration="00:00:00.4379194" startTime="2013-07-24T19:58:53.3078517+08:00" endTime="2013-07-24T19:58:54.1614601+08:00" testType="13cdc9d9-ddb5-4fa4-a97d-d965ccfc6d4b" outcome="Failed" testListId="8c84fa94-04c1-424b-9868-57a2d4851a1d" relativeResultsDirectory="8d51dd42-5a77-4c9d-a7a0-e5b22a9bbd6d">
      <Output>
        <StdOut>False
1</StdOut>
        <ErrorInfo>
          <Message>Assert.AreEqual 失败。应为: &lt;(null)&gt;，实际为: &lt;SELECT [t0].[id], [t0].[partNr], [t0].[entityId]
FROM [dbo].[PartEntityRel] AS [t0]
WHERE [t0].[partNr] = @p0
&gt;。</Message>
          <StackTrace>   在 TestProjectProcess.EntityPartRelRepoTest.GetByPartNumberTest() 位置 C:\Users\tianyi\Documents\GitHub\LEONIPack\TestProjectProcess\EntityPartRelRepoTest.vb:行号 75
</StackTrace>
        </ErrorInfo>
      </Output>
    </UnitTestResult>
  </Results>
</TestRun>