<?xml version="1.0" encoding="UTF-8"?>
<TestRun id="9ab40328-107f-4c3f-9fa2-3aa422bf4c39" name="tianyi@NBSTY01 2013-05-30 17:58:04" runUser="NBSTY01\tianyi" xmlns="http://microsoft.com/schemas/VisualStudio/TeamTest/2010">
  <TestSettings name="本地" id="f7471ad7-7223-4255-adc8-bfedd733e2e1">
    <Description>这些设置为本地测试运行的默认测试设置。</Description>
    <Deployment enabled="false" runDeploymentRoot="tianyi_NBSTY01 2013-05-30 17_58_04">
      <DeploymentItem filename="C:\Users\tianyi\Documents\GitHub\LEONIPack\Brilliantech.Packaging.Data\bin\Debug\Brilliantech.Packaging.Data.dll" />
      <DeploymentItem filename="C:\Users\tianyi\Documents\GitHub\LEONIPack\Brilliantech.PackagingWS\bin\Debug\Brilliantech.Packaging.WS.dll" />
      <DeploymentItem filename="C:\Users\tianyi\Documents\GitHub\LEONIPack\TestProjectProcess\bin\Debug\log4net.Ext.TID.dll" />
      <DeploymentItem filename="C:\Users\tianyi\Documents\GitHub\LEONIPack\TestProjectProcess\bin\Debug\Thrift.dll" />
      <DeploymentItem filename="C:\Users\tianyi\Documents\GitHub\LEONIPack\TestProjectProcess\bin\Debug\Brilliantech.DatahouseService.dll" />
      <DeploymentItem filename="C:\Users\tianyi\Documents\GitHub\LEONIPack\Brilliantech.ReportGenConnector\Brilliantech.ReportGenConnector\bin\Debug\Brilliantech.ReportGenConnector.dll" />
      <DeploymentItem filename="C:\Users\tianyi\Documents\GitHub\LEONIPack\TestProjectProcess\bin\Debug\Nini.dll" />
      <DeploymentItem filename="C:\Users\tianyi\Documents\GitHub\LEONIPack\TestProjectProcess\bin\Debug\log4net.dll" />
      <DeploymentItem filename="C:\Users\tianyi\Documents\GitHub\LEONIPack\Brilliantech.Framework\Brilliantech.Framework\bin\Debug\Brilliantech.Framework.dll" />
    </Deployment>
    <Execution>
      <TestTypeSpecific />
      <AgentRule name="Execution Agents">
      </AgentRule>
    </Execution>
  </TestSettings>
  <Times creation="2013-05-30T17:58:04.9389968+08:00" queuing="2013-05-30T17:58:07.4008094+08:00" start="2013-05-30T17:58:07.4963215+08:00" finish="2013-05-30T17:58:08.7194769+08:00" />
  <ResultSummary outcome="Completed">
    <Counters total="1" executed="1" passed="1" error="0" failed="0" timeout="0" aborted="0" inconclusive="0" passedButRunAborted="0" notRunnable="0" notExecuted="0" disconnected="0" warning="0" completed="0" inProgress="0" pending="0" />
  </ResultSummary>
  <TestDefinitions>
    <UnitTest name="ModifyTest" storage="c:\users\tianyi\documents\github\leonipack\testprojectprocess\bin\debug\testprojectprocess.dll" id="bd33c295-be10-91c8-bc55-7e3118fc5a13">
      <Execution id="0a915760-e73c-432f-a30b-fa1b1be93a35" />
      <TestMethod codeBase="C:/Users/tianyi/Documents/GitHub/LEONIPack/TestProjectProcess/bin/Debug/TestProjectProcess.DLL" adapterTypeName="Microsoft.VisualStudio.TestTools.TestTypes.Unit.UnitTestAdapter, Microsoft.VisualStudio.QualityTools.Tips.UnitTest.Adapter, Version=10.0.0.0, Culture=neutral, PublicKeyToken=b03f5f7f11d50a3a" className="TestProjectProcess.SinglePackageRepoTest, TestProjectProcess, Version=1.0.0.0, Culture=neutral, PublicKeyToken=null" name="ModifyTest" />
    </UnitTest>
  </TestDefinitions>
  <TestLists>
    <TestList name="列表中未列出的结果" id="8c84fa94-04c1-424b-9868-57a2d4851a1d" />
    <TestList name="所有已加载的结果" id="19431567-8539-422a-85d7-44ee4e166bda" />
  </TestLists>
  <TestEntries>
    <TestEntry testId="bd33c295-be10-91c8-bc55-7e3118fc5a13" executionId="0a915760-e73c-432f-a30b-fa1b1be93a35" testListId="8c84fa94-04c1-424b-9868-57a2d4851a1d" />
  </TestEntries>
  <Results>
    <UnitTestResult executionId="0a915760-e73c-432f-a30b-fa1b1be93a35" testId="bd33c295-be10-91c8-bc55-7e3118fc5a13" testName="ModifyTest" computerName="NBSTY01" duration="00:00:00.2468198" startTime="2013-05-30T17:58:07.7943594+08:00" endTime="2013-05-30T17:58:08.6344661+08:00" testType="13cdc9d9-ddb5-4fa4-a97d-d965ccfc6d4b" outcome="Passed" testListId="8c84fa94-04c1-424b-9868-57a2d4851a1d" relativeResultsDirectory="0a915760-e73c-432f-a30b-fa1b1be93a35">
    </UnitTestResult>
  </Results>
</TestRun>