<?xml version="1.0" encoding="UTF-8"?>
<TestRun id="fff8cf9f-2b1f-4f22-bf08-adb6100ed169" name="Wangsong@WANGSONG-PC 2013-05-13 10:27:49" runUser="Wangsong-PC\Wangsong" xmlns="http://microsoft.com/schemas/VisualStudio/TeamTest/2010">
  <TestSettings name="本地" id="f7471ad7-7223-4255-adc8-bfedd733e2e1">
    <Description>这些设置为本地测试运行的默认测试设置。</Description>
    <Deployment enabled="false" runDeploymentRoot="Wangsong_WANGSONG-PC 2013-05-13 10_27_49">
      <DeploymentItem filename="C:\Users\Wangsong\Documents\Visual Studio 2010\Projects\LEONIPack\Brilliantech.ReportGenConnector\Brilliantech.ReportGenConnector\bin\Debug\Brilliantech.ReportGenConnector.dll" />
      <DeploymentItem filename="C:\Users\Wangsong\Documents\Visual Studio 2010\Projects\LEONIPack\Brilliantech.Packaging.Data\bin\Debug\Brilliantech.Packaging.Data.dll" />
      <DeploymentItem filename="D:\File\DLL\Thrift.dll" />
      <DeploymentItem filename="C:\Users\Wangsong\Documents\Visual Studio 2010\Projects\LEONIPack\Brilliantech.Packaging.EpmIntegration\bin\Debug\Brilliantech.Packaging.EpmIntegration.dll" />
      <DeploymentItem filename="C:\Users\Wangsong\Documents\Visual Studio 2010\Projects\LEONIPack\Brilliantech.Framework\Brilliantech.Framework\bin\Debug\Brilliantech.Framework.dll" />
      <DeploymentItem filename="D:\File\DLL\Nini.dll" />
    </Deployment>
    <Execution>
      <TestTypeSpecific />
      <AgentRule name="Execution Agents">
      </AgentRule>
    </Execution>
  </TestSettings>
  <Times creation="2013-05-13T10:27:49.2058000+08:00" queuing="2013-05-13T10:27:49.2408000+08:00" start="2013-05-13T10:27:49.2518000+08:00" finish="2013-05-13T10:27:49.4868000+08:00" />
  <ResultSummary outcome="Completed">
    <Counters total="1" executed="1" passed="1" error="0" failed="0" timeout="0" aborted="0" inconclusive="0" passedButRunAborted="0" notRunnable="0" notExecuted="0" disconnected="0" warning="0" completed="0" inProgress="0" pending="0" />
  </ResultSummary>
  <TestDefinitions>
    <UnitTest name="notifyEpmTest" storage="c:\users\wangsong\documents\visual studio 2010\projects\leonipack\testproject\bin\debug\testproject.dll" id="a2a65208-cf1f-509c-ac4b-630153ee3404">
      <Execution id="8915b17b-d0e7-4afa-b55a-65db6cfcb7cf" />
      <TestMethod codeBase="C:/Users/Wangsong/Documents/Visual Studio 2010/Projects/LEONIPack/TestProject/bin/Debug/TestProject.DLL" adapterTypeName="Microsoft.VisualStudio.TestTools.TestTypes.Unit.UnitTestAdapter, Microsoft.VisualStudio.QualityTools.Tips.UnitTest.Adapter, Version=10.0.0.0, Culture=neutral, PublicKeyToken=b03f5f7f11d50a3a" className="TestProject.IntegrationTest, TestProject, Version=1.0.0.0, Culture=neutral, PublicKeyToken=null" name="notifyEpmTest" />
    </UnitTest>
  </TestDefinitions>
  <TestLists>
    <TestList name="列表中未列出的结果" id="8c84fa94-04c1-424b-9868-57a2d4851a1d" />
    <TestList name="所有已加载的结果" id="19431567-8539-422a-85d7-44ee4e166bda" />
  </TestLists>
  <TestEntries>
    <TestEntry testId="a2a65208-cf1f-509c-ac4b-630153ee3404" executionId="8915b17b-d0e7-4afa-b55a-65db6cfcb7cf" testListId="8c84fa94-04c1-424b-9868-57a2d4851a1d" />
  </TestEntries>
  <Results>
    <UnitTestResult executionId="8915b17b-d0e7-4afa-b55a-65db6cfcb7cf" testId="a2a65208-cf1f-509c-ac4b-630153ee3404" testName="notifyEpmTest" computerName="WANGSONG-PC" duration="00:00:00.0233332" startTime="2013-05-13T10:27:49.2648000+08:00" endTime="2013-05-13T10:27:49.4688000+08:00" testType="13cdc9d9-ddb5-4fa4-a97d-d965ccfc6d4b" outcome="Passed" testListId="8c84fa94-04c1-424b-9868-57a2d4851a1d" relativeResultsDirectory="8915b17b-d0e7-4afa-b55a-65db6cfcb7cf">
      <Output>
        <TextMessages>
          <Message>GUID 应包含带 4 个短划线的 32 位数(xxxxxxxx-xxxx-xxxx-xxxx-xxxxxxxxxxxx)。</Message>
        </TextMessages>
      </Output>
    </UnitTestResult>
  </Results>
</TestRun>