<?xml version="1.0" encoding="UTF-8"?>
<TestRun id="12f30eff-e6a4-4262-8dc6-f5aae538e6dc" name="Wangsong@WANGSONG-PC 2013-05-13 10:25:32" runUser="Wangsong-PC\Wangsong" xmlns="http://microsoft.com/schemas/VisualStudio/TeamTest/2010">
  <TestSettings name="本地" id="f7471ad7-7223-4255-adc8-bfedd733e2e1">
    <Description>这些设置为本地测试运行的默认测试设置。</Description>
    <Deployment enabled="false" runDeploymentRoot="Wangsong_WANGSONG-PC 2013-05-13 10_25_32">
      <DeploymentItem filename="C:\Users\Wangsong\Documents\Visual Studio 2010\Projects\LEONIPack\Brilliantech.ReportGenConnector\Brilliantech.ReportGenConnector\bin\Debug\Brilliantech.ReportGenConnector.dll" />
      <DeploymentItem filename="C:\Users\Wangsong\Documents\Visual Studio 2010\Projects\LEONIPack\Brilliantech.Packaging.Data\bin\Debug\Brilliantech.Packaging.Data.dll" />
      <DeploymentItem filename="D:\File\DLL\Thrift.dll" />
      <DeploymentItem filename="C:\Users\Wangsong\Documents\Visual Studio 2010\Projects\LEONIPack\Brilliantech.Packaging.EpmIntegration\bin\Debug\Brilliantech.Packaging.EpmIntegration.dll" />
      <DeploymentItem filename="C:\Users\Wangsong\Documents\Visual Studio 2010\Projects\LEONIPack\Brilliantech.Framework\Brilliantech.Framework\bin\Debug\Brilliantech.Framework.dll" />
      <DeploymentItem filename="D:\File\DLL\Nini.dll" />
    </Deployment>
    <Execution>
      <TestTypeSpecific />
      <AgentRule name="Execution Agents">
      </AgentRule>
    </Execution>
  </TestSettings>
  <Times creation="2013-05-13T10:25:32.0178000+08:00" queuing="2013-05-13T10:25:32.8968000+08:00" start="2013-05-13T10:25:32.9628000+08:00" finish="2013-05-13T10:25:34.7768000+08:00" />
  <ResultSummary outcome="Completed">
    <Counters total="1" executed="1" passed="1" error="0" failed="0" timeout="0" aborted="0" inconclusive="0" passedButRunAborted="0" notRunnable="0" notExecuted="0" disconnected="0" warning="0" completed="0" inProgress="0" pending="0" />
  </ResultSummary>
  <TestDefinitions>
    <UnitTest name="notifyEpmTest" storage="c:\users\wangsong\documents\visual studio 2010\projects\leonipack\testproject\bin\debug\testproject.dll" id="a2a65208-cf1f-509c-ac4b-630153ee3404">
      <Execution id="a151fa8b-76ef-4e65-81a3-02af5d4e89d7" />
      <TestMethod codeBase="C:/Users/Wangsong/Documents/Visual Studio 2010/Projects/LEONIPack/TestProject/bin/Debug/TestProject.DLL" adapterTypeName="Microsoft.VisualStudio.TestTools.TestTypes.Unit.UnitTestAdapter, Microsoft.VisualStudio.QualityTools.Tips.UnitTest.Adapter, Version=10.0.0.0, Culture=neutral, PublicKeyToken=b03f5f7f11d50a3a" className="TestProject.IntegrationTest, TestProject, Version=1.0.0.0, Culture=neutral, PublicKeyToken=null" name="notifyEpmTest" />
    </UnitTest>
  </TestDefinitions>
  <TestLists>
    <TestList name="列表中未列出的结果" id="8c84fa94-04c1-424b-9868-57a2d4851a1d" />
    <TestList name="所有已加载的结果" id="19431567-8539-422a-85d7-44ee4e166bda" />
  </TestLists>
  <TestEntries>
    <TestEntry testId="a2a65208-cf1f-509c-ac4b-630153ee3404" executionId="a151fa8b-76ef-4e65-81a3-02af5d4e89d7" testListId="8c84fa94-04c1-424b-9868-57a2d4851a1d" />
  </TestEntries>
  <Results>
    <UnitTestResult executionId="a151fa8b-76ef-4e65-81a3-02af5d4e89d7" testId="a2a65208-cf1f-509c-ac4b-630153ee3404" testName="notifyEpmTest" computerName="WANGSONG-PC" duration="00:00:01.4182748" startTime="2013-05-13T10:25:32.9798000+08:00" endTime="2013-05-13T10:25:34.7288000+08:00" testType="13cdc9d9-ddb5-4fa4-a97d-d965ccfc6d4b" outcome="Passed" testListId="8c84fa94-04c1-424b-9868-57a2d4851a1d" relativeResultsDirectory="a151fa8b-76ef-4e65-81a3-02af5d4e89d7">
      <Output>
        <StdOut>log4net: Configuration update mode [Merge].
log4net: Logger [root] Level string is [DUBEG].
log4net: Logger [root] level set to [name="DEBUG",value=30000].
log4net: Loading Appender [RollingLogFileAppender] type: [log4net.Appender.RollingFileAppender]
log4net: Setting Property [File] to String value [if.datahouse.service.log]
log4net: Setting Property [AppendToFile] to Boolean value [True]
log4net: Setting Property [RollingStyle] to RollingMode value [Size]
log4net: Setting Property [MaxSizeRollBackups] to Int32 value [10]
log4net: Setting Property [MaximumFileSize] to String value [2MB]
log4net: Setting Property [StaticLogFileName] to Boolean value [True]
log4net: Converter [message] Option [] Format [min=-1,max=2147483647,leftAlign=False]
log4net: Converter [newline] Option [] Format [min=-1,max=2147483647,leftAlign=False]
log4net: Setting Property [ConversionPattern] to String value [[%date]  %thread -- %-5level -- %logger [%M] -- %message%newline]
log4net: Converter [literal] Option [[] Format [min=-1,max=2147483647,leftAlign=False]
log4net: Converter [date] Option [] Format [min=-1,max=2147483647,leftAlign=False]
log4net: Converter [literal] Option []  ] Format [min=-1,max=2147483647,leftAlign=False]
log4net: Converter [thread] Option [] Format [min=-1,max=2147483647,leftAlign=False]
log4net: Converter [literal] Option [ -- ] Format [min=-1,max=2147483647,leftAlign=False]
log4net: Converter [level] Option [] Format [min=5,max=2147483647,leftAlign=True]
log4net: Converter [literal] Option [ -- ] Format [min=-1,max=2147483647,leftAlign=False]
log4net: Converter [logger] Option [] Format [min=-1,max=2147483647,leftAlign=False]
log4net: Converter [literal] Option [ [] Format [min=-1,max=2147483647,leftAlign=False]
log4net: Converter [M] Option [] Format [min=-1,max=2147483647,leftAlign=False]
log4net: Converter [literal] Option [] -- ] Format [min=-1,max=2147483647,leftAlign=False]
log4net: Converter [message] Option [] Format [min=-1,max=2147483647,leftAlign=False]
log4net: Converter [newline] Option [] Format [min=-1,max=2147483647,leftAlign=False]
log4net: Setting Property [Layout] to object [log4net.Layout.PatternLayout]
log4net: Searched for existing files in [C:\Users\Wangsong\Documents\Visual Studio 2010\Projects\LEONIPack\TestProject\bin\Debug]
log4net: curSizeRollBackups starts at [0]
log4net: Opening file for writing [C:\Users\Wangsong\Documents\Visual Studio 2010\Projects\LEONIPack\TestProject\bin\Debug\if.datahouse.service.log] append [True]
log4net: reated Appender [RollingLogFileAppender]
log4net: Adding appender named [RollingLogFileAppender] to logger [root].
log4net: Hierarchy Threshold []
log4net: configuring repository [log4net-default-repository] using .config file section
log4net: Application config file is [C:\Program Files\Microsoft Visual Studio 10.0\Common7\IDE\QTAgent32.exe.Config]</StdOut>
        <StdErr>log4net:ERROR You have tried to set a null level to root.
log4net.Core.LogException: 应用程序中的错误。
log4net:ERROR Failed to find configuration section 'log4net' in the application's .config file. Check your .config file for the &lt;log4net&gt; and &lt;configSections&gt; elements. The configuration section should look like: &lt;section name="log4net" type="log4net.Config.Log4NetConfigurationSectionHandler,log4net" /&gt;</StdErr>
        <DebugTrace>log4net: Configuration update mode [Merge].
log4net: Logger [root] Level string is [DUBEG].
log4net:ERROR You have tried to set a null level to root.
log4net.Core.LogException: 应用程序中的错误。
log4net: Logger [root] level set to [name="DEBUG",value=30000].
log4net: Loading Appender [RollingLogFileAppender] type: [log4net.Appender.RollingFileAppender]
log4net: Setting Property [File] to String value [if.datahouse.service.log]
log4net: Setting Property [AppendToFile] to Boolean value [True]
log4net: Setting Property [RollingStyle] to RollingMode value [Size]
log4net: Setting Property [MaxSizeRollBackups] to Int32 value [10]
log4net: Setting Property [MaximumFileSize] to String value [2MB]
log4net: Setting Property [StaticLogFileName] to Boolean value [True]
log4net: Converter [message] Option [] Format [min=-1,max=2147483647,leftAlign=False]
log4net: Converter [newline] Option [] Format [min=-1,max=2147483647,leftAlign=False]
log4net: Setting Property [ConversionPattern] to String value [[%date]  %thread -- %-5level -- %logger [%M] -- %message%newline]
log4net: Converter [literal] Option [[] Format [min=-1,max=2147483647,leftAlign=False]
log4net: Converter [date] Option [] Format [min=-1,max=2147483647,leftAlign=False]
log4net: Converter [literal] Option []  ] Format [min=-1,max=2147483647,leftAlign=False]
log4net: Converter [thread] Option [] Format [min=-1,max=2147483647,leftAlign=False]
log4net: Converter [literal] Option [ -- ] Format [min=-1,max=2147483647,leftAlign=False]
log4net: Converter [level] Option [] Format [min=5,max=2147483647,leftAlign=True]
log4net: Converter [literal] Option [ -- ] Format [min=-1,max=2147483647,leftAlign=False]
log4net: Converter [logger] Option [] Format [min=-1,max=2147483647,leftAlign=False]
log4net: Converter [literal] Option [ [] Format [min=-1,max=2147483647,leftAlign=False]
log4net: Converter [M] Option [] Format [min=-1,max=2147483647,leftAlign=False]
log4net: Converter [literal] Option [] -- ] Format [min=-1,max=2147483647,leftAlign=False]
log4net: Converter [message] Option [] Format [min=-1,max=2147483647,leftAlign=False]
log4net: Converter [newline] Option [] Format [min=-1,max=2147483647,leftAlign=False]
log4net: Setting Property [Layout] to object [log4net.Layout.PatternLayout]
log4net: Searched for existing files in [C:\Users\Wangsong\Documents\Visual Studio 2010\Projects\LEONIPack\TestProject\bin\Debug]
log4net: curSizeRollBackups starts at [0]
log4net: Opening file for writing [C:\Users\Wangsong\Documents\Visual Studio 2010\Projects\LEONIPack\TestProject\bin\Debug\if.datahouse.service.log] append [True]
log4net: reated Appender [RollingLogFileAppender]
log4net: Adding appender named [RollingLogFileAppender] to logger [root].
log4net: Hierarchy Threshold []
log4net: configuring repository [log4net-default-repository] using .config file section
log4net: Application config file is [C:\Program Files\Microsoft Visual Studio 10.0\Common7\IDE\QTAgent32.exe.Config]
log4net:ERROR Failed to find configuration section 'log4net' in the application's .config file. Check your .config file for the &lt;log4net&gt; and &lt;configSections&gt; elements. The configuration section should look like: &lt;section name="log4net" type="log4net.Config.Log4NetConfigurationSectionHandler,log4net" /&gt;
</DebugTrace>
      </Output>
    </UnitTestResult>
  </Results>
</TestRun>