<?xml version="1.0" encoding="UTF-8"?>
<TestRun id="1bf29c24-53d8-4d99-b2ac-974f51555d4a" name="Wangsong@WANGSONG-PC 2013-05-13 10:35:01" runUser="Wangsong-PC\Wangsong" xmlns="http://microsoft.com/schemas/VisualStudio/TeamTest/2010">
  <TestSettings name="本地" id="f7471ad7-7223-4255-adc8-bfedd733e2e1">
    <Description>这些设置为本地测试运行的默认测试设置。</Description>
    <Deployment enabled="false" runDeploymentRoot="Wangsong_WANGSONG-PC 2013-05-13 10_35_01">
      <DeploymentItem filename="C:\Users\Wangsong\Documents\Visual Studio 2010\Projects\LEONIPack\Brilliantech.ReportGenConnector\Brilliantech.ReportGenConnector\bin\Debug\Brilliantech.ReportGenConnector.dll" />
      <DeploymentItem filename="C:\Users\Wangsong\Documents\Visual Studio 2010\Projects\LEONIPack\Brilliantech.Packaging.Data\bin\Debug\Brilliantech.Packaging.Data.dll" />
      <DeploymentItem filename="D:\File\DLL\Thrift.dll" />
      <DeploymentItem filename="C:\Users\Wangsong\Documents\Visual Studio 2010\Projects\LEONIPack\Brilliantech.Packaging.EpmIntegration\bin\Debug\Brilliantech.Packaging.EpmIntegration.dll" />
      <DeploymentItem filename="C:\Users\Wangsong\Documents\Visual Studio 2010\Projects\LEONIPack\Brilliantech.Framework\Brilliantech.Framework\bin\Debug\Brilliantech.Framework.dll" />
      <DeploymentItem filename="D:\File\DLL\Nini.dll" />
    </Deployment>
    <Execution>
      <TestTypeSpecific />
      <AgentRule name="Execution Agents">
      </AgentRule>
    </Execution>
  </TestSettings>
  <Times creation="2013-05-13T10:35:01.6758000+08:00" queuing="2013-05-13T10:35:01.7168000+08:00" start="2013-05-13T10:35:01.7248000+08:00" finish="2013-05-13T10:35:05.9028000+08:00" />
  <ResultSummary outcome="Completed">
    <Counters total="1" executed="1" passed="1" error="0" failed="0" timeout="0" aborted="0" inconclusive="0" passedButRunAborted="0" notRunnable="0" notExecuted="0" disconnected="0" warning="0" completed="0" inProgress="0" pending="0" />
  </ResultSummary>
  <TestDefinitions>
    <UnitTest name="notifyEpmTest" storage="c:\users\wangsong\documents\visual studio 2010\projects\leonipack\testproject\bin\debug\testproject.dll" id="a2a65208-cf1f-509c-ac4b-630153ee3404">
      <Execution id="1b3c1b96-57ce-44f8-9ef4-a7bf729ce435" />
      <TestMethod codeBase="C:/Users/Wangsong/Documents/Visual Studio 2010/Projects/LEONIPack/TestProject/bin/Debug/TestProject.DLL" adapterTypeName="Microsoft.VisualStudio.TestTools.TestTypes.Unit.UnitTestAdapter, Microsoft.VisualStudio.QualityTools.Tips.UnitTest.Adapter, Version=10.0.0.0, Culture=neutral, PublicKeyToken=b03f5f7f11d50a3a" className="TestProject.IntegrationTest, TestProject, Version=1.0.0.0, Culture=neutral, PublicKeyToken=null" name="notifyEpmTest" />
    </UnitTest>
  </TestDefinitions>
  <TestLists>
    <TestList name="列表中未列出的结果" id="8c84fa94-04c1-424b-9868-57a2d4851a1d" />
    <TestList name="所有已加载的结果" id="19431567-8539-422a-85d7-44ee4e166bda" />
  </TestLists>
  <TestEntries>
    <TestEntry testId="a2a65208-cf1f-509c-ac4b-630153ee3404" executionId="1b3c1b96-57ce-44f8-9ef4-a7bf729ce435" testListId="8c84fa94-04c1-424b-9868-57a2d4851a1d" />
  </TestEntries>
  <Results>
    <UnitTestResult executionId="1b3c1b96-57ce-44f8-9ef4-a7bf729ce435" testId="a2a65208-cf1f-509c-ac4b-630153ee3404" testName="notifyEpmTest" computerName="WANGSONG-PC" duration="00:00:03.9661078" startTime="2013-05-13T10:35:01.7318000+08:00" endTime="2013-05-13T10:35:05.8828000+08:00" testType="13cdc9d9-ddb5-4fa4-a97d-d965ccfc6d4b" outcome="Passed" testListId="8c84fa94-04c1-424b-9868-57a2d4851a1d" relativeResultsDirectory="1b3c1b96-57ce-44f8-9ef4-a7bf729ce435">
      <Output>
        <TextMessages>
          <Message>e151eba2-9f43-4ac7-8250-a0b5ab65b9c6</Message>
          <Message>e5bcee92-b99e-45e1-8c2c-12d3d1a1f586</Message>
          <Message>6653ca45-2f40-408f-ad60-3df8bb230efc</Message>
          <Message>0f3d8d81-7ece-474a-9518-781ba420f752</Message>
          <Message>4450cc4e-29bc-410f-8355-72b336b261ab</Message>
          <Message>55663205-d66d-4d6d-b434-94a84c704698</Message>
          <Message>7d30374a-9ecf-4034-b12f-18df4c3868fa</Message>
          <Message>86d1f11f-ead7-4cc8-a40f-fc9b05ca5dec</Message>
          <Message>1e083d0e-1497-4eff-a7b2-d7d6ed9bcdb4</Message>
          <Message>350be016-720f-4ee6-bb02-29a3d7ba1e4f</Message>
          <Message>64089df3-743c-4c0f-93f2-4f75545d72bc</Message>
          <Message>4db8d659-363a-4ac5-b262-7b83a99df298</Message>
          <Message>ace1efe7-4744-4a79-8928-ee019b6baa37</Message>
          <Message>2e4a5a48-67c6-4e0b-8791-ed8ca0ea5fae</Message>
          <Message>e5c19f29-ecac-4a8d-89af-5d5597a8fd73</Message>
          <Message>84ab5706-9bfe-4f37-98eb-244200fee08d</Message>
          <Message>92d926f2-89d1-47cb-93c2-68922b64eff1</Message>
          <Message>e67d1d7f-8a25-4c0d-9cc5-314132e1fb94</Message>
          <Message>3e395712-cc48-47cb-8e09-eb67473130f3</Message>
          <Message>7fbbc81c-9981-41f4-a22b-606ed220f7f7</Message>
          <Message>7535e9d9-b77b-4c14-973f-4b85032469fe</Message>
          <Message>53b7014f-dd19-4413-bf9d-7f500edf4403</Message>
          <Message>5a962075-16cd-48be-ae38-c6c5b9c3c1bd</Message>
          <Message>9ef2be5b-dc77-4ac9-9455-54f3940184ca</Message>
          <Message>0145ab60-585d-4793-a20e-82d44a58f982</Message>
          <Message>78272fc1-b8e6-4fbe-b20b-e1310f41a7c5</Message>
          <Message>ce3aaeba-8fc2-49a6-a194-2e1003d0c588</Message>
          <Message>1bc56c37-36a1-487f-a44e-47ee941436ed</Message>
          <Message>efc99b59-5cef-46d7-95ef-3febe27b1080</Message>
          <Message>b6aa923b-784a-4764-b362-f4dc8bca208b</Message>
          <Message>4fc42c0a-9344-4d15-8ea2-a075615058bc</Message>
          <Message>1757af6d-5113-49c5-8d1e-e1926ee6fecc</Message>
          <Message>12946d69-ba2f-4332-b1a0-9f261419129b</Message>
          <Message>8854798e-2c4c-487b-af51-282d13993190</Message>
          <Message>5e3fe623-7d14-4a74-9428-6ace5929e305</Message>
          <Message>0272c9c2-df62-4e42-9e32-e6533493b883</Message>
          <Message>c5c9117d-600e-400d-bfc1-43e2a6442f7c</Message>
          <Message>ca29721d-3368-4865-9681-8167b066da40</Message>
          <Message>e901a5f5-9f3d-4c52-8776-82a3d4ab0118</Message>
          <Message>a350d5b3-2f75-4097-8fc9-4eb96e47d41a</Message>
          <Message>fc1dc9db-bd3c-4c0a-be7a-42d8a056dfc3</Message>
          <Message>78413df3-e8aa-442f-87fb-b848cbb88e47</Message>
          <Message>b60e4409-7504-4fac-adee-945bfb95f597</Message>
          <Message>92af3f2e-db7d-4d1d-a215-185bebe6b3ae</Message>
          <Message>82ec8b29-3b71-4b55-a439-e03c839cab5b</Message>
          <Message>8ae56cc3-5b2d-4e46-ba6b-28605c2737ad</Message>
          <Message>f42f1f71-6bb5-4937-ad34-9d58a95e0902</Message>
          <Message>ecd119f9-e177-4baf-a8db-1ec5ce419d0f</Message>
          <Message>b50ecc32-5673-4326-89fa-fec7debd3745</Message>
          <Message>4585a588-306b-46c6-9b57-bf54b2f822b9</Message>
          <Message>c4ad8dce-832c-4e19-9d9a-437f3f5f9374</Message>
          <Message>1441fd54-e56e-4a2b-98ba-09881eafcda3</Message>
          <Message>e4ce5d23-db99-499a-a3a9-1afc7257e71b</Message>
          <Message>f368d35d-03a2-480c-a390-48f0fbd3ded0</Message>
          <Message>f33d6ee3-c848-4e89-9997-e04f46f11759</Message>
          <Message>37631448-4274-42ac-955f-19f4d30eaaca</Message>
          <Message>74c9b72a-75c6-4a95-af53-607f1ea66cd1</Message>
          <Message>d194521d-ea24-422f-b6fe-59757b46ac61</Message>
          <Message>99ad5f1e-1342-41f6-86ce-6a0e93346c92</Message>
          <Message>5d80af10-04c2-4a1b-855b-7607177891d8</Message>
          <Message>44696da2-c4bc-4800-8983-1372129bf724</Message>
          <Message>9613d54f-b527-44f6-9257-04106d6508c0</Message>
          <Message>8dccf81a-90c4-4054-8c5b-951fae5cb0b4</Message>
          <Message>4ab0cd15-6724-4388-ac8e-82916f7076e5</Message>
          <Message>17dc92f8-5805-4f99-8098-93074ccda397</Message>
          <Message>bc2edd0b-d89e-4c14-9772-011d2527fea6</Message>
          <Message>159a41b0-967a-47a0-a8b5-edef62243497</Message>
          <Message>efe97edb-3789-4258-9cf9-f4dd63f9df5b</Message>
          <Message>22715e8d-a9b0-4706-89a5-b2ad72c7fa63</Message>
          <Message>49aa41ad-5373-401b-8ba2-be4a53ce360e</Message>
          <Message>0063d1aa-ee68-4639-bee9-2af09f17dddc</Message>
          <Message>1f334ed8-c1f5-4f47-b69e-0ea6d5daf3c6</Message>
          <Message>bd49c3f9-fb28-4bfd-8e19-2f393eb32945</Message>
          <Message>4667fdfe-b08b-4b73-aed9-2a096382031f</Message>
          <Message>1532b810-0431-4495-8ba8-33029b9ced8c</Message>
          <Message>a2a2794d-aa93-457a-aa88-573078c88a91</Message>
          <Message>b95a8730-4b27-496a-8e56-b13fcac6e56d</Message>
          <Message>7ad496ad-32e5-40cb-97ab-081dc890d8ce</Message>
          <Message>5c6fa23a-43d1-47ab-88a9-ce13125e5e6e</Message>
          <Message>fed0f4e7-1092-42b6-9ecb-18c61bf3c6c2</Message>
          <Message>ee1019fa-dd39-498e-b6ba-563737a090a5</Message>
          <Message>a5444caf-6e51-4486-85f6-9dd23b97d014</Message>
          <Message>d12b4999-d336-41a9-a2cc-83b8cfdc5801</Message>
          <Message>c6622429-0c44-4d69-aac6-001422848b12</Message>
          <Message>90b2f73c-e000-4fe2-b429-20000fdc6228</Message>
          <Message>6b0246b4-c182-48da-912a-4e7f67974940</Message>
          <Message>13ce1a22-cd5f-4c90-8756-d1dcc49e9f6c</Message>
          <Message>b139347c-2495-491d-9e1d-00511db41083</Message>
          <Message>54a3e8ae-1801-40d1-b22a-ff441ab41104</Message>
          <Message>8e499753-43ff-4fc4-b6aa-4df337550ed3</Message>
          <Message>5f820839-3e23-4eb2-9a70-6544e86df145</Message>
          <Message>a5cbc5ea-2f7c-4500-aa98-b85b756d62a6</Message>
          <Message>1f99790a-bd0a-47f6-bfc0-08051261602c</Message>
          <Message>6b9dfe70-c0b9-4189-86b5-2025da846bc7</Message>
          <Message>d8e3919c-8165-4c9f-be51-bb91530e8971</Message>
          <Message>3ad98a13-3850-48c0-b77a-96e5a4f5e347</Message>
          <Message>3481454f-9412-4b7e-a7b6-3cf5197ce62e</Message>
          <Message>224413fd-6e24-4641-af83-0fa689d209f7</Message>
          <Message>55312863-6c69-4315-be65-21bf03b12713</Message>
          <Message>0731e2b5-2c80-4122-b4d8-c16adc1a19b7</Message>
          <Message>78ba4815-60b1-44c1-8ce5-5e075635616a</Message>
          <Message>b696eeb1-4772-4bf3-ab8a-5d872cfcf0dd</Message>
          <Message>4f32daaa-34ab-497d-b48a-449cc00cb4bd</Message>
          <Message>aa2b186f-cf47-4f64-a079-69caf27ef414</Message>
          <Message>f19563a6-d00d-4443-a224-556b3a384b48</Message>
          <Message>efe65fb9-d6c8-48c9-bdb4-d92ca10642c9</Message>
          <Message>e670b551-2d24-4a80-8754-cebe50059b04</Message>
          <Message>07cbd12e-5c4b-47ad-ab7d-40e749adafcf</Message>
          <Message>7ec5970a-d4fe-4974-b931-0cdce6a58c4e</Message>
          <Message>4ecdcc1a-34e1-40b0-80b3-a3672566e5ff</Message>
          <Message>6987008f-333d-45b7-8550-ddc4014fce47</Message>
          <Message>dc229c2d-f5fd-471c-a67d-947292417748</Message>
          <Message>a03bdfdb-30fb-46d4-98fe-ae7f8c859a46</Message>
          <Message>5f0c0c58-8d89-41e6-b8ed-403299825202</Message>
          <Message>0a0dec1e-788b-4997-9e1c-e87c0db8dde6</Message>
          <Message>7f4e1f82-ab23-463d-9f16-f761f1a3e4ac</Message>
          <Message>209092e5-6e01-43a0-83fb-300a6611a4fd</Message>
          <Message>f87a9876-f688-4a68-96a4-bbbfcf1bb695</Message>
          <Message>7e46185a-c9b7-4b38-95d3-aa85de27f3f1</Message>
          <Message>343f07bb-65eb-414c-b930-f334642f2a76</Message>
          <Message>9af4b62f-ebe5-4e03-9c12-3c63c917a2d9</Message>
          <Message>1203d3bb-ac46-47d8-9715-a9b6548e5440</Message>
          <Message>c1f4744c-c248-4f6a-a020-16a2cb85730b</Message>
          <Message>90a91005-e50f-4e17-899c-2d987a7494e6</Message>
          <Message>ea907fe8-d555-4d26-adfa-f26864a59f34</Message>
          <Message>aa130565-7f95-40fd-8ae2-0b6035b1853d</Message>
          <Message>fb3388d1-a440-4170-8003-b0be372ccb35</Message>
          <Message>9ac259c1-0299-4be9-804c-1ec156d7436e</Message>
          <Message>d7bde878-70de-4811-91fd-77945e273f7e</Message>
          <Message>c7c253d6-e12b-490c-81d2-53aa2b6086ca</Message>
          <Message>02696824-73a4-49bc-8642-559bb83467e0</Message>
          <Message>5d0915a7-50f4-4b6c-84c0-ecc2f20b70ef</Message>
          <Message>91ec1072-732f-4560-9965-4061f07a0bd1</Message>
          <Message>0c4125bf-e8d3-4d29-83fd-b3cde691e752</Message>
          <Message>264b944b-2053-403f-8269-7bf405c95c92</Message>
          <Message>9615a4df-51dc-4eac-9110-196c7b1e9dc9</Message>
          <Message>31ecc4dc-45c5-443a-a8f1-ae6ff50bce8f</Message>
          <Message>3ed0459d-aa91-4409-9eb3-260b85afa9f8</Message>
          <Message>faa23d06-81fd-49d8-b748-e907d02d92d6</Message>
          <Message>d2ff3745-2699-46ae-b05e-80fff62da379</Message>
          <Message>c7a62f84-e795-4123-a6b9-170abbe37780</Message>
          <Message>a31dcc9f-a8af-4ff4-af2c-38c636166090</Message>
          <Message>243074f7-6e31-423f-828f-a389cae75123</Message>
          <Message>587726ad-5955-4941-a660-3facd05c42fc</Message>
          <Message>523c3623-f195-443e-9822-d7e66592fde0</Message>
          <Message>887faf16-5ff8-4b4b-a613-4c34c1850c8f</Message>
          <Message>236272c4-ab6f-4c64-a2fa-37252ddf0654</Message>
          <Message>5814fcd2-90f0-4fa9-b7b0-33756fec0526</Message>
          <Message>26c7c551-f9f8-495a-be3a-0615c28df453</Message>
          <Message>24adc0e3-3e48-4c51-8535-577686d12073</Message>
          <Message>5c12600c-16f4-47f0-ab36-955220d21ca2</Message>
          <Message>507d26e0-5d11-405e-9787-b870c5b83587</Message>
          <Message>fbfb66d6-63c2-41ed-b0b8-274dab1e70b3</Message>
          <Message>80c50486-482f-4b4a-8974-8f5971d99210</Message>
          <Message>1c61c8d9-3e69-44c5-bff7-0bcc35f09666</Message>
          <Message>17703ecc-074d-470e-94cf-7c30725a73b2</Message>
          <Message>00e0837c-a77b-4902-a177-546ff871264e</Message>
          <Message>60549da1-d22a-49c4-afca-1b0b87341680</Message>
          <Message>c99e2957-48bd-4496-b48b-62310a3040dc</Message>
          <Message>f553dd6a-b1be-4a96-9016-147d0b3b2a2d</Message>
          <Message>1aaf1322-36fa-4f41-9caa-b4ede4276a24</Message>
          <Message>f90a09ec-5a55-45f7-9e5a-ca2f5b63302d</Message>
          <Message>48dcfc57-02ef-4dfe-96f5-274d3f5ae9ac</Message>
          <Message>547bf8e5-3efa-4cbe-acc7-54e567b2f88b</Message>
          <Message>a0a384a4-7445-431d-bdf1-7eebeede2bbf</Message>
          <Message>5758010f-30dc-42ac-a7d4-e53bcbea70e1</Message>
          <Message>dc9c649e-575f-48e5-91bd-c7b6763500f0</Message>
          <Message>89d3a2d4-b779-445d-b059-74523a69b0d2</Message>
          <Message>83294deb-95e5-467e-94af-ef76c898b9dd</Message>
          <Message>ec9dd091-6fdf-412e-bacf-1f1dd0739967</Message>
          <Message>2b920369-d476-4d95-a341-6ad25df22c19</Message>
          <Message>7f5b5728-3cb5-4ccc-b177-219798646b32</Message>
          <Message>1fa755ef-2722-4093-85c5-f18dadf7c4b9</Message>
          <Message>d5305dea-455a-4761-b97d-eea6e23e8461</Message>
          <Message>6d31ff42-c029-4d69-9bf3-09bb1c09c38f</Message>
          <Message>470e596e-8700-4689-a68a-0a28251b0f86</Message>
          <Message>44af993a-41b6-40f3-812d-e6a57903932a</Message>
          <Message>ec2448d5-0faa-4cfd-afe0-88e2026129b2</Message>
          <Message>10b7dcc8-fece-4219-9f67-b6534d40f63e</Message>
          <Message>ad5dd336-3908-4c26-8751-7cae07c65427</Message>
          <Message>22c4d1dd-62b2-438e-9c9e-dc5d0ffda12a</Message>
          <Message>92178172-c4ff-4859-8148-e5672c7a2999</Message>
          <Message>da5958e6-9984-4097-b5ae-7c4ae60e2296</Message>
          <Message>b7aeb014-4572-40aa-bbbe-b45bce7cd8e4</Message>
          <Message>ef4754cd-a95d-405a-a877-78730c5ca090</Message>
          <Message>2f43369d-7339-4fa2-98ae-9d947491f5da</Message>
          <Message>a7656a6b-6f2f-4d60-9355-6f433ecdd7f1</Message>
          <Message>057d482d-7b2c-42fe-9f48-c376e3a1b88a</Message>
          <Message>ab46dd81-79ff-48fc-b117-a40fa5333031</Message>
          <Message>8b38a47b-315c-4c7c-a41d-b189dd85192b</Message>
          <Message>8438e0b6-4bcc-4586-a291-41a845119167</Message>
          <Message>bf034b8b-7891-4ead-bc82-dcbb335c61f4</Message>
          <Message>a8a9dde9-3d98-4919-b537-dc324a3b388c</Message>
          <Message>b1f6cc54-b7a0-49cf-aaea-24cf5c929170</Message>
          <Message>1c18dbe1-4676-4356-bd6b-8325ea6b1239</Message>
          <Message>03430cdc-d0cb-4112-8180-8a7a82486abe</Message>
          <Message>2943c027-6f54-4adf-ad71-26ad67fbff75</Message>
          <Message>d38029db-c005-4dcb-b623-d280c499e350</Message>
          <Message>f4f64f79-806c-410f-972b-e0b61055b756</Message>
          <Message>3223de15-3eae-48fa-80af-3a7ffeec35c0</Message>
          <Message>bf472574-072a-4646-8ef1-884fb63644c8</Message>
          <Message>965f8e6a-cdf7-4d57-b9b0-0012cddd0fee</Message>
          <Message>3682613d-ddce-4990-8cc8-db56a7fef42b</Message>
          <Message>09564ec0-853a-49e1-981a-eb8083fd68e8</Message>
          <Message>1cd5282e-4f63-4be4-b209-662c680a65f7</Message>
          <Message>0c20866c-2583-4f0f-accc-5ebc15360de6</Message>
          <Message>2021233a-61fc-4024-8d4c-7b8c32a427d3</Message>
          <Message>e5ca9bba-c2fe-44f3-853d-d7c9696e8936</Message>
          <Message>2485b0b0-0376-4f10-a19e-74c17b7a87b2</Message>
          <Message>631fa23f-47cb-420b-9014-c1582e1134d4</Message>
          <Message>1732a461-3a9e-4fc4-931a-262b44777229</Message>
          <Message>3ae9f3b5-f9f1-4b09-88f3-7be84776720a</Message>
          <Message>181ed510-990d-46f3-b4df-64ab1edcfc31</Message>
          <Message>6a11fb3c-23b4-4e0d-86e8-fa3beae91423</Message>
          <Message>a5a88790-98ae-48cb-adeb-81dab3284e20</Message>
          <Message>cbab6901-65ef-412c-9623-bafb81609d12</Message>
          <Message>36371d09-f32c-4bc1-bd1a-239509a8d277</Message>
          <Message>13bfd590-1da5-4545-857d-11b84d77a3e3</Message>
          <Message>efca2f21-ad6a-4f1b-8084-23a2d19b8be2</Message>
          <Message>00df8d04-5ad5-4d8d-80d3-dda0b7d0ed5f</Message>
          <Message>3916c416-b4c5-4a6c-9176-3dc8f4e2620e</Message>
          <Message>17aaa22f-d73b-48ce-90e7-492e61dbb42d</Message>
          <Message>12cc9f41-b577-4b8b-90b4-4a9d90b21d4f</Message>
          <Message>633723ec-ec8e-4166-8059-c65666701955</Message>
          <Message>009db84f-6af9-46c0-9735-69972973d58e</Message>
          <Message>df7197a8-b311-4614-aa09-cf7d55927a1a</Message>
          <Message>b1d48b67-2206-4f6c-be29-3857a8f4eda8</Message>
          <Message>e05fb23f-7571-46eb-b45b-29ca7005a2b1</Message>
          <Message>c415de35-6030-46b8-87cb-eb615cd3d03a</Message>
          <Message>70499579-1435-448d-9d86-aeea39d93925</Message>
          <Message>1d2fbf03-827e-4c86-9a0a-de49f255400c</Message>
          <Message>686b86bf-c692-4a4c-a008-3e52d05798e9</Message>
          <Message>6fe25488-c36e-4322-ad3d-0aa9d17e7b23</Message>
          <Message>16128c7b-fec6-41e5-81e6-e21924dacf6c</Message>
          <Message>c4cd1b39-fb23-49a9-b25a-d87853f2d23c</Message>
          <Message>74fe5ed1-9b36-4a7b-848a-1729ef8f97d3</Message>
          <Message>24fdcf58-ce1d-4583-a62c-73796677c93d</Message>
          <Message>d3daee5a-6c1e-44bb-8c89-7ada5784d5dc</Message>
          <Message>a073d215-128e-42f3-8c4e-606330ac2777</Message>
          <Message>e2335c8c-58a1-4316-811d-6afdc89c03d9</Message>
          <Message>52e0b549-9bae-4062-9c81-1cefda7b4b8f</Message>
          <Message>11922d89-1869-45d5-a1c9-e3e94ee1e855</Message>
          <Message>766450e0-7ea0-4126-99d9-2de74e1fea53</Message>
          <Message>a83d8a6b-02fb-4dbf-a5a9-d2f529b6dd89</Message>
          <Message>2ccff42b-1b83-4ca8-b622-0f8be578da83</Message>
          <Message>ed106542-7835-4caf-adee-92dc6d5b479e</Message>
          <Message>2190ece3-6353-4216-b8d7-ba43984a370a</Message>
          <Message>494e881c-79eb-4005-b3c8-62d8c0393782</Message>
          <Message>54dc56ee-0f2a-4993-817e-240c842daa29</Message>
          <Message>f85c9aa5-2326-4579-b95d-bca34fa13e4e</Message>
          <Message>1be68cf3-c476-4658-a88c-23ebca3fffd9</Message>
          <Message>565f8621-78a9-4f95-bc27-0e61e034655c</Message>
          <Message>11fdd1b4-738a-4bd0-9089-455598e6de89</Message>
          <Message>b162f23e-1409-40fa-9f99-ec76b0c55573</Message>
          <Message>b86fc651-1e71-4980-878f-d9676d84445d</Message>
          <Message>f65fe855-f90a-45de-bcfb-5abc07591098</Message>
          <Message>7513e7e4-73d7-42d4-9121-0adfab69fc79</Message>
          <Message>f5ef823c-f9a6-4e9a-8b51-a4c4e0183c6c</Message>
          <Message>a3cd8592-cdb1-47ee-a75d-807018aeafc2</Message>
          <Message>bb76cf07-b4bb-464a-89c7-53cacb8d0d70</Message>
          <Message>e251a775-915a-4fa0-b4a0-d9a12bda93e6</Message>
          <Message>e98b174d-63ac-4d6e-9ba8-5e75ca49fb9c</Message>
          <Message>4b61f3a9-2820-4968-b8a1-7c33cf9cdbf5</Message>
          <Message>7c2acffe-aef0-43a8-93ab-b7334c59cdc0</Message>
          <Message>2135b349-de8a-4010-a123-96bafc199c12</Message>
          <Message>3be743d2-3ece-4092-b11e-4324b68fd5ea</Message>
          <Message>d90d378e-b26f-4c98-830d-d841bd4d48e3</Message>
          <Message>428e96d6-18ce-4fc9-9676-9773a10b3b90</Message>
          <Message>7a1867f6-833f-4fab-96cf-2fcd20c6b9e6</Message>
          <Message>19d52416-e86e-42c3-a152-f75c9ba900f5</Message>
          <Message>7a332fb7-d5a3-498f-b268-e449f0306574</Message>
          <Message>5fbf91e8-0c96-45c6-91aa-c4b7a2cc4837</Message>
          <Message>81ae07d1-3dd5-42ec-80a9-a749019f0962</Message>
          <Message>03c6dddb-9560-4faa-b2a0-a90b9ab4c221</Message>
          <Message>6e8a2a33-72d2-4038-8428-7f869b9e2176</Message>
          <Message>c223e4a0-616f-4c00-b320-8f53f58e4a53</Message>
          <Message>bbfb245c-9149-4efd-afb4-089638afce8a</Message>
          <Message>89ef5fab-9f8b-4519-9405-12beab701f87</Message>
          <Message>2b0c52bc-5080-4e0c-bd2d-05d10bc23cd6</Message>
          <Message>d7831c75-6339-4908-b877-f277e3566d0b</Message>
          <Message>4ab4451e-11d5-4804-9a12-374a007ad838</Message>
          <Message>08cbe800-1a72-4311-b306-44a892934bed</Message>
          <Message>8f994e43-83a1-471f-921f-11f5fddcfe1a</Message>
          <Message>448ae958-860a-408e-a339-9a97ab569d45</Message>
          <Message>e1e81088-faec-4688-809f-8814d77c47e0</Message>
          <Message>57f4b2a4-cd23-4543-982a-c5e0da4727e9</Message>
          <Message>5deec1f1-cb7b-4589-86f0-c193f711f486</Message>
          <Message>deea0029-2294-424a-a526-6baba98a0821</Message>
          <Message>bb6d87ed-4b57-4ff6-a462-35edb9df6bc3</Message>
          <Message>96f1fe2b-9042-4b0b-8101-ec538cb68d84</Message>
          <Message>d78d7bac-38bf-48f5-bd5d-879fe26f6fc9</Message>
          <Message>6e08253e-adf1-409c-b61c-13e8f44e19ee</Message>
          <Message>be821d18-be81-4f86-aa4d-cedd7404b79d</Message>
          <Message>f2595b7e-ba3f-4b1a-b698-d54ab9795920</Message>
          <Message>6c513d09-3f42-4f7a-b476-c7b25252ab15</Message>
          <Message>c761e04e-6d97-45dd-9335-b7b4fbb92fe1</Message>
          <Message>0b62345e-2f66-48fb-8133-f000c2b4eaa9</Message>
          <Message>549bb78a-8001-42c9-8675-cb3248b5599f</Message>
          <Message>5c36964f-aa12-489b-ad68-77ad6212cc2a</Message>
          <Message>46d69f16-e513-4e4d-827b-34417bf41082</Message>
          <Message>9a11acfe-0952-4aff-b8e8-f7128f33fc41</Message>
          <Message>414c57f8-89ae-4307-8d60-8d80de2f6a9e</Message>
          <Message>ac7cf742-4ec9-400f-a80e-89a771221a48</Message>
          <Message>60bfedba-fce9-4564-b693-345410999000</Message>
          <Message>c238ca52-0115-459f-922d-7d353e19c3fc</Message>
          <Message>08577ab8-b0f6-4d7f-87ea-3f9c715255da</Message>
          <Message>5f2290ef-5564-4554-beed-8a70103c53e3</Message>
          <Message>6481a564-dc8b-46f1-b3eb-7f59d469e392</Message>
          <Message>a9b30254-c68c-4417-a517-b4c83f8e5b97</Message>
          <Message>ba7d1dc8-eee0-4bcb-9246-f858d7100322</Message>
          <Message>34455fb3-b31d-4391-a915-40076490adba</Message>
          <Message>7cdf18a5-4b99-4dec-838a-9831ba727b97</Message>
          <Message>5b7aa236-98e7-4f56-b4b1-02b317196c55</Message>
          <Message>babddb4d-cb22-4b37-84c0-8de6e7c975d4</Message>
          <Message>8751a226-0311-4e92-a6f6-a132560bc8e0</Message>
          <Message>3396e748-51e1-4063-891b-9eda6a55bd40</Message>
          <Message>c61ad7d7-5815-4e9b-b487-45b9dfe050d7</Message>
          <Message>1e1f111f-52f6-445f-a0f6-ce619f8afbca</Message>
          <Message>b94f4392-aa2a-4f2c-95c0-4fe0f31f0a8e</Message>
          <Message>61bbd397-362c-4b98-ab56-6a34fcc5a1c3</Message>
          <Message>926cc5a3-4b64-4fa6-8d96-d775ffb2dc4d</Message>
          <Message>7f9379e7-e975-4c64-b583-d011c430b95d</Message>
          <Message>c2469bae-6e4d-4dc0-a5ab-6f0b82700bcb</Message>
          <Message>47c374a0-fb56-4dc1-97e7-f67dbd457c88</Message>
          <Message>a47172bb-92b9-4ed0-a0aa-6d07c98d1abd</Message>
          <Message>2ef7e700-77ea-49d1-9d19-94d23174f724</Message>
          <Message>ded08dc9-d426-478b-ae0a-cb8da6470730</Message>
          <Message>362228c0-8175-446c-ab4f-7f5541cf00d9</Message>
          <Message>e028dbd1-a6e3-42a6-b424-d73c1b14e2e4</Message>
          <Message>3920d525-b51f-44c7-af0f-1518e682df3d</Message>
          <Message>ce95ed74-18c4-4e26-b74c-2e4657da09b2</Message>
          <Message>0f8a24cf-feba-45e2-bda6-d7b841271fa2</Message>
          <Message>da3d514a-7475-46bf-aada-0861fcfb1250</Message>
          <Message>6c602a3d-e3f3-49d7-9552-0c8fa01c03f0</Message>
          <Message>d062784d-b6bc-4ca8-af35-bafc2428db63</Message>
          <Message>59246536-24e1-477d-b07d-bceebfc532dd</Message>
          <Message>176cad01-c391-4653-b534-2bc4eb5f0b12</Message>
          <Message>4c2c2751-968d-469b-84d4-4aea4bd67ad9</Message>
          <Message>b2410df0-b32c-4b92-bfe1-ad6cfb19eb4c</Message>
          <Message>10381953-cf1c-48b4-b83a-ff1a3a329adf</Message>
          <Message>1e7f00ab-3516-44da-a8fc-7a7a2c0976e6</Message>
          <Message>fe31b285-7789-4728-a7f5-ba4889f588e1</Message>
          <Message>4f78331c-d923-46e1-9645-06168a187ecd</Message>
          <Message>3ef55c91-cfde-4537-85f0-d09033f677db</Message>
          <Message>1efcdfcf-c3e1-4b59-8835-41f982bdd5e0</Message>
          <Message>c4110ef0-d9c9-476d-af02-4be3a5b24e80</Message>
          <Message>159fde12-8861-4454-83a8-cf05996b455d</Message>
          <Message>a92a96f9-80c0-48b6-afd6-811969e032ae</Message>
          <Message>6306faf8-5a59-4866-a0ea-6d2b31055f73</Message>
          <Message>2fcb5c90-3f93-4ef8-abcf-8a6eb8c49859</Message>
          <Message>1b9af86e-edcb-4337-b80b-644dce1444ac</Message>
          <Message>f1d2b632-10c9-4538-9016-b367bf98064a</Message>
          <Message>5b7d052b-2825-4b00-b3cc-ced20c6118c0</Message>
          <Message>d7fa058a-47f5-43c8-847a-079b807904f4</Message>
          <Message>e6d1bb9f-c9b2-49bf-ae93-f890a2631307</Message>
          <Message>b9eb65c6-2949-42a4-a08f-36e76c25a747</Message>
          <Message>55516f85-1b2b-4b45-bbea-3e001440db81</Message>
          <Message>ef9983c4-6113-4b8e-8414-5878fa1dd394</Message>
          <Message>b2aa3c52-5183-416a-a0a5-a75d7a160f35</Message>
          <Message>1e0a33a7-b1f2-41fb-ac39-d1debb9d7be9</Message>
          <Message>b79a3007-da56-495c-a73b-201cc78099ac</Message>
          <Message>d8c9a8ff-d644-40ab-9ecd-a7110271746f</Message>
          <Message>f889dda1-5e1d-4cc2-8d2d-c9d9577df51b</Message>
          <Message>1b6f415f-c83d-4daf-8f73-fea5068897c2</Message>
          <Message>b744949a-308d-4673-9814-8f1d944fc52e</Message>
          <Message>48cedc6b-42d0-4f72-835a-5eca5c612497</Message>
          <Message>5924e459-fdf9-4251-85b1-0890d1c9b4e7</Message>
          <Message>76b3d9d9-6233-46d0-9993-93a11a525f11</Message>
          <Message>34fa4dff-57cd-4274-9c7c-53f8608f5837</Message>
          <Message>7fc05236-e9bf-4367-aee1-361b5707d6c7</Message>
          <Message>c1a07c41-bf23-4577-9a39-629d3c038479</Message>
          <Message>ee0faadd-db67-46a0-a0c4-2bb28fc165d7</Message>
          <Message>f07876cb-87bf-44a4-b599-562cf3f87ec7</Message>
          <Message>f43bd981-e433-4b61-b2b9-b611edd48123</Message>
          <Message>881b43e5-7995-449b-99c2-949fd995362a</Message>
          <Message>234439d4-8421-427c-8a20-e56f719b6966</Message>
          <Message>c0f996d0-53a1-453c-afed-36ae7712f8c4</Message>
          <Message>122e37ad-fae5-4ab0-be37-a5338ce2eed4</Message>
          <Message>edbedec8-52e5-483a-9f75-46af19d1e222</Message>
          <Message>3c8d7d81-38cf-45e9-95a4-ac865ec91ffd</Message>
          <Message>4d38528c-13ca-4e98-86fb-b705f7004da2</Message>
          <Message>d2fe0f1c-a54b-48a0-b339-b679f05a41b1</Message>
          <Message>9c0cbe9b-fbcf-468d-b61d-4fabd446a30f</Message>
          <Message>b2d0eb13-cd5b-4bbe-b0a2-4eae4a12fea3</Message>
          <Message>6582203f-cfde-474b-9c10-d106b85bc184</Message>
          <Message>6ce501cd-f1cb-4f1c-a9d8-76de25159c1b</Message>
          <Message>167901a2-178c-4a8c-aae5-5bc02652261f</Message>
          <Message>9aa2e098-f066-4768-9b55-bdc9db60fb67</Message>
          <Message>5361d7cc-7dbf-4677-b130-5ac84dddf5cc</Message>
          <Message>68fd4d9c-9b40-48fb-89b9-b1123d8c4320</Message>
          <Message>49624176-f4eb-43df-8177-48fe22784560</Message>
          <Message>edef41ad-1b48-4b1c-9b98-acd4566189e3</Message>
          <Message>abaa71ee-fdfc-4682-b468-f0db5e7ae240</Message>
          <Message>eb1b8d6a-fcad-4f18-ae54-edb72ffd2a47</Message>
          <Message>ee48f9d1-326a-41b3-b9ca-7dee46648b3b</Message>
          <Message>6ffb30eb-a76a-46f5-8457-92499a5f83a5</Message>
          <Message>554588a1-a173-4d8c-a48f-75e518975833</Message>
          <Message>4de55b05-63bb-49e9-8999-4658d90a5199</Message>
          <Message>45fbf3f5-e82b-407e-bdb3-41ee0a672214</Message>
          <Message>fd4fcbfb-7b46-4bcb-b055-99a06b61081e</Message>
          <Message>43bddb26-1d1e-4d66-bee5-b7cbfd6be5fa</Message>
          <Message>e6960967-a1f1-4c95-ab57-32b1b3dab0c5</Message>
          <Message>fb6dd23e-ebe0-417a-b15e-478925d6d2c7</Message>
          <Message>d77bae91-8fea-4e8d-bcf8-23ed04e63b2f</Message>
          <Message>5f74a628-307a-4c8e-8711-a78271d55546</Message>
          <Message>e33364fa-2409-4bfd-bf48-0c677be4537b</Message>
          <Message>e04f51b3-8a30-43ba-8c2a-ea527fd17d14</Message>
          <Message>322456f0-f4f5-4f6a-8a32-3efd0cdd763a</Message>
          <Message>562909ab-60ea-44f9-b832-0a4f72d7e20f</Message>
          <Message>522abfd1-ef8b-45f4-b948-a4aa2b3d4169</Message>
          <Message>c4428482-7b31-4461-ad45-c8ef24bc66ad</Message>
          <Message>e62405c0-ecbb-4f19-8f9f-a1a751c96856</Message>
          <Message>bccdceef-795f-4791-9484-98bb887f0b2b</Message>
          <Message>4cd71656-291a-4393-b267-e3fffc0da971</Message>
          <Message>07c7eb32-1e84-477c-ab77-6e4701347835</Message>
          <Message>ac528252-9a29-4d05-aab9-bdf7ed924437</Message>
          <Message>2e217bf2-0998-4090-8916-d3684b6ff0ab</Message>
          <Message>6b00b87a-7343-4abf-a5cf-142b0c7469cf</Message>
          <Message>f7d6fbb1-6605-41da-ada8-12495e05e1ae</Message>
          <Message>9a402397-a8d4-4be2-b3d3-3b8cdd12d8f0</Message>
          <Message>5f17131d-4fd0-4089-855c-be22dd9e9ab0</Message>
          <Message>d8e8cd3e-afa5-4ba4-b70f-6ab9df54f895</Message>
          <Message>cb654d86-19ab-4a5c-9ffd-a7457b14557e</Message>
          <Message>57887dfd-aa6e-444a-b9c8-cda963fa398d</Message>
          <Message>3d2d4a61-92f2-46e9-9e54-7ee7fb74ebd3</Message>
          <Message>855cdafc-5d14-4cb5-864d-7092917b8798</Message>
          <Message>7f804938-742c-484a-a7f8-5ea4e7f5391a</Message>
          <Message>c8d1b801-65a1-4276-b72b-01d78fc36f83</Message>
          <Message>95968547-6a08-4844-88e7-6d54fe1c5e20</Message>
          <Message>9cd78bfd-3dbe-41b7-8387-5531b2ca809f</Message>
          <Message>4f4f0969-eb8a-44cd-81b3-fb0bd659b2de</Message>
          <Message>170f4071-39d4-4eb4-9e84-e50c52984012</Message>
          <Message>b1b6949e-ecd0-48e5-bab3-03fedfe984c0</Message>
          <Message>5aaccdb4-68e6-4e17-a2bf-e3b839d8558b</Message>
          <Message>72aadbdc-342f-4789-8d05-e38535090cf9</Message>
          <Message>de169c20-624e-4fd7-9a5d-cf8c860abbd1</Message>
          <Message>20911068-442e-4f81-b384-e35dd2511a54</Message>
          <Message>6bba2b35-21e7-4038-b051-104581b72e72</Message>
          <Message>dbb285f2-23c5-494b-980e-6f5d115dce92</Message>
          <Message>fd6754dd-eb07-4a85-8a49-735c028bf9e4</Message>
          <Message>4f2a2f23-44f9-4d4a-aa34-80a75b5be226</Message>
          <Message>eee64e5c-d107-4505-9dd4-a7a9cf03fdc2</Message>
          <Message>0e52e485-f264-430c-a2a5-b6ba8938f415</Message>
          <Message>5d784a96-2818-4ccc-9823-ec30fad6646e</Message>
          <Message>42407a2b-67bb-4d31-9be6-8e8c764942e3</Message>
          <Message>80375beb-341b-4e39-8255-f08e0884bdd0</Message>
          <Message>0f29e4b9-cd4d-486c-a6cf-5d7b0b61abc5</Message>
          <Message>9ea4b68f-5c8c-45f5-bc4a-a9fe430d2fac</Message>
          <Message>e37bd47b-4b0e-4be2-b423-443d8ada6eff</Message>
          <Message>bf7fc91b-47d5-472a-9d72-9ccc118a7b27</Message>
          <Message>e4090965-1f63-4f04-b9b8-253156e55cb9</Message>
          <Message>d985d76e-a06c-4003-968a-7d6a7fc2faa3</Message>
          <Message>262d7f66-0da6-4a0c-bf8f-b185fdb709a9</Message>
          <Message>a6420746-2337-4c2c-b8ab-142c84df8d08</Message>
          <Message>d248479d-b845-4b09-a890-91596247adf6</Message>
          <Message>c8e451de-b83e-4a79-87bc-9075a7e19a34</Message>
          <Message>d9bc7313-6702-4a7b-ac37-6b35feb83688</Message>
          <Message>22bf2681-bc99-4161-948c-7e0c0afdf700</Message>
          <Message>d0c282fc-cb38-48e4-a158-d7575cfe083f</Message>
          <Message>1f918923-4231-48f0-b3ab-0dfc3ce3ce4b</Message>
          <Message>cd45aebb-4e39-4eeb-b723-80cd8f50ad67</Message>
          <Message>dafdb65b-7ca5-4725-82e0-151f3f37c542</Message>
          <Message>b33ee40e-5756-4ea1-a431-7a76902aeb51</Message>
          <Message>2db2b6ef-ee77-46f8-8611-a452f1c9cd4c</Message>
          <Message>cecb7612-1327-4ae4-a085-2b013d464312</Message>
          <Message>6c926ead-e656-4ad3-b715-d00ba0861678</Message>
          <Message>f1721f03-9a0a-4344-b0bd-c1f3a85affc0</Message>
          <Message>4cb4ef4d-5367-4f3a-bc3d-df74a2492703</Message>
          <Message>6ad25200-6d7d-49a3-b4f0-5dd1c6360290</Message>
          <Message>4409784e-7a4f-4b00-8c30-02646af4c7b7</Message>
          <Message>a007456a-11b3-4acc-bd1e-3eb53c5044e8</Message>
          <Message>3d579adc-85ef-451a-be41-e0e6b609d0a0</Message>
          <Message>f023e1a2-b0b3-4ac4-a0f9-d6c5e48d9642</Message>
          <Message>8938d4b1-3939-4252-af78-b267e1af18d8</Message>
          <Message>b2a3a16a-03a1-46b7-8d50-00a0b91e08bc</Message>
          <Message>ebadf4c4-2157-407d-a54f-fd5f3cf8d9cb</Message>
          <Message>461aa777-e20e-4318-8a4e-3723cdc1d897</Message>
          <Message>aaf19426-db25-4afc-a166-649ecbd6092d</Message>
          <Message>8e4f3c9b-ce89-4a8c-ace9-cf98b0b1927d</Message>
          <Message>df941b50-a42e-491e-9d98-21a6c20d514a</Message>
          <Message>aac344f4-1361-4a49-9701-2c420670f67e</Message>
          <Message>e5722a63-6a2a-49cb-b6fc-0463deff4ce7</Message>
          <Message>2a54c0a8-0c17-41d3-b618-9efcd9504e6c</Message>
          <Message>bdaaa843-e26e-4f97-8f77-5384786e6d16</Message>
          <Message>1c3cad2b-9d31-4f7e-a590-a3c472521086</Message>
          <Message>998b3abe-cafe-4b43-8f6a-ca400a2dd578</Message>
          <Message>59a92b32-ed5c-4e8b-9e3e-623f34156368</Message>
          <Message>48a8ef8a-c7ec-4fe2-b7c2-f27a76ef2ce1</Message>
          <Message>42a62ede-e590-486d-9aca-a629b0d31cb8</Message>
          <Message>54b70110-fb0c-4c16-bc4e-b3f4b7a15edf</Message>
          <Message>3e7d70cb-7f62-4f55-98dd-9620fd3dd82f</Message>
          <Message>8cfe6bcd-aa05-4e2c-9252-4178e3b6b37f</Message>
          <Message>adf3d018-4dac-44dc-80f8-ecfcbb436240</Message>
          <Message>d79802ac-4f61-42ac-a6c2-68f4e096dc54</Message>
          <Message>213489a6-8d0f-46bf-836d-28bfea76e57a</Message>
          <Message>3fd30d23-27e6-47a5-bc52-c26bbe4d7c78</Message>
          <Message>84bef489-90c7-4f75-8af4-dff6fad9ba72</Message>
          <Message>d6f4b0b9-bfd2-4981-b08c-86a26471803c</Message>
          <Message>55273de1-6c77-4a58-92e8-1c72b95b82e4</Message>
          <Message>aaa5d6cc-8536-4cad-985b-d6175d5b14b8</Message>
          <Message>05c713ef-97e3-4daf-b30f-9e91b2c2b102</Message>
          <Message>ad2af5f8-d771-4792-b096-de9848dcd01e</Message>
          <Message>ef16c32e-01d2-4522-9cd8-19e4fedbea6e</Message>
          <Message>d58db1c5-c828-4cd3-9603-1ce42ce1c5c6</Message>
          <Message>334c42e1-9462-4896-adb6-8ca8f8703b71</Message>
          <Message>7f33fd1f-33c5-46fc-a290-36d69f7a62b2</Message>
          <Message>897d6149-daa8-4691-92fd-9e6a0ea11604</Message>
          <Message>b8226c11-f367-43a8-b62b-7fc9315f4243</Message>
          <Message>58017abb-bf5f-40a0-a9aa-9a2c12bcd5ac</Message>
          <Message>2878901e-e4c6-40cc-bae3-623bf379d47a</Message>
          <Message>7a6c1f60-6647-49c0-ab33-f446e7101bc8</Message>
          <Message>52a7b3cd-1756-44ff-8d35-4737f9055a3c</Message>
          <Message>d8084131-a4cf-4d38-a770-77f587389c8d</Message>
          <Message>bdbd6b66-8887-4690-b980-b4ab26ee5cd9</Message>
          <Message>0ab73438-b4dd-46f5-b213-a8b958f0374f</Message>
          <Message>049ea31d-6360-4241-a57c-206c4e50a44d</Message>
          <Message>5e2b17e6-a2ca-47d0-a617-de434ec67ca1</Message>
          <Message>b8dc3f52-e886-4d9c-9935-0c7cb9094f45</Message>
          <Message>4440c851-5492-4a80-8709-e75b80abb84a</Message>
          <Message>c0269470-3b30-466f-aefd-54a50fd17b03</Message>
          <Message>a9c3341a-520f-45c8-956b-907d950c1e26</Message>
          <Message>df0688e7-d1fb-483a-b08f-e8542c9907d6</Message>
          <Message>e01a7f01-9e48-480c-b880-1ecd71069c8f</Message>
          <Message>372a3319-05c3-421b-b06a-fce22fa513a1</Message>
          <Message>d62ff16b-ae5c-4e52-b7cf-829bbe89f3ab</Message>
          <Message>eeb1897d-927d-4c54-b493-01a154ae31a4</Message>
          <Message>59f8c814-8695-4227-a094-0d24fd9ca9f7</Message>
          <Message>d466ef27-7c70-4454-a1f9-ca39855fe8bc</Message>
          <Message>b33bd5e7-bcaa-40b5-a97b-2bd046a51792</Message>
          <Message>3ba7ddd6-8853-4c1f-9fae-d00cba4ed3d1</Message>
          <Message>e8e39edc-8da0-4798-bd8c-f2c8eeca0a59</Message>
          <Message>448a206e-66a8-49d1-9fd0-aa38ee948ab7</Message>
          <Message>c5ae0ba9-62c6-403e-a6ed-bf9eec973c0c</Message>
          <Message>fb84dcdf-47a7-47cf-baec-00bdb9ca5123</Message>
          <Message>2bc32880-4e2d-43cb-ba4b-e69e90f37924</Message>
          <Message>bfc0c134-9155-473a-8fa0-73eb02b00a20</Message>
          <Message>53a844b7-b342-4063-810f-035518f16167</Message>
          <Message>b719f4dc-ad88-4b4b-affb-63e61fbfb102</Message>
          <Message>4c9f5ced-b2ef-4c1a-9917-919c21f82c2e</Message>
          <Message>9f1660f7-9df3-4847-b37d-44c37c299cec</Message>
          <Message>47d999da-98e1-4c9c-80d4-97aa31abc652</Message>
          <Message>ffbb4da6-065c-49e5-b51e-a2add3c73ae4</Message>
          <Message>7860f955-fe8e-4377-8362-905c0002a717</Message>
          <Message>a8405ad8-68be-43ec-9d85-982e5abbd8cc</Message>
          <Message>dcb55699-a4a3-4f79-bc70-9ba4c6734a87</Message>
          <Message>094024ad-3575-4936-b9f5-017055488d7a</Message>
          <Message>efd6b9b1-7f5c-4b5e-b6d1-bd4d2b0072b7</Message>
          <Message>a0518e55-d8ed-472b-8999-8c4ce33f61fd</Message>
          <Message>731b6964-c5b4-4a14-9fd2-a1da03dceda8</Message>
          <Message>95a338a7-7973-43d7-ab41-9f4b2aeb0bca</Message>
          <Message>bcb80077-1e95-4ca7-ba6e-154d8bbc17b1</Message>
          <Message>ca34ce6a-a2a5-4dc0-ad3f-e6af776dbe7f</Message>
          <Message>7c6c8c1f-264c-45df-8b5c-486b9eabbd1c</Message>
          <Message>a91b74eb-1854-4c7b-a882-3197ee01e0a5</Message>
          <Message>91b0982a-6ca8-4763-a959-35a4cc476afe</Message>
          <Message>e640aa8a-7e99-472b-a72e-1f05906051a6</Message>
          <Message>35e720e9-29d3-4466-a018-8a79831085ff</Message>
          <Message>deebd9a2-7285-4287-8125-1336a1c67f5d</Message>
          <Message>589dbd36-fef9-4da6-a95a-3350895764c2</Message>
          <Message>b770a8c1-563c-41c9-9327-76996c98bf6f</Message>
          <Message>193e870b-d3f2-4028-b114-6c59e8039555</Message>
          <Message>7a60524d-fb83-483c-8b4b-ba7070052fb9</Message>
          <Message>7a87c5d6-3bb5-4ced-8789-f0a4e3089bf4</Message>
          <Message>7bf772c3-ab53-4a4e-b84b-22973a898a6d</Message>
          <Message>0df3650a-e0ed-486e-bd69-a4ab5fb486e9</Message>
          <Message>5c4c23d0-d25b-4211-863d-ea95ba9631f0</Message>
          <Message>0aca4785-b2d7-40bc-9ce2-1aae1306678a</Message>
          <Message>8badb9a0-97be-4435-8636-72003c4f6bb8</Message>
          <Message>ae509069-184e-4694-9ca7-9c6ab71fcf60</Message>
          <Message>88572b5f-0bd3-4c6a-8826-f93aed356e48</Message>
          <Message>40569a6b-1db1-4f6c-ad30-986a8d8433d1</Message>
          <Message>a7de6ca2-3a1d-44e9-aa18-ae77a50ba38e</Message>
          <Message>4f285a09-33ac-48c3-a5e2-2a930f600516</Message>
          <Message>3a649620-716e-4b75-bfdd-d0b123e565fb</Message>
          <Message>442b2893-0633-4b16-aae7-e2a1b9499f4e</Message>
          <Message>9837589e-5507-4d1e-8973-65482372fe18</Message>
          <Message>8ea2128a-e36e-475a-96b7-82494f073310</Message>
          <Message>b6fb4712-05c4-4c1a-a1f0-7bc3171baa92</Message>
          <Message>8ec2abcc-3d74-4bcc-a303-68f4fca721b0</Message>
          <Message>c2979d38-e6fe-4d73-b032-19862819aaeb</Message>
          <Message>649dea2a-6e34-470a-bab0-f7efefff3ebc</Message>
          <Message>b56f9c20-d4bc-454a-9084-50aa312b9d78</Message>
          <Message>8f660d97-a37f-4e9c-97b3-b348ef8aed45</Message>
          <Message>5a31191f-4ad7-4b1f-ac4c-7a3aa79ec43e</Message>
          <Message>7bd60ca3-c91c-48e0-8409-89b902e8601f</Message>
          <Message>4285048b-e3a5-4777-99b5-4330f29afb18</Message>
          <Message>15a9d225-dc77-44ba-866d-dae3a828c1bb</Message>
          <Message>15ffbfd6-e67b-4047-a8f9-57805df4d649</Message>
          <Message>11a2f839-a41b-419f-bdbc-aa5cb868cd90</Message>
          <Message>b13d5886-808c-4cd5-aa38-a9d5abf63daf</Message>
          <Message>d0725392-1354-4d64-9591-a1138db5b6bb</Message>
          <Message>8337185f-b282-4006-9516-bcca3a3b0ed1</Message>
          <Message>5dc6ab78-25ff-42a8-8dc4-72841c34aa30</Message>
          <Message>5cc7df82-343f-49ed-8a27-cabc4f184638</Message>
          <Message>dea8e63e-33ce-406a-bbdb-8b68d87f5c7c</Message>
          <Message>66d6b3f1-aa69-486c-8e9c-d49d7b3be1e3</Message>
          <Message>3d4d2049-7605-4267-9d36-83ccf2a77c8c</Message>
          <Message>5699fb39-bccd-4cf6-9d51-4cdbcd28d30f</Message>
          <Message>8c2c3c96-8b4c-43d7-bf17-3d994e619376</Message>
          <Message>58763cf9-8258-45a5-978f-2357e72b8cd5</Message>
          <Message>90adee7d-812a-45ec-a37a-db41f469dcc2</Message>
          <Message>93c30be0-95f4-48fa-9c53-1077168ca798</Message>
          <Message>34611346-5e7c-4bce-9e00-92033b4cac96</Message>
          <Message>dce603a9-f087-4ed2-ae3e-ab755e5a9985</Message>
          <Message>1e89eb9d-374c-4d10-b556-e4b24640ac80</Message>
          <Message>7501aaed-0507-4483-b380-5e5b47523289</Message>
          <Message>1d48527f-7bfd-494c-8917-3bd2bdcd921c</Message>
          <Message>636ff659-5b89-4f48-9a05-d85089e09722</Message>
          <Message>2c99bb2e-7b87-458f-98f6-2d86b7d5a536</Message>
          <Message>7e316191-5181-4070-89c7-5a51af5ddf6f</Message>
          <Message>eddfcad9-4c85-470a-9688-39521252c249</Message>
          <Message>990cf4ff-bda2-42f8-930e-b880d3d9be40</Message>
          <Message>46fe0125-8320-40b3-a0e9-f98d5c811a02</Message>
          <Message>98c1bb3e-32f9-4f40-9340-e826416e9556</Message>
          <Message>466e0825-d411-4287-b6a6-0bb878164af7</Message>
          <Message>babbcb5a-36ce-4cac-9f77-45cf92c3ee1c</Message>
          <Message>b44be9a3-7beb-4af6-9f7a-08b1cea7e857</Message>
          <Message>e05359e3-88a9-4714-969b-bfe4f44e97a8</Message>
          <Message>662c63b5-82e6-4cdb-9a12-45d80680ec43</Message>
          <Message>4f4db63b-f242-4b66-8a86-907c0922f83c</Message>
          <Message>d967a09c-1fb8-490a-afb9-b10e95a91cec</Message>
          <Message>d79bd01b-de9e-475a-a1cf-c4dc35f4b51e</Message>
          <Message>ffa42b62-f49a-43e3-8cc2-c89f52cebe98</Message>
          <Message>08b71c77-ba44-474b-bc3e-473f286b17dd</Message>
          <Message>aac83b9a-dd58-4b0b-a334-fab8f35a5559</Message>
          <Message>20ca8257-7208-40d6-b4c6-e6d1cd34442f</Message>
          <Message>b5a0e616-82ef-4b01-8947-eb145a67ff17</Message>
          <Message>1ea4a4b2-0b9d-4116-bd5d-4032a2ea3f52</Message>
          <Message>9f954301-eb6e-42c5-bd96-2d744a046aa8</Message>
          <Message>b4d27fb6-fefa-40c3-bec9-4d5d8f9e42c4</Message>
          <Message>5431541f-e2ea-4893-92e1-513bd4dc66b7</Message>
          <Message>33330d8f-45db-438a-a370-02b55b064bde</Message>
          <Message>536c3a39-4510-4e38-a999-c6041607daa4</Message>
          <Message>eb917fbe-3943-481c-9f4f-2b5900418ba4</Message>
          <Message>5307c249-8196-4331-b319-c7b8ac3f260b</Message>
          <Message>e1a4ef9f-4185-4467-9f99-eba0da35ac3f</Message>
          <Message>72c74787-cf3d-4a9a-8f05-fd21abb04f8f</Message>
          <Message>4b6f37e3-bff3-458a-a6e3-82f7e0de3c66</Message>
          <Message>3d571643-11fa-4103-9be5-320c12e9105d</Message>
          <Message>87a0ef57-5489-430d-ba32-e25a9127ced4</Message>
          <Message>a7bb5422-6273-4d00-b17c-d87dbb7f6a5d</Message>
          <Message>09d51b6d-662f-474c-ad0a-b5a49e6542cd</Message>
          <Message>761a0ec8-fa09-4ace-885c-6363bf9a6574</Message>
          <Message>71ea92f0-a6ae-4a8c-930c-cfb3464cee2d</Message>
          <Message>8a874ccc-3dd1-46e6-aec1-893e4c25932d</Message>
          <Message>c3b99584-2ffc-4cef-a9c9-f56c6b0fa7b6</Message>
          <Message>9200d1e0-4be1-4938-a660-434d1b0c6a20</Message>
          <Message>b3b9fc72-f559-407a-b0b0-2f63da2e98a8</Message>
          <Message>26a13591-4d0e-4b0f-b72b-875af94b2c40</Message>
          <Message>9bba17de-1401-44bf-8217-909e2c2c9f04</Message>
          <Message>9bed8e2d-e6cf-4ee1-93a0-645e965037fd</Message>
          <Message>41fdb022-163d-42a9-8eb7-1a65300bcb91</Message>
          <Message>0a3a6e81-0518-42e9-b115-209e175b095f</Message>
          <Message>086157b8-b9df-40e0-bfc1-69714263c2f4</Message>
          <Message>e5f45b1b-c0f1-4cd9-b64b-6830e35536f4</Message>
          <Message>fdf90d2c-a47d-49e1-b467-10abdbae8c17</Message>
          <Message>cd5a991f-0b2c-4fc5-96e5-1d74c973346f</Message>
          <Message>c0d05439-89da-461f-a400-d095a76bd8c9</Message>
          <Message>61d80f5e-1961-48dd-af76-0c05f2e0b4ef</Message>
          <Message>a9a8b30c-cd77-412c-8f9d-21b69081f9aa</Message>
          <Message>d598de1b-3934-4331-8b9d-1e1ed9da6a52</Message>
          <Message>a490e67c-8639-4edd-b9e4-3fde0e6fd1b7</Message>
          <Message>509ea8b2-9e1e-4364-9cc6-c88c26560875</Message>
          <Message>c5d72ac0-f36b-428c-a772-9a3ce26a631d</Message>
          <Message>76a897fa-aad1-4f6f-bd42-5586deda262a</Message>
          <Message>fa0cc25f-2c6f-4fd0-b1df-53a41967015e</Message>
          <Message>bbf59181-5e56-486d-ad38-9c328593e2c5</Message>
          <Message>b7a47a6a-a99d-4e9d-b949-9dd6028375a6</Message>
          <Message>14196ceb-f514-45f1-ae9a-17ed67b1788e</Message>
          <Message>6489af02-7d7e-425c-b493-6eb3e915f9d9</Message>
          <Message>292abf0a-c1e2-4532-83d2-eb99f7778a78</Message>
          <Message>f492dcb9-1821-4c2c-abbb-aa0e658e412a</Message>
          <Message>b89c2ac4-5c2e-449f-a7e6-aaf27a30edc9</Message>
          <Message>696aa72f-f40f-40a0-bad2-b08537724de5</Message>
          <Message>a9224ee0-b851-4bdb-b9e2-1a9fcb680053</Message>
          <Message>9a2b49da-1694-4c3b-a038-c8b25f0675b7</Message>
          <Message>de05c43f-3131-4fb5-adef-e9037e0acee2</Message>
          <Message>686cd42a-7725-4d94-96b0-3bf793d32116</Message>
          <Message>ecb029ba-1f95-44ad-a806-82535f265ba2</Message>
          <Message>2fdf0e9c-4d1e-4709-a9da-7e6a081b1fd1</Message>
          <Message>6287451a-bdfc-45f5-8b3e-889f824b9db7</Message>
          <Message>406e9fb1-da0f-4890-b69c-4021af03738f</Message>
          <Message>3f7163f5-0099-446e-85a4-db6ed5a09421</Message>
          <Message>a77923bf-dd92-4b6f-b80e-266d250daf83</Message>
          <Message>d8bfe8d7-56eb-4db2-9c82-52cd1c077d6b</Message>
          <Message>85b4b183-a44e-4656-a689-5b4a49f01702</Message>
          <Message>ffbdafdd-0a3c-4511-9e64-b198034813c4</Message>
          <Message>243fd852-3247-4b5a-b5ef-d2edd34b529d</Message>
          <Message>6b93079f-6012-44b2-a670-e2e9a93f83ee</Message>
          <Message>d7e2cc0c-2af1-4768-86aa-837eff0d8926</Message>
          <Message>d8472e61-8847-4b98-baa0-214f8aacb8fa</Message>
          <Message>f85a28ae-6015-40bf-8529-1dd504a6f7d2</Message>
          <Message>0bd882a8-9bc6-4c2c-af86-f749321d4e6a</Message>
          <Message>92135d14-9937-4f63-9b71-2a3b81a73189</Message>
          <Message>36189f91-196e-4098-a4c0-67b562f6abcd</Message>
          <Message>9ae186e8-6505-4136-9bc9-b2df95ac115a</Message>
          <Message>a04ba7fc-55d3-4863-8ef7-6676ed893c5b</Message>
          <Message>bd06572f-f436-4475-bff0-e887002dd73c</Message>
          <Message>8e2bf5ba-5637-47ca-9c83-c64ab788ede3</Message>
          <Message>621a685c-dfd0-446d-af0e-74b1bc094c59</Message>
          <Message>f9af0bce-a60b-4d1c-b730-83369a3606a4</Message>
          <Message>2b06520e-fa61-43f5-9ca1-a7375b4c9d34</Message>
          <Message>541e562b-fbd0-4188-b6c1-72fb7b37a58e</Message>
          <Message>a52179a1-9a7f-40f6-8c6d-6346e87c05a9</Message>
          <Message>e6f717ff-687f-46b4-b488-78d2f5f29ab7</Message>
          <Message>95799ef0-146e-4481-84b7-92ffa6c7568b</Message>
          <Message>16fd77e4-e81a-4f5e-823f-c8e2a9b30664</Message>
          <Message>3a7bf203-f2f3-436c-91c0-b5c93673a6d6</Message>
          <Message>05821936-68de-41fb-8d5e-0616e370428e</Message>
          <Message>a54f3b5f-e6bb-4adc-a6d5-8e737a0a9cf4</Message>
          <Message>e33eab3c-6698-4913-ad55-a588f0ef5696</Message>
          <Message>757bf6a7-b61a-4a4b-afa1-fc6e146ad516</Message>
          <Message>81b5480d-48c0-42cb-9302-de8126367dd7</Message>
          <Message>06555b1c-ae27-4b4e-8ee2-9f0a4e752c9f</Message>
          <Message>aceb2f1e-2de6-461b-a383-24b7aeb516cb</Message>
          <Message>a29d13bf-c169-44f2-b50c-ad3448086c26</Message>
          <Message>4c8c951a-2f77-40ad-a3e3-028094b16f3f</Message>
          <Message>9c47d490-dab0-45d0-a037-9a4fe14ae450</Message>
          <Message>325d1d86-a167-47c4-8917-c96f6df442ce</Message>
          <Message>715beaf6-e4a4-4c86-a2c4-8ba72311dbeb</Message>
          <Message>e8a91ffa-a7a8-470b-95ff-fadec865454c</Message>
          <Message>4a73be30-156a-48c3-b870-ca5d315810b4</Message>
          <Message>b859cc4d-e708-42cb-a784-9e9038903c3c</Message>
          <Message>5bf894eb-e1f6-4832-aec4-471f0bb35024</Message>
          <Message>899d4cff-27bf-428a-b7d4-3944d3936f7a</Message>
          <Message>8a3adfd4-6d83-4c20-a63a-cbbe2c5faeec</Message>
          <Message>e774b0ba-b7fb-4ad3-a9b3-5151fed897b6</Message>
          <Message>742b3461-7ea0-4f3a-9334-b78c238d5ab4</Message>
          <Message>659e4ee8-8dd0-4329-bdc2-73fa09accbf2</Message>
          <Message>0fd58efb-b10c-4a80-9000-f95bc4f9267e</Message>
          <Message>d4d80c30-ba13-4155-a8c5-c05861178657</Message>
          <Message>4fcff5a2-13db-4a30-8850-974af2f11a42</Message>
          <Message>1afe2722-b1fe-4610-a37c-f05471ea8f05</Message>
          <Message>bbcb75ae-07ed-46ac-92f7-e9ef7fe14c5d</Message>
          <Message>4b4465c5-0ad4-462c-b1bf-9c208321035d</Message>
          <Message>c7e49eb8-b5c2-4632-8531-fdb0e855316d</Message>
          <Message>31ad2f36-dc64-4c0e-a12a-7cc947ad2e1a</Message>
          <Message>9a41f137-b447-490a-9504-2be661d8e24a</Message>
          <Message>70b34a19-3ac8-4037-b46f-6ed5bddbc46c</Message>
          <Message>237484cf-84b2-43eb-bfef-d1765323f835</Message>
          <Message>e7073d6f-fe34-4125-a138-328a5728c5f6</Message>
          <Message>93c537b3-80f0-4028-9d1f-c6dedd2eda80</Message>
          <Message>421060b4-b819-4ac2-949e-5138cad7c11b</Message>
          <Message>fd7c0261-e71d-49c3-94c5-0b6d6f4cf43c</Message>
          <Message>1a61cee9-49e2-433d-a963-274defd08319</Message>
          <Message>04c3f638-fc60-447f-9bda-db2ad9fe7af9</Message>
          <Message>aee993c1-f240-4aeb-ab44-25f5109d54ec</Message>
          <Message>07bad724-c434-455b-9b2e-9b05b2b06d90</Message>
          <Message>a9258db9-f01a-4cb5-ae0f-c823154e8dd1</Message>
          <Message>1e2cf4bb-dffa-4cfc-a063-2f7ff76ec2cb</Message>
          <Message>ab475db4-2227-40e7-a50f-7f6680ca97fb</Message>
          <Message>55e7fb47-ed4e-4a16-a1af-cf242d63661a</Message>
          <Message>987b70a8-1613-41ca-b23f-312f0e2c1b06</Message>
          <Message>bfea5887-23fa-42de-bd59-c1826bed9729</Message>
          <Message>f43daed2-e6a4-40e0-8e82-3f29c747019f</Message>
          <Message>4eefd96d-d709-455f-a60c-74e32f6122b8</Message>
          <Message>e3a5446f-0d16-4265-b603-df1d82010b21</Message>
          <Message>3b7b69f7-e0a0-40ad-9e44-09e635537815</Message>
          <Message>b626fa9b-1a5e-4bd1-a0f1-542986b0b4d2</Message>
          <Message>bdf0260a-01a0-44a4-a7dd-15cb7f740705</Message>
          <Message>9ebeb0e5-9d1c-4c50-9fd2-d7c8c4468561</Message>
          <Message>d138b85f-82d0-4903-a82d-5b47a38fe376</Message>
          <Message>738d0946-ca2d-4215-b2f8-7b6f007113fc</Message>
          <Message>679a57d4-045d-4482-a8c9-e9a33f45e5e1</Message>
          <Message>7d530367-6081-459a-84ff-b49be6ae64fc</Message>
          <Message>d00da68e-ffb1-48bd-a8cc-22c1f1b6473d</Message>
          <Message>154913f2-b4b8-4fc9-8826-ab5ca7b95c59</Message>
          <Message>f4b634aa-7bb6-451b-b1af-c6623bcecb23</Message>
          <Message>59356cb9-ec2f-418e-826b-b2733025a31e</Message>
          <Message>2836cc28-2341-4b06-95ff-c8084aaedc86</Message>
          <Message>0339e69d-aa2d-4c38-82a0-fe4a0ce1cf10</Message>
          <Message>f6f4d14e-b821-4ce4-8da7-57d4b580d575</Message>
          <Message>d4b7fa3e-0cde-4d2d-a144-a6e9bc9a3d94</Message>
          <Message>e6a1b50c-0f39-4fe9-9af3-319b9763b5a2</Message>
          <Message>d21bb54e-2f74-42b5-a5fb-58b9d582b785</Message>
          <Message>3870fb4d-2fac-47ee-ac77-1bc277c1d616</Message>
          <Message>6e6f391f-0c9d-4cdb-97e9-928757c5ee40</Message>
          <Message>f96c8d68-1844-4665-9451-e4512afd74c0</Message>
          <Message>d4d54764-8095-469e-bda8-acf1cffef244</Message>
          <Message>009102ff-6ffc-4a9e-b6a7-868a8bd0ffab</Message>
          <Message>bb720e16-16bc-4345-80a8-986ec69d0b44</Message>
          <Message>2859fa85-a820-4ca7-8858-b5ba21c9890e</Message>
          <Message>2a084ee2-985e-489c-857b-74934944963d</Message>
          <Message>ec1838e3-7978-4815-872b-3a6af4d6c982</Message>
          <Message>85b45403-ff20-44ae-a5c1-6e51db2bad64</Message>
          <Message>853556e0-baa3-4d59-9ee6-b7e6a9d3291f</Message>
          <Message>04312a1e-92dd-4282-8973-f07cf530f5cb</Message>
          <Message>df1ee3d9-df14-4ac3-8838-65024ed51737</Message>
          <Message>209c3021-85eb-4476-a8a5-b2cc418f35ce</Message>
          <Message>ea835559-4cad-4a6a-ad58-ec417ad4018b</Message>
          <Message>a8e7c1a6-2676-4464-93fe-200f9507815f</Message>
          <Message>3a5fbcbd-0bd6-4897-b0ce-e420d280e3fd</Message>
          <Message>f5e525d7-55c8-4815-8007-6647ec6a2abd</Message>
          <Message>e304e690-1d5b-4945-bf2f-fd224e7ea94d</Message>
          <Message>811158f4-0cc8-47f8-9ccf-9f7a49f86f40</Message>
          <Message>01c3495d-27a5-4a15-9e91-7322a5a3004e</Message>
          <Message>86580945-1510-4c6e-9e34-6ab0f1c5292a</Message>
          <Message>20c5a41d-c19d-4568-9dc2-d1cef3d4e434</Message>
          <Message>f8053e44-95f1-4b19-8043-48477b3b9161</Message>
          <Message>3943e28a-2971-4cdd-b15a-82df871df1a2</Message>
          <Message>5d4e7436-7d99-4edc-973f-aa2168ea8465</Message>
          <Message>a750fcc6-42b5-4343-bfc9-606576b0125d</Message>
          <Message>9a4eda82-8631-477a-bcd4-6d22824afbcb</Message>
          <Message>189d8179-c34b-4f5c-bafc-94194aa1f86e</Message>
          <Message>686e8c18-ddd4-426f-9e12-e1fc96174aa9</Message>
          <Message>45e1d8fd-94df-4fd0-bf3f-c8ef305a21a6</Message>
          <Message>8a2a211c-df4b-4c2e-a7dc-a2fa686da98a</Message>
          <Message>19c522a6-855e-4bd6-a296-b1f44aa6d002</Message>
          <Message>615945d5-732e-42e6-b69f-d05651048aa4</Message>
          <Message>598ca6ee-ed39-4035-a587-3fa73f6078a5</Message>
          <Message>f33c5744-65fa-466f-aa6f-930bff53b08c</Message>
          <Message>bf7d0cad-d299-4b46-b052-1635607db6cd</Message>
          <Message>da940e8f-dd74-4182-b917-b3ab330ab36e</Message>
          <Message>651f2e8c-242c-4a4c-ac42-0cb040631f6a</Message>
          <Message>d05bbd5a-103e-4111-94a4-a3d56bd01e18</Message>
          <Message>8856a9ae-3f35-46db-bccd-14cce8b3aa5b</Message>
          <Message>a34bc086-fd38-4720-b096-6870b4e933c7</Message>
          <Message>0cbb620d-87c4-4ff3-ad32-224b2bfcadae</Message>
          <Message>11098f84-101a-4256-ad4b-2426868684d2</Message>
          <Message>f5c6b5e7-7fd5-4540-85b5-092e13fed939</Message>
          <Message>0e49263a-e34f-44d8-b09f-8c1d28e5c7a9</Message>
          <Message>f934070b-c067-4e50-9766-d22fb5916e9b</Message>
          <Message>d717e0b6-c0d6-4239-9ceb-8151b3a60847</Message>
          <Message>c48f4cd5-114e-4b23-a9de-23590e6029f0</Message>
          <Message>de5fac35-6c17-4bd4-9a3e-3e2395fb6ff9</Message>
          <Message>bba32ef6-54ea-44cf-b490-8bf21dbd3421</Message>
          <Message>bdbe9509-6a96-4617-a636-94a9b9705342</Message>
          <Message>daa94d3f-083b-458f-bf14-e7d3020f9a87</Message>
          <Message>7949f4d5-c186-47f9-962b-000a97bf1bf7</Message>
          <Message>36cdf280-f3c6-4a8b-a52f-a7c347df53aa</Message>
          <Message>75c7dc0d-ec42-4a25-b967-49f02c3dea22</Message>
          <Message>059b194a-9d07-4219-869f-1602ba8302ee</Message>
          <Message>edaeb48c-3d73-432e-b83c-053e8056e84e</Message>
          <Message>e8a77e91-ab20-42e9-b70b-f62bc0e0fc71</Message>
          <Message>a3ae2007-a223-4587-81dd-25ab5a6c374b</Message>
          <Message>377ba1a6-af20-4e00-bd75-588233001b5c</Message>
          <Message>eae01492-c279-47d1-8f3e-b069cd7cadfc</Message>
          <Message>f44a5b73-9ac8-407e-8c9e-a1c11e87a542</Message>
          <Message>5ef20c5e-9d06-4525-ac84-7186ecbcad4c</Message>
          <Message>e5fc5d37-c217-4ad8-a9f4-c6c55e1b3b1a</Message>
          <Message>3778371a-4ed0-4f1f-9bd0-2ec748ef32d2</Message>
          <Message>e5172f70-fdb5-4dde-a08f-dc11ca5d4c84</Message>
          <Message>6bff18df-cd38-4283-9b74-275c18600aef</Message>
          <Message>a7e5e0bf-efee-43c3-9c3a-ef9fde3e558e</Message>
          <Message>a0350be4-578d-40fd-899f-c8ff71e0f94a</Message>
          <Message>eebe1c0e-5a0b-47fa-a4c7-e1c24cb2384a</Message>
          <Message>92fa1500-2819-4de9-80a5-231110d5a580</Message>
          <Message>1895fd66-8fb6-498a-b1c8-3ea60108db3e</Message>
          <Message>6a1ebb8a-d586-404f-8096-cf007ef8807f</Message>
          <Message>10cf8ffa-445c-442f-8ca4-0f6088d7acf7</Message>
          <Message>3f3018b1-0f31-4ae7-bbda-e4727956a031</Message>
          <Message>d2ff4324-df17-4e75-b20a-67e3b3774557</Message>
          <Message>9e0940db-e064-43c4-8726-630b28391d71</Message>
          <Message>4e690231-2b1b-405f-b2af-a5b8e5caf84d</Message>
          <Message>9522b282-0323-4aba-94a1-94bfba866790</Message>
          <Message>b9e8f7d9-83ec-42c2-8272-9e4630d7896b</Message>
          <Message>e9de1fd7-796d-4b1e-b56e-27f7fad14f88</Message>
          <Message>71993b9f-b373-4112-8193-3ec0b76d810a</Message>
          <Message>eef672ac-f127-4f08-a3a5-ff1677a95e83</Message>
          <Message>4a06e600-8722-46a3-bfa9-d32348b7e3e3</Message>
          <Message>8d459724-f2dc-41b9-ac77-b3b72d84f094</Message>
          <Message>45977a9c-0b7e-4ac1-bbbf-6997b6999439</Message>
          <Message>270732e5-af8e-445d-bbf9-9a27a9ccd641</Message>
          <Message>0f89e4d4-1940-43e0-bdab-e0676680a7f4</Message>
          <Message>bd18b034-f1e6-45b4-ad87-4da7bd498965</Message>
          <Message>9bd80402-944f-4ad7-9214-54e9ad447b68</Message>
          <Message>c384d7de-3df6-44ac-8749-1864380c1980</Message>
          <Message>277a26b3-c696-428a-9ab9-52321031903e</Message>
          <Message>9db8d66e-2098-422c-9bdc-1ade0238c206</Message>
          <Message>7f977288-e3fe-4103-9d6d-8286745074c4</Message>
          <Message>1093256b-d56f-4465-8be5-b7dff973cf0b</Message>
          <Message>0856142a-daf3-4ae2-a853-f386570b85bf</Message>
          <Message>1cbc98ca-4444-47a4-acc3-381adaf3f203</Message>
          <Message>04c5ee3f-6117-4738-80c8-bc43fee2a227</Message>
          <Message>325b6fe4-d50e-4424-a963-e5528ed8e8ef</Message>
          <Message>aceb8b82-4870-4d8c-ba25-3f5651e888ec</Message>
          <Message>604b0d68-ec95-4acc-bf03-31a8c9a2f761</Message>
          <Message>08c1ec81-58b3-4dec-8506-4fe8680d803f</Message>
          <Message>9d7bf5e4-c206-4aa1-8273-b80b2b59f0e7</Message>
          <Message>c718e82d-78ae-4142-bb26-f12b127d487c</Message>
          <Message>6c5e2783-d1cb-4689-93fc-72321e46f0b8</Message>
          <Message>c86e8d94-dc98-41da-9848-7ef3db9cf864</Message>
          <Message>f36ebdcf-4b93-43f4-a2c0-e90c850b08e6</Message>
          <Message>387fc901-b63d-4b7c-acc1-02049d516ddd</Message>
          <Message>e23fa983-3ba9-4805-b761-da957e7f7611</Message>
          <Message>efee2b36-51dc-43ab-a5fa-674db8a01298</Message>
          <Message>6d9ec011-8ace-465f-b545-4c7ec06a470f</Message>
          <Message>2b3c2e28-4d3d-4006-98c1-233630c76ae1</Message>
          <Message>022408bb-d508-46db-bbd3-72c9a17411d5</Message>
          <Message>39cc2f54-fb82-4ff3-8f35-e93dece53bcf</Message>
          <Message>3fd31d91-e624-425a-8ac5-967f8115d1a0</Message>
          <Message>9c55655e-c782-4ca5-b4b9-7505d80ee795</Message>
          <Message>3e708757-da8a-4780-bfd0-9bb81f1f39ee</Message>
          <Message>b4a93006-490d-4203-bcd5-1277fd74ccee</Message>
          <Message>7e88ba2d-5b50-4442-9c11-f0dfa86e4c6a</Message>
          <Message>1a14e056-4849-476d-8464-1ff18b562d5e</Message>
          <Message>db25bdbb-d06e-409a-bc87-75de054019da</Message>
          <Message>ec9a4d34-c835-473f-8739-b79319dae5fe</Message>
          <Message>5e46aab4-dee2-487d-a0c5-00d4244fa7fc</Message>
          <Message>55f8705c-3787-4fe9-bb69-3ace92485422</Message>
          <Message>a49d08f5-d08c-4679-a15f-c84c618b51ea</Message>
          <Message>2674e409-8634-4ef4-80c3-123e508f29c1</Message>
          <Message>9e870c2c-3af7-43fd-a197-2bd141c95793</Message>
          <Message>98a93a05-7ba1-46ed-98db-e7dce2a12ed3</Message>
          <Message>db304516-6974-4977-82be-005f06f4a4e4</Message>
          <Message>685794a4-6590-4f8c-92dd-bfc31e63c2fb</Message>
          <Message>17319bd0-84f7-45a4-af08-59ec19776982</Message>
          <Message>7bea40e4-a082-43c1-958a-2c0be201d28f</Message>
          <Message>5f307f7b-0852-4474-9c88-4f80bd532c23</Message>
          <Message>e5a13cbe-a46a-44d9-8817-c6dc74e2c3f5</Message>
          <Message>a29c762a-2594-445e-bcaf-e5c35b1e2a3f</Message>
          <Message>c932107e-3fc2-4b9c-861e-3c82a5c2e2e2</Message>
          <Message>cd6460fa-82d3-49b6-827e-3b408f3df345</Message>
          <Message>d38cf694-f63e-499f-aaaf-325e040b59e6</Message>
          <Message>f3fbb7dc-155b-4f8f-ba11-0bf99b9f26ed</Message>
          <Message>7c269a78-729f-4c8f-8764-d9fcba7bea69</Message>
          <Message>6d136ea7-bab9-4764-86f8-8b94c04268c1</Message>
          <Message>bc530bb6-2b27-438a-8055-e61387f54a76</Message>
          <Message>79776337-3bbd-4a00-a4e5-6cd8c24a494f</Message>
          <Message>61b5a14f-33b6-416b-aeb1-26fe3386c929</Message>
          <Message>f8d37239-415b-4aff-b005-fd94a9b79ed3</Message>
          <Message>76ab77bc-50e1-4c8c-a7fe-af677d571ec4</Message>
          <Message>49c966aa-d67e-41f6-92bb-a3508d39be7b</Message>
          <Message>625b871e-57be-4df2-9a00-8a5f9d52a915</Message>
          <Message>a31c7bce-439b-473b-8fdf-6382503be7db</Message>
          <Message>01907d72-c716-425e-890c-b5845cd3182d</Message>
          <Message>a9d7ef58-6438-49c4-97b9-341c4f3f49c7</Message>
          <Message>18714273-d39f-47eb-9f9e-9f73aeda0398</Message>
          <Message>f75b669d-dc2b-4e36-b298-648e3286d030</Message>
          <Message>431c732f-612e-4152-9b0e-ba89d022a49f</Message>
          <Message>aef2ae81-af01-4f56-ab84-3163f14364d7</Message>
          <Message>5a1cb63c-c366-4f1d-a40a-28a0d537844d</Message>
          <Message>8a884ffb-9db0-43ab-9973-197f76762dc6</Message>
          <Message>46914614-7dbb-486a-b379-7be17828d92c</Message>
          <Message>a1b9c250-8a69-4ab4-9ba4-c76bbb9572c2</Message>
          <Message>92a8370c-cdfc-4cfb-8ac6-c60d3daed442</Message>
          <Message>ee5844c6-2ef3-4382-a2f2-5dc3b5315957</Message>
          <Message>fb0da79b-e01a-45d2-96ff-61240290b80a</Message>
          <Message>29250f20-b5fc-43cb-9cd3-8f29c8d98008</Message>
          <Message>2f4d0edd-ba82-40cd-9678-1730eb7d92f0</Message>
          <Message>722c17bc-2aa4-4bd3-a448-ada3f11649a6</Message>
          <Message>33c1ac37-4f56-47b1-97fc-ce05960c1172</Message>
          <Message>17eac2f5-6d90-46c9-980f-3d5006d498d6</Message>
          <Message>65cc28f7-263b-4b14-91c8-48d872915118</Message>
          <Message>f9f027d9-e6c6-4155-ba42-b2526acddfb7</Message>
          <Message>2817b925-a7b4-4d96-a4f4-b3b97df8aa0c</Message>
          <Message>aff634cc-754a-4c99-9387-8ec098510c46</Message>
          <Message>b6488d88-9407-4ec8-9acc-f410d4832748</Message>
          <Message>3a69ce3c-8ba5-47fc-bb80-2ee3949dd944</Message>
          <Message>8c5d8808-d878-486e-9984-bf8a1216cd06</Message>
          <Message>e161af06-67bf-474a-a80d-c1e12f3718f3</Message>
          <Message>a3d706ff-f61b-4bc7-9e09-b1f46e95b0e5</Message>
          <Message>d9264781-3b7e-49be-94c8-af8ff327e714</Message>
          <Message>fb6e6d6b-c0ca-4674-b68f-056e4fa0cc55</Message>
          <Message>bcdbc1dd-e756-4713-b7ca-6cdff71bc2f3</Message>
          <Message>187f2758-d49e-479c-8723-d8478ea39fc4</Message>
          <Message>d87bea14-e763-45f1-b4a9-80941ef72c23</Message>
          <Message>8b862aea-ce9f-443e-addc-498c0dad5090</Message>
          <Message>d6b55969-6b47-41e8-b022-2c3e3ba22d6f</Message>
          <Message>af6a24b6-6468-48c0-af42-8b71b21c88e0</Message>
          <Message>aa5be720-8f1c-47d7-8d8a-78f18fd25d59</Message>
          <Message>532aee2b-60db-4a47-aef9-e0c284ef0221</Message>
          <Message>3fe44448-5746-4474-95cb-a02df67bb115</Message>
          <Message>a521c50a-7ee7-434d-96ad-4276dd7fdf26</Message>
          <Message>7ffb33aa-330d-45e7-9528-5ae4d79ee1ee</Message>
          <Message>1a7103b9-1026-44dd-aa09-5cff200e91cf</Message>
          <Message>635066e7-79f5-4c85-9264-d341ddfc665a</Message>
          <Message>b30e5fb3-e83c-47ab-ae36-ecc05a0d23d2</Message>
          <Message>9c56c0d9-9211-4d11-b8f3-75f3a55d118a</Message>
          <Message>e27c20f8-99af-4583-8429-8fd25846c24e</Message>
          <Message>920e545f-de31-42da-bbe9-6880abb39a1c</Message>
          <Message>0eaf002d-b79a-4d90-9fc9-6d61685c6437</Message>
          <Message>a40740cc-ad7b-453e-8e83-367eb2257027</Message>
          <Message>e1b41438-25f6-460f-b3da-df3e2d2bfdf2</Message>
          <Message>52b69d41-2d1c-49a3-bfb0-61470a0d9d92</Message>
          <Message>24128438-4464-4b54-be2e-369f075be939</Message>
          <Message>3e37776b-175f-4e1a-808f-4e73254ae3f3</Message>
          <Message>f1fca9a5-1d82-44b4-8ba6-81bdc2fd80b0</Message>
          <Message>bf9f3c3d-f2ae-417a-9718-8a0d6e991859</Message>
          <Message>648c5d29-b8ec-4bb9-993d-f047acfa1af9</Message>
          <Message>cb02d17b-3d2a-4fd9-ad02-c5aba326de0b</Message>
          <Message>876c1988-455e-48cf-9d7f-c035bae2eb70</Message>
          <Message>9d53b8dd-d454-42cd-b2b3-eaafe25da26d</Message>
          <Message>7e10d771-1d89-4e1f-97d6-08fe7c181012</Message>
          <Message>4902b1bc-cec2-47e9-9d9c-e51739ccb09f</Message>
          <Message>6a8cc044-8572-4c45-9b6e-1ee4b009fcfe</Message>
          <Message>18842e26-f1f3-4e45-b7f1-980fcb004aa9</Message>
          <Message>0c276a71-a28d-481e-9889-da278ea8fd80</Message>
          <Message>0ae690b4-721f-49ab-84dc-b9730906edbb</Message>
          <Message>028ce60f-e190-4d4b-8c66-96581910baf8</Message>
          <Message>ed419eca-5094-4f65-a694-fce3ada13cce</Message>
          <Message>5fe956d8-d112-4352-a27a-365496b5b193</Message>
          <Message>c5cbc526-b1e8-4715-a0f1-0c56c164d431</Message>
          <Message>50ef4f2c-71e9-4854-9197-6999cfe3961f</Message>
          <Message>d4bc2e5f-d8f4-4a07-a8ee-87a15730bab4</Message>
          <Message>3199229c-07b4-4aeb-9d78-bdb49dddb252</Message>
          <Message>7dc677a3-616f-4d6a-95a2-0f4c12cfd5f0</Message>
          <Message>de320d03-cc67-48ff-99f7-fea60f56701f</Message>
          <Message>d8ba3420-c660-4418-9b56-285b0257f36b</Message>
          <Message>261e218f-c43a-408c-9cd5-046b1ade7a8a</Message>
        </TextMessages>
      </Output>
    </UnitTestResult>
  </Results>
</TestRun>