<?xml version="1.0" encoding="UTF-8"?>
<TestRun id="a3d0b57c-074d-40e8-8ac1-8a1a05d0bcf4" name="Wangsong@WANGSONG-PC 2013-05-17 16:24:58" runUser="Wangsong-PC\Wangsong" xmlns="http://microsoft.com/schemas/VisualStudio/TeamTest/2010">
  <TestSettings name="本地" id="f7471ad7-7223-4255-adc8-bfedd733e2e1">
    <Description>这些设置为本地测试运行的默认测试设置。</Description>
    <Deployment userDeploymentRoot="C:\Users\Wangsong\Documents\Visual Studio 2010\Projects\LEONIPack\TestResults" useDefaultDeploymentRoot="false" enabled="false" runDeploymentRoot="Wangsong_WANGSONG-PC 2013-05-17 16_24_58">
      <DeploymentItem filename="C:\Users\Wangsong\Documents\Visual Studio 2010\Projects\IFDatahouseService\Brilliantech.DatahouseService\bin\Debug\Brilliantech.DatahouseService.dll" />
      <DeploymentItem filename="C:\Users\Wangsong\Documents\Visual Studio 2010\Projects\LEONIPack\Brilliantech.PackagingWS\bin\Debug\Brilliantech.Packaging.WS.dll" />
      <DeploymentItem filename="C:\Users\Wangsong\Documents\Visual Studio 2010\Projects\LEONIPack\Brilliantech.ReportGenConnector\Brilliantech.ReportGenConnector\bin\Debug\Brilliantech.ReportGenConnector.dll" />
      <DeploymentItem filename="C:\Users\Wangsong\Documents\Visual Studio 2010\Projects\LEONIPack\Brilliantech.Framework\Brilliantech.Framework\bin\Debug\Brilliantech.Framework.dll" />
      <DeploymentItem filename="C:\Users\Wangsong\Documents\Visual Studio 2010\Projects\LEONIPack\Brilliantech.Packaging.Data\bin\Debug\Brilliantech.Packaging.Data.dll" />
      <DeploymentItem filename="D:\File\DLL\Thrift.dll" />
      <DeploymentItem filename="D:\File\DLL\Nini.dll" />
      <DeploymentItem filename="D:\File\DLL\log4net.dll" />
    </Deployment>
    <Execution>
      <TestTypeSpecific />
      <AgentRule name="Execution Agents">
      </AgentRule>
    </Execution>
  </TestSettings>
  <Times creation="2013-05-17T16:24:58.9824000+08:00" queuing="2013-05-17T16:25:00.5314000+08:00" start="2013-05-17T16:25:00.6914000+08:00" finish="2013-05-17T16:26:43.6534000+08:00" />
  <ResultSummary outcome="Error">
    <Counters total="1" executed="1" error="0" failed="0" timeout="0" aborted="1" inconclusive="0" passedButRunAborted="0" notRunnable="0" notExecuted="0" disconnected="0" warning="0" passed="0" completed="0" inProgress="0" pending="0" />
    <RunInfos>
      <RunInfo computerName="WANGSONG-PC" outcome="Error" timestamp="2013-05-17T16:26:43.6514000+08:00">
        <Text>测试宿主进程意外退出。</Text>
      </RunInfo>
    </RunInfos>
  </ResultSummary>
  <TestDefinitions>
    <UnitTest name="_addItemTest" storage="c:\users\wangsong\documents\visual studio 2010\projects\leonipack\testproject\bin\debug\testproject.dll" id="934278cd-874c-cc33-c0f6-e20a82f222a2">
      <Execution id="37ebc280-af01-4e90-beb2-b402db8d7d4c" />
      <TestMethod codeBase="C:/Users/Wangsong/Documents/Visual Studio 2010/Projects/LEONIPack/TestProject/bin/Debug/TestProject.DLL" adapterTypeName="Microsoft.VisualStudio.TestTools.TestTypes.Unit.UnitTestAdapter, Microsoft.VisualStudio.QualityTools.Tips.UnitTest.Adapter, Version=10.0.0.0, Culture=neutral, PublicKeyToken=b03f5f7f11d50a3a" className="TestProject.PackageUtilTest, TestProject, Version=1.0.0.0, Culture=neutral, PublicKeyToken=null" name="_addItemTest" />
    </UnitTest>
  </TestDefinitions>
  <TestLists>
    <TestList name="列表中未列出的结果" id="8c84fa94-04c1-424b-9868-57a2d4851a1d" />
    <TestList name="所有已加载的结果" id="19431567-8539-422a-85d7-44ee4e166bda" />
  </TestLists>
  <TestEntries>
    <TestEntry testId="934278cd-874c-cc33-c0f6-e20a82f222a2" executionId="37ebc280-af01-4e90-beb2-b402db8d7d4c" testListId="8c84fa94-04c1-424b-9868-57a2d4851a1d" />
  </TestEntries>
  <Results>
    <UnitTestResult executionId="37ebc280-af01-4e90-beb2-b402db8d7d4c" testId="934278cd-874c-cc33-c0f6-e20a82f222a2" testName="_addItemTest" computerName="WANGSONG-PC" duration="00:01:42.8170000" startTime="2013-05-17T16:25:00.8364000+08:00" endTime="2013-05-17T16:26:43.6534000+08:00" testType="13cdc9d9-ddb5-4fa4-a97d-d965ccfc6d4b" outcome="Aborted" testListId="8c84fa94-04c1-424b-9868-57a2d4851a1d" relativeResultsDirectory="37ebc280-af01-4e90-beb2-b402db8d7d4c">
    </UnitTestResult>
  </Results>
</TestRun>