<?xml version="1.0" encoding="UTF-8"?>
<TestRun id="1ed778e6-62e7-4325-b96f-72e4cc5de99b" name="Wangsong@WANGSONG-PC 2013-05-13 10:35:42" runUser="Wangsong-PC\Wangsong" xmlns="http://microsoft.com/schemas/VisualStudio/TeamTest/2010">
  <TestSettings name="本地" id="f7471ad7-7223-4255-adc8-bfedd733e2e1">
    <Description>这些设置为本地测试运行的默认测试设置。</Description>
    <Deployment enabled="false" runDeploymentRoot="Wangsong_WANGSONG-PC 2013-05-13 10_35_42">
      <DeploymentItem filename="C:\Users\Wangsong\Documents\Visual Studio 2010\Projects\LEONIPack\Brilliantech.ReportGenConnector\Brilliantech.ReportGenConnector\bin\Debug\Brilliantech.ReportGenConnector.dll" />
      <DeploymentItem filename="C:\Users\Wangsong\Documents\Visual Studio 2010\Projects\LEONIPack\Brilliantech.Packaging.Data\bin\Debug\Brilliantech.Packaging.Data.dll" />
      <DeploymentItem filename="D:\File\DLL\Thrift.dll" />
      <DeploymentItem filename="C:\Users\Wangsong\Documents\Visual Studio 2010\Projects\LEONIPack\Brilliantech.Packaging.EpmIntegration\bin\Debug\Brilliantech.Packaging.EpmIntegration.dll" />
      <DeploymentItem filename="C:\Users\Wangsong\Documents\Visual Studio 2010\Projects\LEONIPack\Brilliantech.Framework\Brilliantech.Framework\bin\Debug\Brilliantech.Framework.dll" />
      <DeploymentItem filename="D:\File\DLL\Nini.dll" />
    </Deployment>
    <Execution>
      <TestTypeSpecific />
      <AgentRule name="Execution Agents">
      </AgentRule>
    </Execution>
  </TestSettings>
  <Times creation="2013-05-13T10:35:42.8448000+08:00" queuing="2013-05-13T10:35:42.8858000+08:00" start="2013-05-13T10:35:42.9068000+08:00" finish="2013-05-13T10:35:46.8918000+08:00" />
  <ResultSummary outcome="Completed">
    <Counters total="1" executed="1" passed="1" error="0" failed="0" timeout="0" aborted="0" inconclusive="0" passedButRunAborted="0" notRunnable="0" notExecuted="0" disconnected="0" warning="0" completed="0" inProgress="0" pending="0" />
  </ResultSummary>
  <TestDefinitions>
    <UnitTest name="notifyEpmTest" storage="c:\users\wangsong\documents\visual studio 2010\projects\leonipack\testproject\bin\debug\testproject.dll" id="a2a65208-cf1f-509c-ac4b-630153ee3404">
      <Execution id="a36c440e-22c9-4ef3-ab82-d760f0ba9435" />
      <TestMethod codeBase="C:/Users/Wangsong/Documents/Visual Studio 2010/Projects/LEONIPack/TestProject/bin/Debug/TestProject.DLL" adapterTypeName="Microsoft.VisualStudio.TestTools.TestTypes.Unit.UnitTestAdapter, Microsoft.VisualStudio.QualityTools.Tips.UnitTest.Adapter, Version=10.0.0.0, Culture=neutral, PublicKeyToken=b03f5f7f11d50a3a" className="TestProject.IntegrationTest, TestProject, Version=1.0.0.0, Culture=neutral, PublicKeyToken=null" name="notifyEpmTest" />
    </UnitTest>
  </TestDefinitions>
  <TestLists>
    <TestList name="列表中未列出的结果" id="8c84fa94-04c1-424b-9868-57a2d4851a1d" />
    <TestList name="所有已加载的结果" id="19431567-8539-422a-85d7-44ee4e166bda" />
  </TestLists>
  <TestEntries>
    <TestEntry testId="a2a65208-cf1f-509c-ac4b-630153ee3404" executionId="a36c440e-22c9-4ef3-ab82-d760f0ba9435" testListId="8c84fa94-04c1-424b-9868-57a2d4851a1d" />
  </TestEntries>
  <Results>
    <UnitTestResult executionId="a36c440e-22c9-4ef3-ab82-d760f0ba9435" testId="a2a65208-cf1f-509c-ac4b-630153ee3404" testName="notifyEpmTest" computerName="WANGSONG-PC" duration="00:00:03.7734283" startTime="2013-05-13T10:35:42.9188000+08:00" endTime="2013-05-13T10:35:46.8738000+08:00" testType="13cdc9d9-ddb5-4fa4-a97d-d965ccfc6d4b" outcome="Passed" testListId="8c84fa94-04c1-424b-9868-57a2d4851a1d" relativeResultsDirectory="a36c440e-22c9-4ef3-ab82-d760f0ba9435">
      <Output>
        <TextMessages>
          <Message>fc6f7157-415d-48b5-9484-35238c8e2f50</Message>
          <Message>31fda446-35e6-466b-80a4-568ee173aa42</Message>
          <Message>a5dc612b-80c8-42a4-8234-5f464d33188c</Message>
          <Message>71611cbb-e25b-429f-a2a1-77251905c48d</Message>
          <Message>1880af7f-e938-45de-a5da-7062877f3fe7</Message>
          <Message>964c31d3-a9fc-4897-ab4d-77b8bfbc1c1f</Message>
          <Message>86d21e7a-6c2a-4236-b317-332c3e27715b</Message>
          <Message>a65a5539-145f-4a87-80d9-3e666cf48222</Message>
          <Message>5d617ab2-72c3-4bac-b0fc-6cc68a6f8d62</Message>
          <Message>01da6589-db5b-4708-a4ac-4dd5faab1899</Message>
          <Message>93ade4eb-1ac5-4ab7-ad5b-f535c5b146e9</Message>
          <Message>e568b6b5-8461-4e03-aa94-00567eb8f913</Message>
          <Message>3fb10815-dd92-494e-88c3-cd4af96220d2</Message>
          <Message>afa0e687-6b3d-4ca8-9c1f-462f6d541314</Message>
          <Message>60f2c64e-4666-495f-af25-2798efe555cf</Message>
          <Message>fe2e32dc-8e80-416b-b68d-1317d12ecb66</Message>
          <Message>c04ced20-c7a3-4eba-9a94-d4c2019eb80d</Message>
          <Message>5dff73af-24a8-4a79-ad21-6e681aa14da5</Message>
          <Message>42e4ff8f-4dc3-46f0-90a5-f47a41bba146</Message>
          <Message>681a6767-b0f9-4afe-8faa-a9875f2736ba</Message>
          <Message>fda2e39e-bec4-420a-94d4-c6d00be33300</Message>
          <Message>d9e2b66a-20fa-4783-8127-b765ca3b7fa4</Message>
          <Message>b9d972db-51fc-424f-8284-9fd8ef979c53</Message>
          <Message>3ca30ec9-18ef-477b-8a80-faa89d405a44</Message>
          <Message>05dd63ad-9619-4df6-a29b-aeb2e5aea8ad</Message>
          <Message>beb95e88-5898-4ba0-a50d-c0becef9bcb4</Message>
          <Message>e5eb8f2a-867e-4ed0-bd9d-0c5ea341819d</Message>
          <Message>635af4eb-b12e-46fc-8167-a82f0910497a</Message>
          <Message>6bd1b33c-79c4-4bf2-8280-ffa757c462f6</Message>
          <Message>db987d5e-d446-4104-9ff8-c93b1f8a4169</Message>
          <Message>a4ac3e58-9af8-43dd-8861-180e3f34b302</Message>
          <Message>a62ff0ee-16c8-4a76-8467-3d3b17b880df</Message>
          <Message>2aaa7027-ac35-40c8-b2dc-612668e43d1b</Message>
          <Message>90467f02-fa4e-4f57-9231-3224a58a7024</Message>
          <Message>b85e9ae3-bae3-4c36-b76a-e6498ffb4567</Message>
          <Message>3710e973-bdbd-4713-9c45-20431d66a04d</Message>
          <Message>4d17675b-f958-4fb0-ac32-9590fba434e8</Message>
          <Message>276c4c59-46ac-469b-9707-37f0cfc67672</Message>
          <Message>6c96d016-4544-4f31-82f4-8bd098b5ce47</Message>
          <Message>90e16a3d-c6ed-450a-9b8b-5b2e8db28b03</Message>
          <Message>e800b3b0-a0c2-4c04-a8d0-8c45f39c8f0c</Message>
          <Message>72c0b1b2-a7b6-4942-9d5f-8d77fd988a18</Message>
          <Message>6cec9a86-1b30-419c-8da4-b9e3364c0376</Message>
          <Message>4daab102-7ea7-4c29-b0dd-fc09f16eb993</Message>
          <Message>9e9ec691-c291-4c24-94ea-e5232b0a4b05</Message>
          <Message>267233f7-8aff-4e07-b0ab-048086ffbd57</Message>
          <Message>3ec45720-82c0-41fd-9ec6-e9be16c72e1f</Message>
          <Message>cc3babb6-be84-4770-b0ec-85680b7915c2</Message>
          <Message>62ca8f25-c69f-41fd-9ecd-c70be2c6d811</Message>
          <Message>f14e1d06-281a-4e2f-8a6f-37de05b69aa2</Message>
          <Message>bf094003-3578-4e66-8847-cb888fb916c5</Message>
          <Message>d90209d8-d070-49d3-add6-cadbabc6689f</Message>
          <Message>569a1d41-2c84-4cfa-baea-842d4a8f6511</Message>
          <Message>34f0edb3-a86b-4b56-b257-4981628f8fcb</Message>
          <Message>f9fbef99-86fd-4c71-96a6-6409fd1b50dd</Message>
          <Message>de855324-a5fb-4b80-81fc-f77ec52b2d7a</Message>
          <Message>4d3d3fba-0184-4540-87d4-cd63b6e875a3</Message>
          <Message>ad3fd7c6-445a-4eda-b95f-ee13a5d33775</Message>
          <Message>4b8ae9a3-83f2-41f0-bea6-5bffa8e514e1</Message>
          <Message>3ce66a82-dc8c-47dc-a67e-49968b6a13e7</Message>
          <Message>5fc0bd0d-e3ea-4895-8e64-c472f16a4c07</Message>
          <Message>ddbd1b34-80ae-4d0e-b0a5-b36fa80e89f2</Message>
          <Message>cf798d00-d430-47df-9ddc-5156906dff16</Message>
          <Message>271c94e2-ef9b-460a-b0bc-fd3ea8604c1a</Message>
          <Message>dece1afe-bcee-456c-bbb4-7d8bedcf0891</Message>
          <Message>e12f3096-8ff2-4d36-8ea4-fe9d1c023183</Message>
          <Message>4f8a44fd-0dc7-4586-9255-05e5841aa34d</Message>
          <Message>ea2c2876-e060-4f58-a995-608c65cc8799</Message>
          <Message>810931fb-449b-42a4-84f6-1c73a7bac78c</Message>
          <Message>5cb8a822-1547-4058-bebb-7ca9e6fac962</Message>
          <Message>5ca88e22-7bd7-4052-8439-ebfe5bcc04df</Message>
          <Message>33c82ef3-413f-40cf-952b-09cfc76467f9</Message>
          <Message>aa71d2ee-ad38-4fbe-85e9-e58496474df8</Message>
          <Message>7ac50867-c80c-49e9-9ced-7ad68c05171a</Message>
          <Message>e0e5d8be-25a4-45d1-81cf-a4e97d351c95</Message>
          <Message>c839fece-680d-4a3e-99cc-3fc47cc74847</Message>
          <Message>15c15bb3-2390-4084-a737-0ef80684ab02</Message>
          <Message>f385de6f-627e-4003-b8c4-b49171f06436</Message>
          <Message>774aa23d-c20c-4dcd-8e20-96e2eaed34c6</Message>
          <Message>a21568ed-3eca-4efd-8bb8-dbeb0d0dee46</Message>
          <Message>2330413b-554a-412e-a02c-f8f8dcf8e794</Message>
          <Message>f7e47220-addb-435d-8279-d3b8500e4d80</Message>
          <Message>2f94edfa-635d-4e23-aaad-12e31ed5adfe</Message>
          <Message>de04dd43-19b6-40a0-aba8-fe3273c6a60d</Message>
          <Message>7d4ceee2-c363-46da-9c1d-2776547984a7</Message>
          <Message>740593ce-0c4b-47c3-8a73-cc054d2903ee</Message>
          <Message>bc8db709-8128-4260-a98f-57cbfb390650</Message>
          <Message>bacb383e-1684-4134-b705-c6b65c10aea5</Message>
          <Message>bb64a525-a95a-40a6-9245-cc71afd6b6bd</Message>
          <Message>4d5b70cb-dab4-4aa8-8505-58742792bd93</Message>
          <Message>8085fdaf-fdf3-456d-8727-03d687e1c997</Message>
          <Message>dc213ce4-e6ff-456f-8dfd-6d132c6e007a</Message>
          <Message>8e8a3ec7-f7b0-4353-a913-e97dffa7185a</Message>
          <Message>f911d3aa-3430-45c4-8156-4d1b90929eba</Message>
          <Message>fe5c3267-e890-471c-a33d-99f43f387d35</Message>
          <Message>215c7209-8d32-4808-b895-6e004470a01f</Message>
          <Message>0710729c-d139-4502-ae76-86b753b7b11b</Message>
          <Message>05d437be-ca09-4fc1-b7d9-29c5e6a85d50</Message>
          <Message>07ff7293-722b-40d5-ad56-73f1af1dec99</Message>
          <Message>458fc4ac-15e3-43c6-8e62-4a04067a5baa</Message>
          <Message>e72d7830-379a-4447-9af1-35a9ae29597a</Message>
          <Message>fac08aec-74cb-4394-a5a6-9cb10291d453</Message>
          <Message>de81237d-944e-4b01-ad75-37e6d668d2de</Message>
          <Message>da0809d5-0494-4353-8b9c-1f93e00f46c5</Message>
          <Message>531c15b6-8e0c-45f5-b71c-5923e7f7a7eb</Message>
          <Message>d2bb79ba-12a3-4768-a096-34ff5d84ba9c</Message>
          <Message>052b0efb-d532-44bd-809e-f29c27dd75e0</Message>
          <Message>fb9cac7e-acd8-430f-9116-2308e782e31d</Message>
          <Message>81dfa598-84e3-424b-b589-cd3553e7cfc4</Message>
          <Message>37e5e44f-be5b-4a4e-a553-bdd6f6e81ad4</Message>
          <Message>35d37aca-3c5e-48b0-9678-148a1a267c84</Message>
          <Message>d00ea1dc-b68e-42d7-8f18-0251d22aa039</Message>
          <Message>8f17f66f-6d31-4837-a8a3-006366fa7f0b</Message>
          <Message>f67cbf7f-52c0-4d50-a1e4-eaabd61c22d1</Message>
          <Message>06a8cf83-e717-4fb2-babe-5066be89c4fa</Message>
          <Message>693b852f-e4a0-46ee-8b93-a9758f21832a</Message>
          <Message>02c2020b-eb31-449d-bbcc-1ad6f12c526b</Message>
          <Message>5c3135d1-b00b-4e8f-a42e-61ea64e1d670</Message>
          <Message>91053c4b-5267-4901-879b-91c4528d3b90</Message>
          <Message>e3eb9f29-5c49-40bb-bcad-7987aeba4e66</Message>
          <Message>93a40702-91b5-44f9-ad1a-f903d8f28253</Message>
          <Message>92bb1687-d4da-47d9-87f8-c7427b9ff84b</Message>
          <Message>58c7ab88-2ad1-493b-a830-20318abfa696</Message>
          <Message>fd97a66d-a4aa-4468-a8ff-7d9a8927413b</Message>
          <Message>c106b9de-6e6d-44b9-b5c4-a529e721e1aa</Message>
          <Message>1e55401a-d031-4447-8c0f-d16a6d0c1a74</Message>
          <Message>fb6c34f9-1952-4e2a-8a8a-33a845d1f303</Message>
          <Message>36b8ae7f-8192-4366-9046-808a11598ec9</Message>
          <Message>1e694006-edea-4773-a6fc-9cf4d1792a96</Message>
          <Message>7789fd3a-d561-4bca-9e78-68640bf72539</Message>
          <Message>a53b2266-be84-4fb4-be30-fe3fb57f0e55</Message>
          <Message>914dfe3f-ce93-40b6-8311-45c14b881ff4</Message>
          <Message>f21537c3-3404-4ccb-8fd2-5ab3f3d3c604</Message>
          <Message>452ea1fb-8b31-4179-9bab-3f8bf503ed3c</Message>
          <Message>4ed75c0a-6f28-487c-b3da-f70024d3d1c3</Message>
          <Message>2312afc7-ee79-4a61-92ff-0ec51f5eafb9</Message>
          <Message>7d021250-6215-4f45-b754-198975d19841</Message>
          <Message>fb3c5340-d8b6-498d-b2c0-cfb176f1acae</Message>
          <Message>f4cbe37a-6078-4754-aa32-d47488ed03fd</Message>
          <Message>4a59b816-e88e-4596-b089-237151d06315</Message>
          <Message>d7331501-30c2-4546-862b-cbdef74528a6</Message>
          <Message>6a7e65d3-a341-4cef-85f0-a485963b6766</Message>
          <Message>073fa242-e313-49c2-8bcc-b869939b4056</Message>
          <Message>8a320bee-73ce-4a5e-8433-48588254ae34</Message>
          <Message>69d38445-f923-4e4e-a67f-1842cebdda79</Message>
          <Message>a56b0254-844c-4f57-8aca-7bf7370e4134</Message>
          <Message>7feede86-cfb6-40c5-b6a7-88c889aa0592</Message>
          <Message>8ad692c7-9b3b-4e4d-aa22-0215d533d9cb</Message>
          <Message>aff64b57-1141-4639-930b-afd68124309e</Message>
          <Message>340c12b7-9c1b-4cb2-b1fb-f67deff3450a</Message>
          <Message>3cb1072f-8f38-4d1e-9981-22b5bfcb5316</Message>
          <Message>541e1490-14fb-4863-9484-d37f507c813e</Message>
          <Message>c47ea86b-287f-4beb-a8ef-57d75d084681</Message>
          <Message>e7dba445-b7cf-44f0-aed3-77331c8a8304</Message>
          <Message>66536a37-fee8-43fe-b09f-71cd861e66b0</Message>
          <Message>4ddb0027-dd17-4fe5-b214-e65d70ef0531</Message>
          <Message>47a41007-865a-4f66-8d78-6038e5c1d9a5</Message>
          <Message>be37afe2-45ab-4f30-abf6-0c82326c0d8b</Message>
          <Message>d7900487-edd1-4b8f-8c49-7f58a1e2c777</Message>
          <Message>48e7b7d3-bbae-42ef-ae7d-b2c48c4edd25</Message>
          <Message>6bc2b527-86d0-4599-b095-689af42dfcc5</Message>
          <Message>ced59eac-0e3f-463e-b5dd-ed364edd7ebd</Message>
          <Message>54735c6e-8df0-49e5-a837-ca1c2ceda659</Message>
          <Message>355f21d6-f452-4a6d-bbed-ffbc59695710</Message>
          <Message>3047ace4-2266-4bb4-9739-6f8b6ca32007</Message>
          <Message>8d4ccea8-e8fa-454b-a46d-1b8fee49c414</Message>
          <Message>fb964ad9-9d7b-4ab7-977b-03971f24f17d</Message>
          <Message>241def7e-2777-49f7-b702-5b6124826a08</Message>
          <Message>cd7f23ed-46f4-4752-bec6-075d0982ed2e</Message>
          <Message>5074c976-d420-42cf-a93f-9ee2741172ce</Message>
          <Message>e3a6eab0-9440-44a4-92ec-862d95fda2c7</Message>
          <Message>498a5fea-46d8-4583-ab27-6716824fd1c5</Message>
          <Message>82c988f9-a544-43ad-a395-96aa4b1db3bb</Message>
          <Message>daad4019-05e4-48b8-a227-4e66945ab9b5</Message>
          <Message>f7c34dc7-73af-43fe-bd7c-fbc1cd0590da</Message>
          <Message>3738bb8f-fc1f-4d2d-9a26-388fc6a160c3</Message>
          <Message>7c213184-38fb-49cd-9673-90748db0b559</Message>
          <Message>fb07d6c2-d6ed-459b-a64c-121ced456808</Message>
          <Message>a5678f7c-b32b-42cf-b615-13d78563d837</Message>
          <Message>bdca42b4-bed7-4b25-b14f-fd12d48a6166</Message>
          <Message>c0005b62-8fa0-4a45-a9a0-504f3bc88e52</Message>
          <Message>d1f502f1-c454-482c-b151-551778ba3e11</Message>
          <Message>e87a554f-388b-4d02-adb2-b167480df7e9</Message>
          <Message>6f06ebc1-48f4-4c1f-a030-05a2e0f21061</Message>
          <Message>e0b58f8f-0c67-448a-8fd0-a633694bd282</Message>
          <Message>6c236eea-997f-4472-a40d-e9c08a8cadc3</Message>
          <Message>21bfd6c1-b91e-4f05-85b0-a54868b87b79</Message>
          <Message>e718e038-2eeb-4118-8a5c-daaadc77a154</Message>
          <Message>802d56be-d1a1-4e57-a3f3-6c44a4cd2e2f</Message>
          <Message>81132fd4-e7c9-44a3-8efc-84f0f8c9b537</Message>
          <Message>d56e84d0-235c-48e8-8f2c-48de37f0490e</Message>
          <Message>ff6e6966-7b19-45f0-bde2-20d98256bd47</Message>
          <Message>a2d830b4-a166-40c4-9691-8406eeb49890</Message>
          <Message>7caba688-c9dc-4c28-bb80-d1b4faf53ae1</Message>
          <Message>7dc9a622-fe5d-4eb6-8e79-c4e1c56177d0</Message>
          <Message>2bbfc9b0-69de-4a77-b805-6c31890903f3</Message>
          <Message>080e2190-3cca-4fff-bede-c25d67d4e07d</Message>
          <Message>1850b9d4-585f-4682-b87b-945bc4a023b1</Message>
          <Message>f4b6cec7-5bca-4336-b341-88ebf7ad254f</Message>
          <Message>4f5bff4f-997d-4e64-832d-c3a55942fa74</Message>
          <Message>6e3f2033-ad7c-4096-bb95-d7cab0e26ec7</Message>
          <Message>ad9b4316-5e2b-4339-8c4b-4f086f0078f6</Message>
          <Message>5dab9ca9-122c-4a34-afd6-cce8a5c40796</Message>
          <Message>3e5c3ab4-da3e-46ce-b72f-bf51113359fd</Message>
          <Message>67540345-f2c8-422b-a989-72a164031e3f</Message>
          <Message>8714a38b-d97c-4352-80bb-ab748f551f97</Message>
          <Message>e5495a46-a372-4e5e-9a46-45a487c50aff</Message>
          <Message>0e653a67-4025-41b1-86d1-df0b407f8cb0</Message>
          <Message>65fcf5e5-b8ba-4862-84b7-d532e168c8cf</Message>
          <Message>66a64f26-3a1a-4bc2-b0b6-a05485b751d6</Message>
          <Message>fd5968fa-e39e-4b39-b530-060f5a5af3fa</Message>
          <Message>7d902013-29c7-49fa-8e23-24f65c12020e</Message>
          <Message>dbe6cce3-f876-48f3-b6c8-6599de8c26fb</Message>
          <Message>f4484d61-63c9-4327-8363-32731bab5fac</Message>
          <Message>2c7f00d7-ce16-47ed-8c6d-4ac9de54a0af</Message>
          <Message>9bf6cc06-66be-4f52-a78f-94cd82f15757</Message>
          <Message>42bb797e-d471-43f6-8716-cda46474348d</Message>
          <Message>4e6d1d8b-a23d-46db-8a05-63c235b83cc9</Message>
          <Message>5f585a71-25e8-44d1-86ff-54eef907fce3</Message>
          <Message>76ed05c6-1410-4553-b10c-69188c06f92f</Message>
          <Message>7804bc41-f6eb-4d37-9727-5e9dfc508433</Message>
          <Message>b0bd1b0e-f0a0-497d-99f4-657e0249c312</Message>
          <Message>d431b42c-1d92-4262-86de-a2f349741000</Message>
          <Message>aabbee4a-259b-4336-913d-325b9a0ebb9d</Message>
          <Message>3bc6f9a1-39b7-4d49-b659-830fa37c2dbc</Message>
          <Message>f445ed9c-a9de-41aa-83a2-6bd04700732c</Message>
          <Message>2560df5d-39d3-4a7c-8fa4-ad7680ac6789</Message>
          <Message>f2f5c9a9-7816-4f2a-8ef6-9e3f649d8703</Message>
          <Message>48c4ee31-cc96-4042-bf7b-0f69ae921d05</Message>
          <Message>5a604716-86a9-4972-b96e-a5fec6e3e6b2</Message>
          <Message>b8fc4a0d-853a-49b1-b37f-aefe44f77b2e</Message>
          <Message>55f1fae0-e15b-42f2-92ae-e2c43f02d043</Message>
          <Message>bdfbc527-57b2-4269-9475-75ecbf482e5a</Message>
          <Message>c7896349-36af-4527-ac36-9358dd4c96ea</Message>
          <Message>9358b41d-f2cc-4c4f-bda5-8174416f31fc</Message>
          <Message>7223a643-b267-4746-851d-e58254019d7e</Message>
          <Message>2b55e08c-96b7-45eb-91a1-29053fa964cb</Message>
          <Message>daab9988-84d9-4dd4-afd8-8884ddcdd4d4</Message>
          <Message>a4827c34-82fc-4686-b08f-01e907dba4f0</Message>
          <Message>61c49619-b656-4aca-8de5-e65f12cfc0a9</Message>
          <Message>9860c930-48f1-4af0-ae69-7c160ee681fc</Message>
          <Message>a3d831d4-83e6-4e2a-8a3f-3c79a5c1e7e8</Message>
          <Message>e1eb9664-debe-4e05-8086-8138241c5500</Message>
          <Message>3c786a15-b57f-448c-a948-2be0824dc792</Message>
          <Message>50451d39-1fa1-4f37-b0a4-d25fa250f18a</Message>
          <Message>c1b984ca-cc80-41c3-8fc5-03ce1ec78d01</Message>
          <Message>265f71b0-75dd-45a9-94cd-8d276f817545</Message>
          <Message>4fb804f6-89b9-4aaa-8ab6-648b8e560558</Message>
          <Message>221efe81-bc18-45ce-a822-996ac752317e</Message>
          <Message>cc1e9441-0a48-49fb-8952-eafe526f1a21</Message>
          <Message>1e466643-a6c0-4441-afd9-9489800a140a</Message>
          <Message>9b7c4af0-0af2-40a6-9c4f-900c796f27d0</Message>
          <Message>29513fb6-4432-4c5f-bbe9-74ae74696ff3</Message>
          <Message>af674ac8-ed80-4160-bad9-144c01db61ef</Message>
          <Message>1dbf673b-b6e3-4671-af3d-944063ddeaad</Message>
          <Message>15c8df34-502e-461c-9716-780b376fdf7b</Message>
          <Message>549a55f3-fec7-40ff-9ec6-3ccd84b9c226</Message>
          <Message>76a57ff7-88c2-470d-914c-0b13bf8bce28</Message>
          <Message>3071f0e3-b219-4e3b-a6f1-583c70af061f</Message>
          <Message>ab33ee81-a868-4afa-aaab-ab96147d9ded</Message>
          <Message>e5b0ea68-1a38-4d25-9c92-70a9be0f9ffc</Message>
          <Message>2904b1be-3d21-48c0-a300-df3090b85eeb</Message>
          <Message>23314ae5-73ed-43c7-851f-8e9fd8188046</Message>
          <Message>82d89576-7710-41b9-a3d2-4b997dc9d652</Message>
          <Message>c0dfefd4-9f43-4130-ab06-ad09d0740c4b</Message>
          <Message>723993af-aae7-40b9-91b7-6ab374b48bb8</Message>
          <Message>bf8a5a12-4d28-405a-ac38-5aaf115a23e9</Message>
          <Message>b19e0151-ebea-459d-a370-d3ea6f9b2ca0</Message>
          <Message>33f6d723-4033-4aac-a0b1-806df6ca4643</Message>
          <Message>1a0d5521-25ab-4cb0-a2f1-b6c8221e870e</Message>
          <Message>83148aab-b596-4d27-9c68-2cd99169bb30</Message>
          <Message>b348b414-5274-4615-a5ef-72a855152e4a</Message>
          <Message>67928509-5d05-443a-8c7d-465720ac73d2</Message>
          <Message>8a9e9ee5-c2e2-4c8a-b2a6-0bfff4fc5d1b</Message>
          <Message>1083e683-ad72-4e87-aa0c-f4c830d50c82</Message>
          <Message>5812fef5-4d7b-4eaa-afc6-56caec598e73</Message>
          <Message>be2fb6e5-2c70-448d-85e1-9ded352c32d4</Message>
          <Message>fe863291-941a-4a78-bf2d-9ea41af8247d</Message>
          <Message>43544a07-0689-451f-b229-18f604374558</Message>
          <Message>ac518407-2928-4f0e-8706-11360a615bdb</Message>
          <Message>d1e42991-e3c7-4968-90c2-f8fd56ebb0e4</Message>
          <Message>360dafb7-50e4-49da-a4d6-a5ed6d559af5</Message>
          <Message>ecf7f69f-aa7d-47c5-988f-63793b4a5d51</Message>
          <Message>fd00f458-a63e-4eec-bc6d-2bf802cedf96</Message>
          <Message>d6ed7fc7-69c1-47cd-aa7c-19cc27433d88</Message>
          <Message>6df4398b-07a8-4822-96e4-ae903495926e</Message>
          <Message>bba9be65-9970-40ab-854f-4aac2b0ca369</Message>
          <Message>b9da9b91-9e30-4cdc-8993-314ce98bc36a</Message>
          <Message>362af8c2-8314-4f7f-a071-37567b97e97b</Message>
          <Message>26631f26-6dbe-4270-872b-673d724ddd55</Message>
          <Message>ec4b2151-1a82-4e6c-8c9c-6e3a4d2e9d2a</Message>
          <Message>79697c24-c393-4662-a5da-b9d4b85567e6</Message>
          <Message>29a71ba9-1f3c-48b0-89c7-219091b1bba2</Message>
          <Message>0d80abd0-318d-43bd-8104-2c75d0fef68e</Message>
          <Message>7522d563-859b-403a-9a8e-79baf316350c</Message>
          <Message>46505d81-cdbb-424b-8ea9-01b74f83392a</Message>
          <Message>9cb92797-b523-49ff-abe5-e62d76ccf8e3</Message>
          <Message>7ba1f117-da0c-4f86-b3b8-93150c2fd611</Message>
          <Message>c1d4439d-093c-4875-91d0-59f490622a2d</Message>
          <Message>65158579-b99a-4005-acb4-23a3400335de</Message>
          <Message>1a0c12fd-afb4-45de-8cd1-85f206b85046</Message>
          <Message>64772121-12d6-4a1f-a200-bd384396cdf9</Message>
          <Message>931e9c13-c190-4698-addc-afda92366e48</Message>
          <Message>5af1e757-2706-4a24-8691-d278e6f46448</Message>
          <Message>a6fc4fbb-066f-4ea6-847b-cb6fc0653f90</Message>
          <Message>c48ccb79-59ef-4a2a-820a-788925997623</Message>
          <Message>a90173dd-021b-49f8-88bf-a44680d92864</Message>
          <Message>c45bd0b1-d864-490f-b150-563cf5f1b04c</Message>
          <Message>aad8d871-55ad-43e2-9fa1-2244e973e990</Message>
          <Message>0228ff2a-d478-4a69-a342-48f23b502635</Message>
          <Message>01c3b884-21da-4d4d-b416-1d9de5b10f9a</Message>
          <Message>e0b8ae8f-0b85-476f-b5da-e7b08c414a18</Message>
          <Message>b4041e4e-6fa4-42a4-accb-44854372004c</Message>
          <Message>f59115f0-386b-4f81-a38c-ba21203ce0f4</Message>
          <Message>284d967a-93e8-4cd4-a8e1-5db5f1a5bf68</Message>
          <Message>2261125b-d42e-4441-a4a7-ba2f230ce745</Message>
          <Message>db7c2971-e633-4f33-93c9-b9658dc447fe</Message>
          <Message>adc1c644-4037-4f4c-ad61-cfaeb5128faa</Message>
          <Message>26f54cee-84b9-4c3b-a5e3-5166ffb3547e</Message>
          <Message>4f23de8b-26a0-4ab7-99af-6365ac91f93b</Message>
          <Message>47f4be5b-a86d-47f1-b32c-5b3db67b5dc2</Message>
          <Message>bd277eb5-9d5a-4167-87c3-2bd3308d0354</Message>
          <Message>d7f18991-5b8c-4cee-a180-dd1e1c5d04d0</Message>
          <Message>9774bf77-6f6a-4e81-8117-5800173063e1</Message>
          <Message>e7fd5296-9cbb-420b-9111-7a808f38287a</Message>
          <Message>9338009b-6872-494f-973f-787edb3e628b</Message>
          <Message>c6dd22b5-d54d-4816-a27b-6a39f17eaefe</Message>
          <Message>7614b95b-7889-4362-8c6e-91ae0304e05e</Message>
          <Message>cbad887f-20a2-4f9f-abe1-c3a0debc2ff1</Message>
          <Message>3ee13761-198e-4f4b-abe0-4eaa6d5de14b</Message>
          <Message>0d1adce2-2af7-4599-9057-f30521d697ed</Message>
          <Message>9a86c05a-1e13-48c7-bdbe-aef055d3d8b2</Message>
          <Message>756e962e-660f-4c5a-8f8e-976adf84741b</Message>
          <Message>5090ae65-7750-4c5d-9e4d-851e484819f6</Message>
          <Message>ed879e3b-6e3d-4e53-b202-af99f0f87c94</Message>
          <Message>5153d360-ecbb-4427-9fe0-cb94f275e47b</Message>
          <Message>abb1dc08-9a90-47ab-8a9a-2311452bf017</Message>
          <Message>26add420-8d3d-4115-b3ee-8bd507e522ee</Message>
          <Message>0c37d297-760b-4866-9fa2-54ee453c0d57</Message>
          <Message>5d903e23-8196-4bb8-add0-f35580449ed8</Message>
          <Message>0365cd80-bb68-4f36-b753-e035995d6491</Message>
          <Message>e5c1e1d8-697d-4fb2-808d-f2b2a688d3f6</Message>
          <Message>a9f0ecfc-2b30-41e4-aae0-c9cfaaa042e6</Message>
          <Message>ba75c57f-b196-4f2b-a276-df31cccafbca</Message>
          <Message>69154253-f8f3-4244-a24f-9ea5b2c523c4</Message>
          <Message>d7411a3b-c7b5-4bae-a0c7-4d758599c6dd</Message>
          <Message>77ea8728-c16f-499a-b0e7-5a2b93d4f137</Message>
          <Message>1255400e-e4c7-462d-b079-5cfca88a9b78</Message>
          <Message>2743e555-bfa3-48dd-aa49-f450e07173b0</Message>
          <Message>44dc81de-cf36-448a-9183-9177f37074e8</Message>
          <Message>4946a254-1d5a-4176-8cf8-5050b15a4557</Message>
          <Message>8e7e1222-d0bb-40ec-89a2-3294e1e9a15a</Message>
          <Message>7be87637-5157-44e1-9496-f2dc3d8b1c39</Message>
          <Message>1a412415-6b0f-474c-94b1-e9c3cd591d5b</Message>
          <Message>a757242e-8557-4065-9552-e01166d5adaf</Message>
          <Message>43aa4720-9fee-41bc-b021-040c997c695b</Message>
          <Message>cb53838a-70e7-4a12-91eb-ff0a1a7d3de3</Message>
          <Message>978dab6c-a965-441a-ab97-f0fbd133ee83</Message>
          <Message>9e01fd93-6bc9-457b-aad5-2b1170940819</Message>
          <Message>208b3f38-a2df-4cd8-ae0b-528b4cfa0c0b</Message>
          <Message>8dfffa75-a881-426f-81cd-512c99a93a0a</Message>
          <Message>57358715-dd5e-440c-bd66-1a5a5a94fcc9</Message>
          <Message>6a191894-4276-48d2-8dc6-865363981716</Message>
          <Message>044943fb-d625-49bf-9eaf-a6df1eceed35</Message>
          <Message>ef904d9c-3318-462f-b901-c8ec789d8cad</Message>
          <Message>c208cf6a-2f41-4e4a-8b9a-7347a9abb7d7</Message>
          <Message>4a169da9-9a82-414e-9568-eb999ff5652a</Message>
          <Message>cadc2652-5ce2-40fb-b8b0-60885ea28099</Message>
          <Message>c045cd1e-fcbc-4111-a915-ef84c71bf121</Message>
          <Message>3e1a5564-0ad8-4788-a2d0-e7ae07320f78</Message>
          <Message>62cf80ac-c959-42bf-8de0-361154b0f71b</Message>
          <Message>b3c06e6a-27a3-473a-991e-3a7d6a3ad360</Message>
          <Message>9d6e7047-75bf-4cb3-9770-fb67d03b48ee</Message>
          <Message>3e22503c-2e82-454a-8d09-f649a32ab368</Message>
          <Message>7d2661fe-26a0-4221-900f-434aaf199ca5</Message>
          <Message>d9cef2f2-0df0-4119-bb75-b24f8e11cbdf</Message>
          <Message>27b3d888-e376-4ffe-9697-f522317be16f</Message>
          <Message>62589238-00d6-45fc-819a-dc9651516638</Message>
          <Message>6f10db8e-936b-4de8-9c3e-94ad7c5a691f</Message>
          <Message>97b28be0-f96d-4492-a543-6fb104ebe426</Message>
          <Message>10aee39f-f482-47ab-8ad4-780277fe10a8</Message>
          <Message>030b5b87-9106-4c20-b846-56fd1ab94b7a</Message>
          <Message>a3e761ed-6f72-440c-8b61-3cd5cd786571</Message>
          <Message>4726b4ac-4322-42fc-830c-22039fedaaa9</Message>
          <Message>f8091e0a-9975-4cc0-8144-d558a6b15827</Message>
          <Message>b8f46fa4-db93-4df9-a1c0-e75269c073dd</Message>
          <Message>6354c102-6d20-4585-b54c-265d634de613</Message>
          <Message>6de75d2f-678c-4a9a-b836-9151233a9bed</Message>
          <Message>e8ca3c73-406c-4f45-843d-17777dae518a</Message>
          <Message>8c5dbb51-1319-4d05-bca9-2b026f1fa9a3</Message>
          <Message>c68d3f90-7b63-401c-a26d-a8e88b113eb4</Message>
          <Message>fdb39e36-8036-44f9-81ea-e21e101783dc</Message>
          <Message>4280e11b-bfac-4cbe-b28f-0fb0ee6b8e2f</Message>
          <Message>931f4401-7a96-4077-8bd4-e178a18e0f12</Message>
          <Message>2ba0a499-517c-4e5f-a532-e5869ff22fa2</Message>
          <Message>c406a107-c3da-4be3-a7ab-853cd49e2b8e</Message>
          <Message>c5fe396a-19b8-4d45-9bea-a3a3bb56177d</Message>
          <Message>5b43250f-908b-4459-ac37-69e8abbc47bc</Message>
          <Message>463afb6a-d851-4900-913c-9ecb41511372</Message>
          <Message>ecaa3b2f-bff2-4749-9169-1b11b6e9caf3</Message>
          <Message>ced5e760-c756-48f6-b137-ffe95cdafc9c</Message>
          <Message>7484e978-8367-492f-9c2f-527debaa4cac</Message>
          <Message>403a91ca-8006-40f7-8ba6-9791a39d54f8</Message>
          <Message>3a4c1b56-2996-4bc2-9a45-bd518e951ac8</Message>
          <Message>02d8ac27-52af-4efd-9a7e-6631e764eaa2</Message>
          <Message>15c2423b-a245-417a-90cd-f953e62eec05</Message>
          <Message>4653f727-2493-41cf-ade8-0d8c734123ca</Message>
          <Message>7c63980b-9886-406e-a9c5-70996c3b2f32</Message>
          <Message>6f7c37a9-7864-4e09-94cf-3058685bfd2a</Message>
          <Message>9331a9f6-2c72-47f8-9d70-a886d8904800</Message>
          <Message>e153ccff-0156-4323-9215-22a73b4256bb</Message>
          <Message>6d9f58f6-d10f-409d-ae68-e8193590014a</Message>
          <Message>bae67989-a35c-4ddd-bd36-9cd1406b3c92</Message>
          <Message>04808873-e0d5-483e-b2d9-27ec016b6882</Message>
          <Message>f03bafea-cb5e-4fd3-a31c-231f1a2ca98c</Message>
          <Message>d832353f-03a2-42c3-8fda-c42b7c60ad64</Message>
          <Message>eaa32b1c-19aa-4796-a83a-897c39e86b72</Message>
          <Message>4ce706c7-3dd6-4fd4-80b1-2188fcb5db0f</Message>
          <Message>4958d2d4-c06b-47da-844a-cba9c71124b6</Message>
          <Message>60e8d7b9-95b3-44d9-8164-7aa1a6cbf98f</Message>
          <Message>31b00402-7b75-468b-985e-e1da58ad08f5</Message>
          <Message>2aa8011a-c8d7-405c-a3a4-b8cd99be9df7</Message>
          <Message>052bf187-266e-48a7-8e70-f8d0552b4e26</Message>
          <Message>260b5cd6-91f0-4645-a5c9-043a3a88baad</Message>
          <Message>9bfd827b-9f04-4377-833f-7f6331d54251</Message>
          <Message>1010aa74-fb33-4364-b9f3-c7a17bc720b3</Message>
          <Message>9606fd3b-ecd4-4cc8-9cd9-d1a92f86032b</Message>
          <Message>ab0f4955-bed5-43e4-922e-35de26824282</Message>
          <Message>fcfd7c21-1b75-4c0b-836c-b60b29d2b4db</Message>
          <Message>fcdaf15a-931c-469a-b5d3-b558ef6b1dd1</Message>
          <Message>747802f9-00ec-49f9-add5-7ed12558cbbd</Message>
          <Message>bf62ea85-2cb7-419a-8bc1-1260afe80274</Message>
          <Message>f7f834e1-f24f-433c-8495-cfc7f18e2692</Message>
          <Message>1096c051-a667-4026-9d17-68e0e0344294</Message>
          <Message>4d4784a6-c5be-476b-8c6c-e076090a57d5</Message>
          <Message>a171c181-3516-4919-88ff-8f60b1ebda5a</Message>
          <Message>d0731450-8957-42d5-b3b2-f58c39fbe095</Message>
          <Message>3252952a-ca10-4790-99a7-f6fc653985d8</Message>
          <Message>424e14d1-b98c-450f-a448-8efb55a92b09</Message>
          <Message>610a5cb2-1407-46a4-aa57-49da68d8282d</Message>
          <Message>ae6fc28b-91e4-4142-9b81-1642f2d1ed9e</Message>
          <Message>9639bd29-32ff-4269-8bf5-de438f67cc63</Message>
          <Message>ac594896-ba30-4f17-a146-825bdda41c1a</Message>
          <Message>dc8134d2-c238-49fe-add7-035359417e1c</Message>
          <Message>b9493a85-5365-4eea-8c5f-e179bb7a91e9</Message>
          <Message>44ddfaa2-2dbc-4212-88eb-82e4c6c06be1</Message>
          <Message>2cda45ae-7974-47d2-99b6-51acb2603972</Message>
          <Message>6978a28c-72e5-406d-9c2a-6af4f723139f</Message>
          <Message>1eb5a8d4-83c0-4860-89fa-1e62ddaa9670</Message>
          <Message>08698179-6ab8-4736-a0ae-f92435b49db3</Message>
          <Message>6d847265-72b0-40da-b3ae-f17f1ba08cf0</Message>
          <Message>0e59a23d-290c-4067-9511-bd394fad4094</Message>
          <Message>8d8bc358-16ae-4419-aec0-2b94dbcd25a3</Message>
          <Message>e79af442-64e6-4ede-bce3-b80cd8c2c511</Message>
          <Message>161531b1-7011-4449-b0fd-6e783ed03f1d</Message>
          <Message>6f361223-7ac0-4bdc-9606-2aa3d9edb5eb</Message>
          <Message>ad1c8a80-3177-482a-abc6-9a7c561ad750</Message>
          <Message>36b01f76-8623-4e4b-8cba-f90af650a8b0</Message>
          <Message>3c39e45c-0193-459c-b069-57a2cc5dc602</Message>
          <Message>ddea53de-e978-43b7-ba24-a8a15a33158b</Message>
          <Message>55924bfa-6c29-4b00-885a-495a2e2e8d88</Message>
          <Message>e0d8d048-3cc0-48a0-ad8e-d2322f3f9dab</Message>
          <Message>c2236c47-4cc7-478b-9b1f-4b0ab1c6dbee</Message>
          <Message>5e23b25f-0bd5-4615-b5b2-ce94f3775279</Message>
          <Message>6d75a8fb-17c8-40c5-b311-69e03cca9ea6</Message>
          <Message>104b58e3-ed5b-4fb5-b251-283136d5d644</Message>
          <Message>10c20f72-9dd5-44eb-9835-5b173a605f3b</Message>
          <Message>d4bce420-ea2a-4fa7-b772-112bd4299c15</Message>
          <Message>50abf3c0-b1d0-48d9-86c5-84f3ac8a9eb0</Message>
          <Message>34b28ef9-f9f2-4de6-983d-4b2d9622be9b</Message>
          <Message>7d54af26-d905-4a88-861b-5885ad562c08</Message>
          <Message>91543fe0-7f6f-4c4d-be4c-db9ef046d3b4</Message>
          <Message>c5925d06-0c72-4c20-801f-6438a48257ef</Message>
          <Message>1facb1f7-d32e-46bc-a940-0a6489619824</Message>
          <Message>4940e654-2bb7-4ae3-aff3-a71f35b90def</Message>
          <Message>f9063193-f7f2-4625-9a63-5272d76d7740</Message>
          <Message>a96d5807-1e50-49f8-bb16-2904220e2b21</Message>
          <Message>a3dd2728-9511-45c9-a4da-af8fc722f021</Message>
          <Message>0a6bbd12-3e70-4498-9c33-3088a185a881</Message>
          <Message>ca656336-b712-4d8e-b862-1160b3948201</Message>
          <Message>db404b83-5d35-4e14-8851-366ab04d2400</Message>
          <Message>acd523b2-5a60-4881-8eee-587792ba1ae2</Message>
          <Message>777f6cbf-56ef-4448-a00a-e952df149a32</Message>
          <Message>fc1fd415-43e8-4857-99c5-410df74c45e5</Message>
          <Message>5edd272b-2681-442a-a7c1-68df4b8a3008</Message>
          <Message>52212f5d-b354-40d8-a0f4-a201b6219808</Message>
          <Message>bd0231f7-b987-444c-b09a-ae855556cb11</Message>
          <Message>4b3ae004-ed93-49a4-bd39-83ae8512f879</Message>
          <Message>a3f139f3-df0e-4819-8476-510cb6c458bc</Message>
          <Message>aa7f1f9d-1a15-45b2-a6ed-6134860b216a</Message>
          <Message>12e4885f-38df-402b-a29e-7aaf9d6e93ec</Message>
          <Message>e5274167-94b1-4443-8df5-6bebca91593b</Message>
          <Message>35e18c75-ddeb-4f45-8df0-21f71a343be9</Message>
          <Message>d6a6d60a-27a5-4721-b265-d3434f8320d8</Message>
          <Message>2f372f0f-7010-4304-b0bc-e20e186f06be</Message>
          <Message>07b17e2b-47c2-4aee-8059-e584e6bf0ad3</Message>
          <Message>0f294a96-7e8c-475a-8a76-66cf2c79b2fc</Message>
          <Message>2d013278-b456-42a1-8ddd-96f61b197e8a</Message>
          <Message>f1689f4a-059d-4ab3-b76f-1cc41fcab85f</Message>
          <Message>f4daed72-3f97-484e-ae70-cf05b96fe2aa</Message>
          <Message>010a8b35-6705-40c5-886d-07bbd9820c5e</Message>
          <Message>8436d5ce-11e2-46ad-823a-aa1111fda34a</Message>
          <Message>ff5f5912-74f7-40c6-87eb-27b45b1b6c0c</Message>
          <Message>a8f06642-f7fd-4c96-b731-7fdb4fd710f3</Message>
          <Message>aeb232f1-bb7b-40f3-bab8-7032dbf4c923</Message>
          <Message>be47172d-ed93-4386-8115-f897b5e6f101</Message>
          <Message>b5064138-f886-4a97-83b2-a6b4e714d43a</Message>
          <Message>7ef6aef1-863e-4a27-ad85-9ca67a4d43b9</Message>
          <Message>37f729ee-84fb-4ab4-bdb3-dc29a1739e33</Message>
          <Message>e1b22ea8-ca8d-464c-880c-ff5c4fd6bfc5</Message>
          <Message>b014145f-e6e6-45b7-9e31-a0c144d8b27e</Message>
          <Message>fc43568c-27d6-4674-ae2a-018eff9677b0</Message>
          <Message>95b3abad-0b8f-4a46-8273-01f3f24dcca2</Message>
          <Message>408e5a82-60c7-4588-b2d9-a022a44ffd75</Message>
          <Message>60bae71a-250f-42a8-aa96-267510e7dd3e</Message>
          <Message>3d2f310e-50ed-4180-9ca1-8e81a7b45f49</Message>
          <Message>af5266ed-3dff-4eda-b26b-a866b15187a1</Message>
          <Message>e485b88e-3934-4b25-92e3-5dc8c0ef8f64</Message>
          <Message>5d8cbe25-53cf-4681-bd83-7a983c522ce8</Message>
          <Message>38805904-169a-4f96-bc90-344ad4105880</Message>
          <Message>d3e967fa-9da1-4e9d-b13f-2458413f86fc</Message>
          <Message>ed03cdc6-322c-49f4-bd88-9a650ecb23ac</Message>
          <Message>076ea2c8-7e19-4d4b-a299-25c3833c46fd</Message>
          <Message>af6feddd-136c-4efa-aeca-8b0170a7b5ab</Message>
          <Message>8f1b57a0-54a8-4004-bee3-ad36ec30231e</Message>
          <Message>1f95c5ff-36d1-4b07-97da-e8e5afb95f14</Message>
          <Message>7ceaeeda-3dd3-4dac-b1b4-331176993a0b</Message>
          <Message>027ecb41-912f-4499-915b-0fcf1e439f25</Message>
          <Message>34002cc7-d38c-479e-982e-004d6e0eef84</Message>
          <Message>56d9e9c5-3b9c-448b-8265-e4746a5463bd</Message>
          <Message>f99dcf2c-02ea-4bca-a567-38c002658e91</Message>
          <Message>95a2fa2a-e023-4487-b2a1-c687a98dc0d7</Message>
          <Message>2bb0cc59-dc5f-484b-a04d-9ff2ccd7a084</Message>
          <Message>a7969f3a-a454-426d-923e-18261d8507b8</Message>
          <Message>32193c52-f728-4e3d-a68c-d0d55bc907e1</Message>
          <Message>0302226f-430a-4dff-a91a-c6b47c5b354c</Message>
          <Message>2327864c-feac-4062-aced-c431c6ae9024</Message>
          <Message>c75336b9-b477-4e3d-89c0-9bb397407379</Message>
          <Message>97ccb6dc-040a-42c1-9891-9fe9cf8cf37c</Message>
          <Message>1a7f4d3c-fb3b-44fa-87f3-5340b4e8f77c</Message>
          <Message>8808f83f-f489-40ae-bca3-4d7bdd3a2b99</Message>
          <Message>fa9c3924-138a-4024-ad47-b7a14a1dd148</Message>
          <Message>8ae8da52-d153-4032-a8bf-a6957faf23d2</Message>
          <Message>07d62e7a-04cc-4bfb-8939-54c139f02a1a</Message>
          <Message>6a08d8bd-0cb2-40a7-a2df-51e6d9193802</Message>
          <Message>81dd9de9-bb4e-4529-a0cc-8dce287362f3</Message>
          <Message>aa932131-d2b8-46cb-8852-34abff3f77fb</Message>
          <Message>d3f8a646-37f4-40cc-b732-747574f42fe9</Message>
          <Message>d31ec6c8-2b2f-48cf-8b63-7a40bf284549</Message>
          <Message>38ffd0dc-fc4f-43ed-a4fd-5f714a3a25d0</Message>
          <Message>48200281-6f0e-4ff6-9dab-9c10741ae7a5</Message>
          <Message>f3ebf51c-6560-4d5d-946f-65b442979922</Message>
          <Message>bfef7716-9091-4520-95d4-c46ec196980a</Message>
          <Message>30389bbb-bbf0-40b8-b115-e7e2224db081</Message>
          <Message>2396bfc5-3a74-4856-b895-3c6630cd2b42</Message>
          <Message>30780581-5725-46f8-be6d-1a9d78d5a072</Message>
          <Message>ab50cd33-615a-46b6-aecd-d119547833ce</Message>
          <Message>5f89cf8d-8420-434f-9282-b9e8fbee0585</Message>
          <Message>caada72c-ac99-45d6-8932-97578bb7a0b6</Message>
          <Message>e85e7a0e-ffad-4d0f-a7b3-19508ffd6503</Message>
          <Message>f64a294f-01c3-4b0b-b4d6-7dfd55798b7d</Message>
          <Message>bfe14a08-97df-43d6-9046-62b33411256c</Message>
          <Message>e39de681-30d6-4450-8dc1-38a7dee31285</Message>
          <Message>40d3de54-84e5-4aa7-ace2-3351b5d58df6</Message>
          <Message>c057577c-428c-4adb-800a-47ddac8c4ab0</Message>
          <Message>41502788-8d8c-48df-a53c-761f50c0d638</Message>
          <Message>68bff6b2-2e29-41db-a6de-bc970438d5b6</Message>
          <Message>131cb610-6fee-40a4-9e85-3ed21c1d3e0c</Message>
          <Message>b61fb7d7-4efd-4e8b-99a4-88215da4f66c</Message>
          <Message>a43fa284-c54a-4218-9408-620276d1283e</Message>
          <Message>602201d8-5d62-494e-9b31-b5b0be4b9354</Message>
          <Message>136f7b83-c29e-4224-8a4c-7b3d7cb2c1c6</Message>
          <Message>6073f0fb-538a-45f7-b4c0-a4b7f7ddfd1b</Message>
          <Message>89d09280-3aba-432d-9f18-0b5f89347795</Message>
          <Message>3c98182c-724d-4b5f-b9cd-6bd926aec175</Message>
          <Message>9628593f-ec33-477a-bbd0-ff770f8003a2</Message>
          <Message>8153629f-2476-43a3-a4d1-7b82e722d6c3</Message>
          <Message>964db085-9e6b-4ce3-a21b-4cbe949fed69</Message>
          <Message>c96a0744-bd79-465b-886d-91f1e483c918</Message>
          <Message>bf0a8089-8ff0-4779-ab57-06203294223f</Message>
          <Message>1d768c39-ae0a-4f9d-bebd-7cc7e95f152c</Message>
          <Message>8550f951-9505-44fb-a4d4-078c0aa412b3</Message>
          <Message>61e91d14-432f-4848-8cc2-9408f9c02d64</Message>
          <Message>6fdf756d-0580-4735-96c7-2ffeb1250c68</Message>
          <Message>240fc24d-f759-4efb-8200-0c739db54647</Message>
          <Message>733aa2c6-b8a8-4872-b701-ea8c450606c1</Message>
          <Message>d7dd4832-6361-4822-8709-32f4829bb855</Message>
          <Message>dc5ce79a-3142-4af4-be8c-76de23be86a2</Message>
          <Message>99a7642d-f8fd-4635-a551-9664fb6d868d</Message>
          <Message>2a7e4d0e-46c9-42c3-abf8-2f1810ea30a3</Message>
          <Message>fdc1d8ac-37ff-444e-8778-b702496036a6</Message>
          <Message>88583bfd-3669-4300-aeeb-6790a2f53957</Message>
          <Message>aae3ec54-1045-44d6-a998-e2beaf4c01a6</Message>
          <Message>f67d2322-ee68-47c9-8c92-9fefb2106c6e</Message>
          <Message>208bd23e-6490-4e18-b576-63a70805b83f</Message>
          <Message>6fe24c41-3491-45ee-9ae3-417e95b1908d</Message>
          <Message>44f49be4-1aa1-4410-9e03-2f8303a2f9cc</Message>
          <Message>1f39b44e-4726-4386-a890-84ab72d83367</Message>
          <Message>6b697da4-342d-4690-b3ea-ef0fb03b84ca</Message>
          <Message>b96935f2-23dc-46c0-923d-1923e8700f0b</Message>
          <Message>917a0e77-04c6-4afd-a37b-558a665c7389</Message>
          <Message>b76f0cd5-ba5b-430f-90ce-98ed5e64b4f1</Message>
          <Message>1c9c6dcb-9d92-4335-a0b4-7f4d5bebd385</Message>
          <Message>6c67dc16-938b-42da-b52d-ceafb757ed23</Message>
          <Message>c966c2c5-93a9-4ec6-8180-d0d0e5488c99</Message>
          <Message>b3b46870-3990-42b2-86b5-44e3c550c2ad</Message>
          <Message>6366bc44-07cb-47f2-a440-43e85d4362e9</Message>
          <Message>712c699e-2538-446e-a9c1-9c8c35291897</Message>
          <Message>2153a771-1acf-4ecf-a33e-cbe21e1c3f0a</Message>
          <Message>3b330683-d481-4347-a2e5-7235991e6b30</Message>
          <Message>c3f61554-3656-4bf8-8af7-36931f840140</Message>
          <Message>a3270bae-4c0c-48e2-9840-309e3008dba8</Message>
          <Message>65ef5d4d-cbe0-47ba-9947-3536431a14e9</Message>
          <Message>c1558144-a07d-47f7-957e-14ee6a10c2b8</Message>
          <Message>a0f726cf-65cd-4f9e-bf89-929ac2a70f63</Message>
          <Message>f4de0864-2370-4955-8e41-69a5e1b82880</Message>
          <Message>d674569b-27b5-43a0-a521-2fa6e5176363</Message>
          <Message>ae454a4d-afff-4492-8874-47b3fda2245f</Message>
          <Message>91ead16e-a9b2-4646-a6db-b9ea940f8627</Message>
          <Message>a333cda7-0d44-48b5-b70e-fb66c48efc6c</Message>
          <Message>f2a92769-91f7-4a79-a95f-08f7c4218d09</Message>
          <Message>473d7772-45a4-4022-a5dc-ef9c8447a537</Message>
          <Message>6f122a24-9297-4559-a3c5-0870bf56a881</Message>
          <Message>de64160c-700f-40e2-8aaa-4750d756d4ff</Message>
          <Message>86e2a833-d9d9-4651-af33-382a1b4f1870</Message>
          <Message>e154f55d-6c7e-41b6-ac71-471c55893a26</Message>
          <Message>db22457e-23c3-4825-a81c-90c5bdb8807b</Message>
          <Message>c862c8f5-4e2d-4678-9997-f225421f504c</Message>
          <Message>842c7aaa-9b79-47ca-9e97-8003e3d7427d</Message>
          <Message>fb592388-ef21-474e-97d2-45e93afe26ab</Message>
          <Message>5386d31c-93ca-443f-9569-3550aed147dd</Message>
          <Message>ba025e11-eb6d-4176-bc37-a6115f6f5602</Message>
          <Message>63be1db2-ae17-4c1f-a87c-ddafea082001</Message>
          <Message>44ba07ff-0b41-45d7-8295-704897d50491</Message>
          <Message>dfdc06ae-2c7b-4792-81c2-124e84d122b6</Message>
          <Message>9b59c343-2361-4bba-ba4a-4afeb47ab465</Message>
          <Message>cb7fc6dc-a626-4482-8d81-dbae6c1c723e</Message>
          <Message>c82face7-0023-4aee-916a-5eb6ec6c87da</Message>
          <Message>47a30330-28ba-4471-b2de-7d3ab928c501</Message>
          <Message>3e53b299-a9a1-4353-a482-9c2dbefe400b</Message>
          <Message>8a604c5d-90fa-4226-b560-d6f0b8374a71</Message>
          <Message>8acd0083-22de-4cb7-9788-de63789cb06b</Message>
          <Message>ba9149fe-3cf4-49fc-9611-12dac984d2df</Message>
          <Message>e62f6676-41bb-4e7f-b6a2-8abf001419a3</Message>
          <Message>51bad122-754f-4d18-a07c-c80c345c443f</Message>
          <Message>bdb4e15e-bc51-4d74-b1b3-b32d31539de8</Message>
          <Message>e5a1ca0c-bf74-4002-b291-c1ba01b57985</Message>
          <Message>36a2ff13-01ba-4c6a-bf15-0309deba552a</Message>
          <Message>42f5b039-0f06-4733-b397-9a03145a63c2</Message>
          <Message>b870b79d-24d9-4754-9394-c1c7cb13cf7b</Message>
          <Message>b765419a-79ec-43d4-bc38-b3eb57c9f10c</Message>
          <Message>586dfee3-5c8f-440d-b2c3-54b64dc739d4</Message>
          <Message>2b92db29-bf84-495e-b56e-c707ee1ce05c</Message>
          <Message>21509716-031c-4d96-a027-fdcad73f130e</Message>
          <Message>be205d57-b52e-48d9-9a1b-568e1c04cee2</Message>
          <Message>ac156b2f-9237-45ba-80a7-a8343c111ff8</Message>
          <Message>db164da7-eb52-4f39-8a6a-88f3f37db431</Message>
          <Message>2de90b5a-b157-4d72-b046-b9a05a3891a5</Message>
          <Message>7c74538a-4ad3-4625-b057-c875cf77cfa9</Message>
          <Message>5ff7f654-2e9a-4204-9de3-b3bb1af9cee0</Message>
          <Message>77ae249e-1f6e-484f-ab24-321d110b7147</Message>
          <Message>784962d1-5de3-4eed-94bf-853863eeb29c</Message>
          <Message>943be53a-0d53-42b3-b687-193964986d10</Message>
          <Message>7aa67ba9-072a-4449-920e-9013c0f37da7</Message>
          <Message>b5987577-c477-4839-b5a6-a916c2ee3a21</Message>
          <Message>f1be2571-35ae-4223-b07c-b2b2e32f4330</Message>
          <Message>64fe1e0f-a672-45ef-92a4-df2da5fa2029</Message>
          <Message>8e591b59-941c-447b-99b8-c30fbea1783b</Message>
          <Message>8b0895c7-fc48-42a2-8330-f65b8787dce6</Message>
          <Message>c9253259-a1ee-4f24-84e2-b7f6e10f4c56</Message>
          <Message>d6c4a410-73a0-4b11-af39-8ede4575aefe</Message>
          <Message>9e645fe2-caad-48a3-9c8b-940d2a4d2926</Message>
          <Message>b313e60a-b9fa-4594-9db4-ac660fe15481</Message>
          <Message>8ae00d74-f917-473d-93e5-1a6a1818da6b</Message>
          <Message>e0e701bb-9552-490e-b0f8-9d11de9fb0c1</Message>
          <Message>f6509fd3-63a1-42d2-abe8-80daa69d1bc7</Message>
          <Message>76d667f7-ee18-457d-a221-18eccbf552bb</Message>
          <Message>cc325de1-3620-423c-afe6-0535ce8c463c</Message>
          <Message>294840da-6456-4dc8-851d-2ce53a166f72</Message>
          <Message>c6783e5b-b2e5-401b-833e-43033fa67168</Message>
          <Message>16f82813-8830-474d-85e3-8abd9fc5b720</Message>
          <Message>7aded854-d03d-480c-92e4-88616bca637e</Message>
          <Message>278f8da6-f598-4c56-9b45-fd74ed4ae1e9</Message>
          <Message>23e77c7a-a381-4c23-bdce-f14eecf2cea9</Message>
          <Message>139f3028-9053-4ba8-9357-7392c3d939f6</Message>
          <Message>2733f1df-e212-471f-b0d8-9f3d657a4c56</Message>
          <Message>5675db1f-a211-4187-8f52-2f2ecaad56c8</Message>
          <Message>9ed9f19c-098f-45b2-99aa-bda933c3c3dd</Message>
          <Message>e593242e-cdc6-4d1f-882f-522848fa032c</Message>
          <Message>0864f092-d4c0-4688-9e30-a9e0cda0669d</Message>
          <Message>d4bd9e0d-f03c-4f8b-bcee-0ae07caa7710</Message>
          <Message>30867586-fd4a-4147-bfc8-3299ae21fe04</Message>
          <Message>54d082d9-99bd-4c0f-8cad-11d23afbef58</Message>
          <Message>e40780b5-617c-4eaf-85e9-4a8e36686203</Message>
          <Message>516cf2e7-650d-4cca-856a-ce02af559457</Message>
          <Message>2af97128-c951-4670-9594-705689cbd6d2</Message>
          <Message>8f5d90e4-3bb4-435a-98ad-5bb94e31b01f</Message>
          <Message>4c07dd62-1ce1-4e0c-aa08-5c0f04bf9701</Message>
          <Message>bb07a518-6904-4f11-98d0-17d26fdcffd0</Message>
          <Message>e1daf993-8505-4b2f-aec7-b796517aea71</Message>
          <Message>35003089-8ed1-455c-a881-6dbd514a6604</Message>
          <Message>18b03b6b-e3dd-4f0d-93f0-a21eaf0ab427</Message>
          <Message>10457b3d-ebd4-43d2-8d9c-32d04d7efa6e</Message>
          <Message>9b63a060-2397-4906-a22a-b15fb54a4d19</Message>
          <Message>fc2fbe8d-0483-4ac7-9648-076ce63ca239</Message>
          <Message>060cfb80-e9e2-449f-89b2-cfb4a6404ae9</Message>
          <Message>820cf315-b8da-400a-9f67-ae07fd05c823</Message>
          <Message>10852c20-d81e-4ee3-8718-07be5dd3035c</Message>
          <Message>9b0b58c0-1c6e-4f50-9d2f-a60bfb4d287d</Message>
          <Message>e50b38d6-a43a-4835-a371-8814edfef7ea</Message>
          <Message>9c909290-0ff0-4a73-b31b-564160528cbc</Message>
          <Message>76072c17-e9e3-46eb-b2dc-af651afda4a5</Message>
          <Message>1a2cfcb3-fcc8-4dfb-8386-c1abd78e3e98</Message>
          <Message>1cb3cab5-d000-4fc1-a22e-2a0097b2e5fb</Message>
          <Message>dcd18e59-b500-4380-a12d-d3068e60d39b</Message>
          <Message>40ceca1a-92d5-4805-b43a-dc2a1d568eb8</Message>
          <Message>13229c36-e054-49f2-a25c-446976c0ebd4</Message>
          <Message>82ab3449-a306-4cb7-b6f6-b23bbdd46090</Message>
          <Message>a30ee087-be80-4e2f-9ae5-e17c2c1fa60b</Message>
          <Message>928857b5-69b9-4430-af89-10257c9164a6</Message>
          <Message>73150a41-2f86-472b-b581-5279d02792ff</Message>
          <Message>6202e346-cb13-48e9-ac28-6335b792412a</Message>
          <Message>b451b2fd-1c2b-4e72-bef8-3329c7f3e8e3</Message>
          <Message>e172d457-7a86-4039-ab8b-5c42abe12088</Message>
          <Message>b4f9e3fb-7e3f-4028-b1a3-fa5955b89227</Message>
          <Message>8cae0497-08de-421b-b8b2-0903159a8322</Message>
          <Message>041fd859-75a9-4436-a938-165e9003f890</Message>
          <Message>ddf19f00-16c3-4c8e-9632-083f0d76d3aa</Message>
          <Message>b91d5730-3aba-4e85-86b3-f1cd3865cd95</Message>
          <Message>8f1f26c4-6b3a-4d6d-80ae-466c0d042d89</Message>
          <Message>50e4c8a5-44dc-4254-9401-5a062dd84a05</Message>
          <Message>d220e983-caca-4394-8136-a2b3955069f5</Message>
          <Message>50df527b-9a1b-45fa-bb49-dcddccdc1a0d</Message>
          <Message>70705108-16ac-4514-8502-43d27acc25e3</Message>
          <Message>d84e4428-a5ee-4512-b425-4016ca084eb1</Message>
          <Message>e290b5be-27cd-4f55-8644-e035b4586c7c</Message>
          <Message>962ad718-21bb-4ffd-b1c8-8b00a775ee85</Message>
          <Message>60780990-1357-4b0e-8c11-f44ff87ec0cc</Message>
          <Message>ecce736a-6ab7-466b-9956-28e1615291fd</Message>
          <Message>0cc7a4fc-fa4e-46c2-9b5f-b957d778b69f</Message>
          <Message>cb079b34-7941-40ca-ab46-f30f0be009a3</Message>
          <Message>bd6131ba-b11f-4eea-b1f6-dc579c9b0e0a</Message>
          <Message>4f5a487c-8b33-4af4-8297-56f7a8da8bfa</Message>
          <Message>0fb1dba3-ff59-4b9c-8171-0749b8542a12</Message>
          <Message>008d75ac-36dd-46ad-b2f3-354d915751cf</Message>
          <Message>67dcf540-8b57-4678-9d9a-ea62acc2f407</Message>
          <Message>16884ccf-4680-4819-ba9e-074719ab0c61</Message>
          <Message>4ac56e52-9e2c-4faa-aefc-71c66907eeb3</Message>
          <Message>1fcadb18-c030-48b7-aaab-475bd6b2e6ce</Message>
          <Message>a75c69c6-d9de-4cac-91a6-4feef2c45a48</Message>
          <Message>15c04e9c-204d-4c08-86af-e9bf2b09b8d1</Message>
          <Message>43ee1c61-f6f4-4fcc-ac0c-bb9c53d0823f</Message>
          <Message>60ea353d-9c3d-4958-9bce-63a8265eac05</Message>
          <Message>2f39182d-f1c1-4339-8d0c-d97b6bc3f8e2</Message>
          <Message>86522f28-4b03-4e87-8082-7022b498d59c</Message>
          <Message>48f10b35-a983-4a3e-9a4a-5dbee15419ee</Message>
          <Message>be495d55-3c21-4822-9153-ca6984a3ac25</Message>
          <Message>8488a60a-140e-4faa-9b16-c0066b0c5ca9</Message>
          <Message>d550f1c9-a6d1-4eb9-8d32-37fef2142f97</Message>
          <Message>d31fd667-aa3d-428d-b7dd-72853828e0fb</Message>
          <Message>7197ef86-b030-49da-b6c7-f8b4f6039aec</Message>
          <Message>1c5466a5-12d6-4033-ba23-1b084e92eae3</Message>
          <Message>bc747a44-3d5b-4c59-84d9-37d22e413589</Message>
          <Message>7969bd6f-2d1c-462c-83f9-3cb7f4e801bb</Message>
          <Message>7535385f-0580-4c91-b540-dab5011814f7</Message>
          <Message>c8646940-788f-4526-8b80-70c7d6bd7b6c</Message>
          <Message>e3bf695f-8734-47f7-b76b-a13aa121b7c7</Message>
          <Message>2a1959f1-6508-4a3e-ab4d-a1c59a7bc0bc</Message>
          <Message>aedebd8a-f3a4-4e2e-b2b9-755171eb9140</Message>
          <Message>f283769f-718e-40fc-825e-0bc394a64632</Message>
          <Message>6d4c9b7e-0f11-40a3-a95d-c2d0b6a729e8</Message>
          <Message>0141d415-722f-4d0c-95de-e9c386a42ff1</Message>
          <Message>04cdb2ab-c975-4fcb-8618-f7e2f362951b</Message>
          <Message>e6f901c0-8a83-4abf-8885-3a4f58342779</Message>
          <Message>45b1b944-3178-4370-8315-91d631bb96c7</Message>
          <Message>b5e2b956-5885-48a2-8ec3-17e326446cab</Message>
          <Message>75cbc831-e2b0-43e6-a555-71874c248558</Message>
          <Message>ab8dc9c2-fd82-45f2-bf17-db1f1f5b1e8b</Message>
          <Message>f49db6d3-3d35-4899-a01b-b2465b0597d3</Message>
          <Message>8deba323-1245-4b96-a4d2-3e069cb22ea5</Message>
          <Message>96fc8b0a-e526-4970-98ff-b65026cf2079</Message>
          <Message>a983b450-aeb2-49c1-b488-4dd338e2ede0</Message>
          <Message>581c5bc3-b4b1-47a8-a50b-2b66b0d9ac42</Message>
          <Message>bfe694f1-9290-4dd2-9cf6-e3578ab1668e</Message>
          <Message>ff5a8f0b-a476-4f10-bceb-6a40c9e69c1b</Message>
          <Message>ae61e4f9-65d6-4755-9274-90a7a1732521</Message>
          <Message>176ff5c5-076b-4625-a0bd-3898f8ca8070</Message>
          <Message>fa52052d-c2e4-4a18-bcc6-72f12a1d2029</Message>
          <Message>5154422b-9832-4371-89dc-c0818ab09d27</Message>
          <Message>5feb13f5-9d40-4ebe-af43-ca0875c0d03b</Message>
          <Message>4f4e14dc-350a-41c8-a582-913bc9c4575a</Message>
          <Message>b821785c-5973-468c-9b86-10550c7b654c</Message>
          <Message>1d26c910-3561-4ae2-9b52-dfabbb9b2fd2</Message>
          <Message>7fca4e16-fe7b-4232-ae87-373ad08fae44</Message>
          <Message>5bca5f99-3dda-4ea7-a4f3-6d009a7ab754</Message>
          <Message>11215b5d-b9f4-4d36-81ed-6d715cf9656f</Message>
          <Message>4951cf33-8adf-4475-ae69-2ac7eb3bc271</Message>
          <Message>84e6c4d1-ce54-4f02-bf98-908fb7eaba05</Message>
          <Message>046ecb00-d9c9-4fb0-8769-29a708f4c239</Message>
          <Message>69e22008-df51-406f-866a-26579dbc6677</Message>
          <Message>3f085cb2-820f-4ec8-b079-873a0330423a</Message>
          <Message>5b0d6195-404c-4918-a527-3392ec226cca</Message>
          <Message>bf05bb5b-fa53-4179-a500-07349ac5164b</Message>
          <Message>d9a9d3b4-9dfd-4be9-94b6-88eb77e0aecd</Message>
          <Message>5dc2871a-b4bb-4afa-ad24-367535ac18c2</Message>
          <Message>a1d6df46-cdac-42ac-a2ea-7dd66dda24fa</Message>
          <Message>38c2c683-8a7f-417b-af56-e8c652266f3b</Message>
          <Message>1d97d64c-dee2-4764-9799-736c694d08b2</Message>
          <Message>14dd284b-86bc-4780-80e8-82be55c6b664</Message>
          <Message>ff6476f0-5131-4923-a7f8-881d079bdefb</Message>
          <Message>647d569d-6fb2-4555-a0f7-27461c58abdd</Message>
          <Message>bc39eec7-01e1-43eb-8454-d0a805f6c26d</Message>
          <Message>2969f930-0b22-4cd8-9828-48b4e03e0a43</Message>
          <Message>e6e45993-d6b7-4e26-bfa9-446e198feba8</Message>
          <Message>07a34986-e3d4-4bcb-9b85-ba7aba51c1b5</Message>
          <Message>2f4cf918-c3d1-4671-846a-8912eb6557e7</Message>
          <Message>211b5c5f-c80c-4fb8-9544-8e8171431adc</Message>
          <Message>92ec9aa0-6cad-41d5-8569-5b366ddcae06</Message>
          <Message>ec505490-e38d-4118-99ac-ea25a9412026</Message>
          <Message>7d768b20-313e-492c-a3a7-f2f4837a2eee</Message>
          <Message>6da49444-8b2b-470c-aabb-1153d065f7c5</Message>
          <Message>c5313f9f-bf48-4597-afda-3a49a89470b0</Message>
          <Message>274b9705-dab5-498e-882f-a06ce694bf1b</Message>
          <Message>b6df6975-93d4-4c2d-85ae-2d8a7bb518e9</Message>
          <Message>d45bd655-939c-40e8-be0d-27311a6f6a65</Message>
          <Message>f48cf442-e071-4fcb-aae1-aa1653729d3d</Message>
          <Message>d94c6b90-d2da-4bea-8987-e609924b118a</Message>
          <Message>52d9e21c-2ac6-4168-b649-f0471e8aefe2</Message>
          <Message>1e16f043-893d-42d1-948f-edf119ee7106</Message>
          <Message>00f7d713-261a-40a8-b3ae-ce4c3d2bfb3f</Message>
          <Message>b4ac631a-976c-4787-baef-94009c476f80</Message>
          <Message>e68d2ba2-b9ed-4de1-a69c-3015ec79d0d4</Message>
          <Message>b7dfa149-0ca1-4ed1-a178-44b529e4329e</Message>
          <Message>e2b03a94-f1c3-4f4e-a9d3-eb73fa350554</Message>
          <Message>dc072fef-f752-43eb-84b3-e160a212733c</Message>
          <Message>2682fdc1-d5ad-49a5-9b8b-9ffdd3821df6</Message>
          <Message>08bbf637-adee-43c8-9d67-81dd0afce494</Message>
          <Message>0e6260df-5909-455e-b742-5496a6a1b6bd</Message>
          <Message>82dd7eb0-13fa-490e-ae69-18e95f326be2</Message>
          <Message>b70d9b4d-3142-4a52-bece-eb77781c44d2</Message>
          <Message>97f196d4-3bac-49e6-b32f-80b926a47f66</Message>
          <Message>bce3f0bd-81d2-43fb-9080-0fd5884e15cd</Message>
          <Message>8835bcab-a990-454f-bad3-6f4e8bcbf58d</Message>
          <Message>c8ca2261-a9bf-48d8-8b4e-bac317f72686</Message>
          <Message>2524cb7b-e449-45d1-8718-bab18a7ea3c1</Message>
          <Message>35578cbf-fef2-4323-a045-ae987bb5b7e8</Message>
          <Message>c952f407-638b-4053-854a-7a95aa54c3ce</Message>
          <Message>5378f941-1ca6-417d-abc4-6fb5d8ee44b8</Message>
          <Message>87f0aa56-c5b1-46ea-9f31-1cdfdfb031f4</Message>
          <Message>f6a48512-bb0c-41de-8f9b-e794c30efa3b</Message>
          <Message>541a37d4-063e-40ad-a36f-33df6513c716</Message>
          <Message>6f25c5af-1b1a-466e-815a-0c37ccfc3df2</Message>
          <Message>215c0f2c-8f77-4889-bf5b-2abf593e962c</Message>
          <Message>c1dc48b1-1ccc-43fa-b53e-f66cef0c0e94</Message>
          <Message>b89e4379-bba6-4206-a987-62d526744482</Message>
          <Message>426c1257-da1d-458d-af79-9d5de1a15555</Message>
          <Message>eba54efd-d18c-43be-8b24-b8d3845d1427</Message>
          <Message>9152ecba-0ee6-4b44-8969-575659d224d9</Message>
          <Message>c878f6dc-3aad-4b95-934c-e0a15ffba110</Message>
          <Message>6160f7f8-c9b3-4819-b159-07c7773c8a1d</Message>
          <Message>60775469-4d6a-4517-8209-f3263e14a994</Message>
          <Message>65525f62-04ef-42a6-a162-aea706bcb59b</Message>
          <Message>7448be8e-0110-48b1-9fff-65376415763a</Message>
          <Message>10bae40c-261a-4657-b9c9-8cf9b179f9a1</Message>
          <Message>944851f5-7e4b-40e0-9725-7c2dbf94f228</Message>
          <Message>a77a9673-3ff9-4438-a977-d145a7467905</Message>
          <Message>90b53e18-cae9-4eb7-a539-b6e651d7e735</Message>
          <Message>d124c06c-7b26-4f28-8f6e-8b4bf5fb3de4</Message>
          <Message>f6b8f489-d63a-48ee-bca1-879e48b6543a</Message>
          <Message>6b9974ed-d1b1-473e-b0a2-47a01ecb0b09</Message>
          <Message>130a1556-2435-4b59-9644-3d5aa9ec714c</Message>
          <Message>1e61f768-cfed-49c5-9883-93c72ca9cb05</Message>
          <Message>6fcc4ca7-03ed-4d98-b8d0-9baf0c86d59c</Message>
          <Message>f50b3fee-8ce8-4840-a6cc-ae4443973e15</Message>
          <Message>fc96b657-48b2-45a0-b36b-73365279bad1</Message>
          <Message>b2dae939-d35a-49ab-a530-73f9eeb6cc9d</Message>
          <Message>5f895f2b-10f0-4e89-9685-d0039f5aa42a</Message>
          <Message>04216da2-7b0c-4d51-b124-0f5b0a6fcde7</Message>
          <Message>8dec6cc1-66e9-4638-b316-d86ecaf7eaa9</Message>
          <Message>2404e425-388b-4df7-915b-e041b4509b22</Message>
          <Message>f7746b71-0c9d-475d-91c7-9f540fc07196</Message>
          <Message>8aa33f10-6d58-46d6-b444-5609629a49e8</Message>
          <Message>0fb99be5-8430-432a-a952-3c380d254969</Message>
          <Message>db3c35b2-2e64-403d-b3a9-c7df74b9445d</Message>
          <Message>ad0d1854-b0e9-453e-8eef-2f99f46ef76e</Message>
          <Message>171b0832-09f2-467e-9891-8bfea2f5cc07</Message>
          <Message>8e030cc2-83d0-4da0-960f-b397ff155cf4</Message>
          <Message>04d59604-4fca-4e3e-bf7d-172fac872d9d</Message>
          <Message>05ecb7d9-93ee-42cf-ad2d-a24665491ad2</Message>
          <Message>10666de7-5a0a-4b62-bfa2-f028e0f43cb2</Message>
          <Message>d32807a1-4869-4009-846c-b0249295c4c5</Message>
          <Message>aeed4a42-bcf6-40a9-a52c-aa01e5292dee</Message>
          <Message>0efa2238-4b7c-4da3-a172-2532314447bb</Message>
          <Message>f3aeaf25-3590-400c-90e9-3df68dd069ba</Message>
          <Message>763223ed-b403-4906-a5f3-6c7e640b580d</Message>
          <Message>6cf5c45b-b5e9-4e68-94a0-bc200020b342</Message>
          <Message>019c94df-150a-4d47-ba4f-672e308acb14</Message>
          <Message>ad9f19db-ef0f-48c0-b82a-f2fc9a37f590</Message>
          <Message>ec85af48-0dbc-4255-9f5a-2336a28369b9</Message>
          <Message>844cc517-f1c0-4b28-a20a-b0a762a4c53d</Message>
          <Message>0dc22ca8-6694-41e6-b476-eb50c1f82fee</Message>
          <Message>a45d86cc-ffe3-4f35-9ddf-0ce0101a6da9</Message>
          <Message>9f7bbeb6-71c6-41a0-b3f5-9de4a14a5e3a</Message>
          <Message>93103037-7782-4fd7-a9bc-b6cfbf6c0581</Message>
          <Message>5a7b8e0b-0636-40f9-ac03-84eef7af3072</Message>
          <Message>aae5388e-43d2-43e6-baa1-ca4bdb04c388</Message>
          <Message>9294a6cd-6e8b-4240-be63-93f84b12dcca</Message>
          <Message>61444d4f-0ba2-48c3-95cc-d1149ab09fdb</Message>
          <Message>2f457b79-68e1-4a62-83b0-d2a9df1a8e5b</Message>
          <Message>4db2a12e-6073-40ab-a749-5205885245a8</Message>
          <Message>3764f1e2-ddac-40f5-8073-6f5bb312dd8b</Message>
          <Message>a601af1b-1275-4664-8220-1f5bd7fa20d0</Message>
          <Message>4395a9b8-1500-431b-b588-cab4b1a47b84</Message>
          <Message>ec6498d8-7aba-429a-a0d6-cb6a0e974c34</Message>
          <Message>c64403cf-a30c-4ea5-9031-4c77434d87ce</Message>
          <Message>f3f655ee-c5df-47ee-ae95-f879cbc74224</Message>
          <Message>b8f6611f-0ede-4fa1-bf4b-acaef4540abf</Message>
          <Message>f2646726-29a6-46b5-b702-e5dd7a96877e</Message>
          <Message>bc87f326-5dc0-4c07-80cc-3b1effd3f76e</Message>
          <Message>c1b0c122-eeb4-469e-b8f2-7ef17f0b7793</Message>
          <Message>f1449859-870f-4606-83a7-fe21749aa449</Message>
          <Message>24c91406-b6bc-47c8-ab6a-e6a3389e7d68</Message>
          <Message>ff52bb28-d8ec-44ba-9794-b3b3dab59ccf</Message>
          <Message>14df203c-797e-4614-896b-81da10d5db1b</Message>
          <Message>a16a0215-3b97-444f-a4cc-e2fbd4e34ed3</Message>
          <Message>bf98c554-f9d9-4551-ac85-a6bed5c3518e</Message>
          <Message>76ef04a5-0db6-4050-8fec-255c316b5685</Message>
          <Message>a5fd963c-8684-44c5-af73-21ba4fcdb102</Message>
          <Message>97ca415c-3f05-4a7b-8388-a2d39cebf2b8</Message>
          <Message>f0792144-9391-4e58-9ca6-c90f54f25a6c</Message>
          <Message>0466b75d-e583-4aa1-916b-12b7cce16278</Message>
          <Message>c642b19f-d44c-4fc8-8d4f-4f45542de0b3</Message>
          <Message>7390012f-963d-4a90-8b45-9cffe8483956</Message>
          <Message>e25ab986-41c9-49d7-9e2e-f134e7959331</Message>
          <Message>e1ae69b5-132b-4fc3-bfe4-e6f2a18cb869</Message>
          <Message>2d6f5099-0c52-4ee8-9f15-b5529ccad48b</Message>
          <Message>4b47efc9-4cd4-43c3-9f9d-1b6a25c98b7f</Message>
          <Message>daf9e819-eae8-4ea3-9bec-58303594eda8</Message>
          <Message>7ad2f360-3b13-4135-941a-01f60a6fa2bd</Message>
          <Message>d06d223e-abe3-40f1-8fbe-906d3ef59b4d</Message>
          <Message>51de1e59-cc35-4bd9-941b-a7bcfc1e7ebc</Message>
          <Message>da31d942-35e1-486d-bb21-3b51380c2d76</Message>
          <Message>9e489289-07a2-49d3-968a-6bc1dbd7e250</Message>
          <Message>baec8f99-0f94-4fc3-8384-ea52b8b8e09a</Message>
          <Message>0f02b856-fcfb-4dd2-b88b-52db66aa5bc5</Message>
          <Message>41b815a1-173b-4e7d-bf1d-4857450522b8</Message>
          <Message>e2c91ebf-9ffd-4ec7-b92c-ffbd9fc27ce9</Message>
          <Message>db5cabe6-a075-46ed-bd78-b17dbe1dfead</Message>
          <Message>c34c8106-4e15-481f-b1be-a0ec155188bb</Message>
          <Message>57606d13-664d-4de5-9cdb-c3629d51fb75</Message>
          <Message>899adeb3-af5b-4718-9b05-ab704a653cd8</Message>
          <Message>db0107d2-2be4-4c20-877d-4e360bc4248b</Message>
          <Message>a843dce6-bded-4e97-a0ee-6803205e0589</Message>
          <Message>af6b961c-0a03-45b1-9b87-50c20afb392f</Message>
          <Message>6c1acdbd-40c9-4aab-b6b3-c4b7b42cafdb</Message>
          <Message>1a16c166-bc4c-4014-9a8e-115bbf4d6d99</Message>
          <Message>c41a222c-8c02-4716-a78b-9f977c0f3fb5</Message>
          <Message>b61e765e-340f-47fc-b7ff-266910c3bf09</Message>
          <Message>47e60d42-01cd-473d-80bc-4a818db8b892</Message>
          <Message>01029ac9-ac92-4565-9a21-72c31d51a5a1</Message>
          <Message>549aae31-0786-4df8-ac65-2324658e0f26</Message>
          <Message>6e11c821-3762-4874-8ae5-6027f83e06c4</Message>
          <Message>b2f8b3ab-6eb3-4dea-a4d8-3eaa031c80b3</Message>
          <Message>e04f7665-34ab-44ff-9ec1-5203d4930e1d</Message>
          <Message>115f8d5b-d16c-4b30-9af7-1c3b48d2db26</Message>
          <Message>e0402122-39e2-468c-b50e-a217e08849e1</Message>
          <Message>89143956-b3ac-42e6-aa3a-947bcf1b501a</Message>
          <Message>70859a91-031b-45fc-a3fc-45e6e4cdeae1</Message>
          <Message>1621f036-d9ed-4e1d-a9ac-73d137d3cffb</Message>
          <Message>7648ee43-ea19-46bc-aa30-926506003cee</Message>
          <Message>276ae34f-9509-4ce4-a02c-01017c1fbf17</Message>
          <Message>9e46cc2a-54bc-45b1-99ca-d37e042d961f</Message>
          <Message>d5f0aa9c-e92b-4985-b43f-1f3808db0c8f</Message>
          <Message>ec3efef1-0bc7-4024-ac56-5da4927e5f76</Message>
          <Message>eb963c25-b0cd-493a-9a04-0c4bcde3e8b1</Message>
          <Message>f4619b7a-4cb0-4411-937a-0b20fc660de0</Message>
          <Message>7ddd3c9e-72e9-408b-86f0-611481de75d2</Message>
          <Message>a6218eb0-4233-4de0-a39d-4657d1aef1d7</Message>
          <Message>43c47907-05dc-4558-946b-5895cb749ef3</Message>
          <Message>ff29414e-a14a-4fd0-8143-a55513227287</Message>
          <Message>c5d72430-035b-495c-9bd6-14722b304ae6</Message>
          <Message>522cf088-5df7-49e3-ab4d-a1ff65d1b8c4</Message>
          <Message>a031644d-1557-4061-aeb3-f54c2aa6305b</Message>
          <Message>71e25494-6993-4994-9115-e214a19dfb6d</Message>
          <Message>acfda8b8-048e-40c8-b17a-f369d901a6d2</Message>
          <Message>a80dd531-cbfa-41e3-a871-6eb9382fe4f0</Message>
          <Message>0bb19639-e9cc-4c9f-a676-e080b59f0d86</Message>
          <Message>f36876e5-e96e-4584-89fe-f071975fcc19</Message>
          <Message>f4840dad-fc11-474d-9844-2ab68f6a345a</Message>
          <Message>a8f4b104-4493-4f58-b386-afab51272a79</Message>
          <Message>9d3301b4-308e-472f-b172-e0f63cd6b742</Message>
          <Message>4e9f996a-2bd2-4594-94f4-3b70a130c362</Message>
          <Message>f7febbfd-9d81-4a73-a0ea-71cf26d7c3fa</Message>
          <Message>74dc9699-6fd9-4076-a4a0-374658cb9fcb</Message>
          <Message>182ffd66-ab5c-4660-802d-a0fde3dfe6cd</Message>
          <Message>79cc2496-bc35-4e64-b9ae-d6da4f4d51f9</Message>
          <Message>c7e744df-c4cb-4d25-92f9-52ccb06afe07</Message>
          <Message>58295576-28f8-43ec-8f74-fe800cdd32c5</Message>
          <Message>c48cef29-9866-428b-b2c3-46b6896b73c2</Message>
          <Message>34a8356f-fd97-43d7-b2b4-3b7de3f0144e</Message>
        </TextMessages>
      </Output>
    </UnitTestResult>
  </Results>
</TestRun>